1000
-6.610427181086999
7.403178458010867
-3.4012868735621846
-7.466807382574364
8.3799247778734
14.235652924730282
-7.779169761367044
0.08497796958882298
4.839989420102973
13.598774294627393
3.7715957518736856
3.855582926737213
11.179521698873724
-11.123583275846196
-10.661591539907445
-9.25260649637553
8.719571206885922
-12.884923902733636
8.551543201599479
-1.1296259177953687
-18.017936035354445
1.8207570174277565
-4.106332668863536
0.5572056803704337
20.115288649177014
-14.13379581224739
17.641484709425892
-17.19283804251528
7.779788225184965
-4.101311182146974
5.694132796224432
-4.735204375555043
-13.286275989089134
1.8742587681533829
-7.347712202431626
-0.21283253643106204
-10.544636654169375
-8.149248799588765
-5.126343881058603
1.435626750201311
-3.6324964265025392
28.164980842393277
-14.870560966059267
8.659385581164504
-6.8819559338948775
-9.128200058494265
-14.534596075521954
-3.150689630430941
-0.6314319356030638
16.783348773386695
-2.938240269404835
-9.828365094721544
20.39714245700226
8.31415752020283
-19.40562940959359
-10.434573131608953
-16.34606069457886
13.875348474282108
1.3726695003309088
11.669095078930761
6.62664729235111
-1.9008527500482
-3.775227236508232
6.0065991551380336
2.643765932428029
6.657803114078618
-10.214934281111274
2.001206823519793
14.735045725823246
-23.682861697120924
-7.04521089874939
9.297565856231337
12.363398569965073
-2.4158576731941697
9.175827332153263
-12.91935438161966
-10.942009639031614
8.926530896788952
15.597425997213852
7.136955879351937
-3.7455342540963414
-22.092232738533166
-17.24061878705124
5.2862315805907025
0.6732518369484839
13.682213786133342
-4.757702643015639
-5.707026126479537
-6.5336635859345344
6.232224897037567
-12.122376453415626
-0.2708437910542849
4.520302705698939
7.8330664450412195
-9.601655444394469
-6.340551733164624
-17.504168292687105
8.600160614436884
-2.9485746013981373
-13.615261937236504
10.879719195233497
-7.919312934838332
4.843241617252174
13.718580072352156
1.6491696574831558
-10.733073980683123
-9.888518523123476
0.8946143917708298
3.8877343447512285
21.175533888925795
-3.4340333254739113
5.667714205821167
3.2102268727072185
-15.683187901596073
-19.266590762174072
-16.414108982806628
-9.047323537633046
2.425028509284817
-2.6173069024810696
0.9932571096674725
-1.1034377615879134
-0.10742420678314524
5.583005472795219
-6.757684189458104
-5.7342408678130905
-9.880135172112773
-8.4533903028437
-18.181501749363996
3.56729922979485
6.185434749631167
-12.716202285396344
18.270682570394573
-4.00918247286528
-6.968554960642113
-9.547733519088617
4.196695589918157
-3.707638871879736
7.5010356782517675
-19.7676164542888
-10.76155084599225
6.978133481392044
3.9710869355816216
9.084874518418166
-7.680284082172137
1.4753620198979884
4.906203934295381
-11.374311410535286
-11.399088353900918
25.604801931775594
12.367894768799689
-6.418074864785053
7.2273239637099325
-0.25094538212641426
17.346248022939474
-8.682414980260003
-2.8817421931208167
5.8938038589678134
-17.1057320924
-3.6740165915929683
-4.503389180299351
-14.107014034125443
13.461144265883672
-18.200009079481354
-8.806236987216248
-18.202988287087845
11.422674236200297
5.708212068952477
-2.7166122210081696
7.680447804910324
0.27216130370395364
-1.7656444647124094
13.356361798059941
7.010498811114941
15.777090346698566
-5.152254255787268
2.1999289685750947
-10.845685103538708
-10.030745029508351
5.7489468380040885
-6.384143048737459
11.33412581176499
-21.128412612137176
15.971466873777375
2.782167939366904
5.031623274983158
5.85050886779154
9.858434348899628
-7.293847091991289
3.4206673527185933
-1.2068036227189503
-1.394052447936558
-13.406955137515421
1.7177102273683453
-5.393294962689313
6.654538172062694
-10.692548861782692
16.497483253682354
-7.1243942499463895
-8.90344931477562
10.527209596432176
11.579347436054327
-14.368581756975564
2.981179903183939
13.117675221544259
-4.551249638878561
12.025748715912215
-13.26132158110964
13.62824820359656
2.1815794577565466
8.288107406365716
-2.9734633410970943
4.897868293996119
-0.5750252403461967
9.0954447221634
13.618587073921123
-16.7140396861385
10.437343007498447
-9.46617289412288
-0.055676416134745194
14.198631433237942
3.246917604157865
-2.8084231369915504
7.1734125898921866
21.965550317951475
0.8026912988012046
3.513166711123988
1.7873583452625619
-9.73411737267983
2.447343199932205
-0.5518453063553546
-1.5815824330431447
-1.7555924900570121
-1.820386484403513
0.8478535767804263
16.215898817283687
-2.730447457964335
6.508309090114553
-9.559116818555292
-13.874134156073985
-2.81674526427379
12.755698981823954
0.8370410906116448
7.0182103166257805
-2.7653978082588457
-1.1557894515165694
1.1894408989678942
11.854216606804798
-22.979482368983472
-2.523984298681254
-11.232916312319087
-2.5529883298284157
17.468993756003435
-5.3107525684807655
5.980989573865701
5.74732046889654
13.95142964901607
4.651086522998487
-2.7025290020692334
-1.7663424704481434
0.8717565613212168
-6.6317399904455865
-10.189323838320979
-4.672435650699052
0.8830606110477558
4.984103535675395
9.208860982193048
0.03577012427846965
13.12300443284247
5.147500941501249
-5.271275401694919
-1.6915241238528316
11.950408534950322
-15.443250102018013
-7.387106172116916
0.19874276882074024
6.5141620288681485
-11.32028775537401
-8.919662767700657
-0.8751898117785174
-6.743967160653007
5.388052370936307
-5.3398193645269725
-12.553955343831987
7.984564708620924
6.571462433863826
6.528412063685703
10.253285176245734
-14.009623421574693
9.48580248132853
1.7024365885675583
-3.948671259502372
-24.444911852092876
2.722145728701774
6.520148822372583
-3.026370679899692
18.214564976060814
-18.907559220274134
-10.679686468483624
-8.49170764031074
-4.960493790204386
-3.6346624788193713
-2.806109047607161
15.107988344065092
-9.119600417741127
-8.285316955719452
-3.0272210846047187
-12.600033696907769
-22.716224016759174
-10.033951417395889
-2.990236114174774
1.3362939867297299
-3.52120649451732
7.479438560093949
3.4732144982089834
11.441511334514182
-0.7783182412294949
-2.5427046595796754
-4.836830227604388
-28.620300032972725
-12.883653403537693
-8.409256267891584
-3.3632187634062687
4.347973231216587
4.360956549053781
-14.046916600978802
-7.418289321095251
-9.57315530300592
2.939800838602536
11.965440808378293
8.704206253490886
0.8516210606995355
-12.459744691106494
-11.300676736796579
-10.26934822774989
10.570929140880498
-1.1629054662608025
2.3910447958496954
5.29665835578896
1.1668191808860136
-4.945545659589639
10.382906703471331
4.421884157531389
-13.910947504657882
-13.295363222388048
9.256531193139526
3.0323875199289274
6.53324451505196
-14.115199560055778
-1.5313734839886604
-2.8316553271982685
0.6870298594862327
-5.678032628248738
1.4056090547783413
-2.8371556950061456
-0.5673473900033088
1.5931437088617801
-17.80050369028908
13.110174939100146
-1.937794013031072
-1.9470713289413084
7.31633729613121
-22.37005899758311
13.735818332081726
-3.731293754028892
-2.0461246483551747
-12.96386372180682
9.476498048189065
-7.818414990358587
7.415377873626617
-11.561214728424554
8.224983652121468
3.843612830207775
17.583009179051185
-6.837925698043932
-4.886072026440033
-13.654961222895121
9.395154897647583
8.68812345276512
-7.441428083350101
-0.4035528287700523
-1.1259247947944684
7.052979062732233
-4.334741937274605
23.067643876087708
-7.526922782635511
5.148345123786928
19.16875551791944
-13.954383208277928
-3.2191753182022884
-16.363203024837947
-3.3345869326675572
-1.4269200535468745
0.36099483211132233
14.107896840646596
-3.9472136619011513
13.567050298171733
-1.6801676686330997
9.57288721640007
-7.767999046362933
-1.5740527578225971
-10.621571586572111
19.997766647331655
11.891294478560168
-12.701445581290947
5.385738218693375
5.997618629707601
-12.670901726565942
-9.689989057345858
0.7602122855334368
-0.469746167485078
5.126684000270792
1.957373442614663
-2.6633193033335583
6.020899639864528
2.42804024855955
-27.118242860653535
-10.147938375925719
-5.127176821615361
4.326644722178191
3.2633258514282715
6.0450331463572855
-1.9349878116480324
-12.250691543084026
14.179004864299904
-2.242918405648627
-5.965854333794636
-0.9447285643216361
-6.817045283744944
0.9223500798537081
5.123057463435741
10.518725463272988
13.589396875096103
16.442734728906405
12.228837450860501
9.299880520513202
2.1705407677984363
-1.8430293141736365
6.989135381546976
11.448244306100262
-12.107627367852544
7.93582636604474
2.739876873473942
-3.05467180911217
-10.767475989711228
-2.4597087108475093
14.622540181291166
1.0185516626244022
21.741926096890396
2.362215438990188
8.51145337515165
-7.088314274367861
-10.485411760402204
10.875656395263837
12.850605148924098
-3.9216446025628837
0.3458305826035132
-9.222185665922131
-9.521854094804393
0.11009428017541656
-23.177882029591032
-3.9225969931179456
-4.0827044523143226
21.897431284970704
0.4301188922478766
10.631363369267664
-6.955262309234335
9.488004937791615
-9.496929759433057
1.929291158242783
1.9857529155085483
8.169917062669064
1.2101229397906774
3.2797325700917277
12.50931741694722
12.7362442880749
-9.047937349069633
-1.0808920071060828
12.212983624758387
-13.069172709990738
4.4692537243076895
-5.5981893754893814
6.145449325774458
8.867643590074772
-12.021900507649073
-0.6178857083453988
12.653161951939742
8.803671235688903
1.2305202023041488
4.285195578680934
3.1090164373132554
-16.467038628189737
-1.3560996203463862
12.613708604121822
1.6152647143085401
-1.4884049510385116
9.178150321375448
-5.639844910733336
-5.113223365620829
8.472548315926058
7.110008261796616
-3.1129928360844925
-10.813535105527167
4.531529764133614
-8.858111338036082
10.978880625871348
-0.698737079840933
5.2677352636301045
-2.9774031150435083
-2.383580562979811
-2.4100575757270417
-0.7539615172617471
10.337366021699637
-13.246492634094622
7.681237239586984
-9.069747174582659
-7.489993654388538
-6.088397724172613
-8.50249571922289
5.493952112773243
6.896122113657208
3.239822973183468
14.705416509370162
13.45518552629417
2.451900872886518
-1.4804907231351596
-0.12825280215700374
-16.695757236046127
0.16771388328657977
-20.55197891757548
-9.35358824516406
11.756747480546505
5.404568531096697
14.862127804374044
1.934078564856467
14.987837400302903
-20.529205099208678
10.530796447152333
0.0382657197589199
0.4313484005533207
-8.119665539296658
0.03638019615500876
3.2470767460524854
14.171498945495903
-3.6904777252478977
-1.3174665517856512
-7.433473970634855
-0.9353153211006197
-4.50943396197624
0.20730185128133694
-2.234178117268813
-17.366887484698452
2.491548675297845
1.6216516775266037
-10.349103766853982
-1.3359887340134189
2.6291861206445852
2.9093187541433965
5.944846559687259
9.924164896760036
-2.4118313727591887
5.926621495092192
6.357955995018535
-7.933069138120105
3.575532665640952
2.695371885530478
-4.130234869382125
8.497414823866256
-9.067577063195934
10.487646201303075
-3.919571939958664
2.557687551297761
18.382455872334706
-1.9567572330629985
-4.030960170410466
8.73939133646789
-0.8837273021761188
-14.461493468566571
-5.207322552420133
9.905181904167062
24.47549660375045
7.851319571969392
8.4648639867632
14.88579878684244
-0.4234826745969932
4.782557682448458
-6.401029472533494
-5.94394489191299
-31.661942269092105
-2.129487805925181
3.4263641590626026
-3.3108014859586357
5.812384873930837
2.4717279467153643
14.304766874097849
-5.424803236206587
12.468035934509734
-1.1013092374086475
-12.949304632053355
-1.2997265230298738
3.4246152746781267
3.484900555720823
7.607547226945255
9.445981427062145
0.7771585979007783
0.3204278547948716
9.603513078552815
13.099199360872566
-16.402623947445658
-5.383137504672504
0.5349506715176752
10.268580215986074
0.37861592549414613
18.08793843868135
-4.588443643676147
-11.158927580757375
-12.877365429884867
21.12503242558939
10.645223655714627
-0.9436699070931347
-2.547548761980768
15.523657102685585
-11.578059245626681
12.054260043183426
15.192635004355326
23.590393551289168
10.235974799303467
-9.637792623658616
-17.23056595486689
4.625464263083202
-0.9992453960513377
-14.14799498423102
2.786438171758409
2.949783049995202
-5.238419552178829
-21.812896493683915
21.901820677490765
4.849475290270268
-17.74222170638522
12.344961896887167
-14.220523690852136
-6.286218342285929
0.17052595403523432
21.7594107556585
-4.170476366184969
-4.193186084176249
18.75965823014212
20.47354407870988
26.31020730319316
-10.88168057320878
6.816238176025344
-2.008110979726564
-2.087006023083487
5.529556707853263
-4.71009109929668
8.8482839799571
5.200050379291863
5.357557134802407
3.455948071419493
9.425952517333679
-8.823809089545279
-9.834288870200044
5.533246761190231
4.7230186665017175
3.4076040697657337
-7.8845640391457605
-1.0493839836704817
3.37759537985893
1.7498018477270807
-3.809837840614817
6.128152580655701
-8.72416047271488
-6.969067133646297
7.297940332579921
-0.7522656970062458
-3.0138468421581415
1.782105158905059
-9.480657765006182
7.948477607092512
18.238984873102112
-7.3380989494789715
3.952448518013414
5.416623347159436
9.717829320792527
3.04376193190956
-3.049925154503521
-3.550323624235898
3.7002299512751544
0.024328103506583543
4.447080982272559
-2.05415202644163
-0.6425371158748796
12.41395121274024
-1.630314860203879
-12.56230522218679
-5.937830880420999
-0.02808579418348711
8.53505903330635
-20.13869724802633
-13.237151240168902
3.900870075363755
-10.980896194708292
6.311468445135295
-6.01578269977043
-3.877075716538167
-5.742481546877884
8.707717043226852
-5.393396428823789
8.937060242541474
14.301632922814209
-13.162244269538839
9.483167295546691
-8.285395299723742
-1.416019519416473
-13.98627106974668
3.276066634412346
4.973561323409712
-4.67937374408168
-10.273387812782182
4.9736871199426576
3.960118857151912
-8.393967809011967
4.97256817877311
-2.9234084119462844
6.567597194051205
-4.978580821454406
12.319937689800408
2.5086922085014995
5.881752612927881
-16.79036245757812
1.317534970720393
-11.727698693340447
-12.643109579101658
-8.454395501666262
-5.462359990194735
1.0527402346663661
9.952903486842093
-0.0419966130456258
11.754997768489057
-3.1771379762009975
-7.346985718247139
-4.515065421609614
-9.609267673281483
-13.328370886588441
-2.891831216040036
-0.36468989825378395
-26.45547760243703
3.2891917462842803
-13.690390144797501
-9.083308914541055
1.076765580076622
4.112605049589567
6.437183051138729
-1.5496808264529123
-11.416000193859439
4.893126329546783
21.328502199813318
7.335703363713036
0.7531905185862258
5.95866385761242
16.252360732144542
-1.0330109581319693
-17.69621105685528
2.351937663404322
12.331720909696429
-11.773377588372586
5.4774289397327784
-19.516810458300178
34.74541612434634
3.0916821909261625
14.708849263582211
1.1830842131482593
13.555223847704747
-5.428552484946025
-11.147143097302713
-13.882145265685265
-1.5965076558291758
-7.5289865293449125
-6.9420581713013005
5.719830152497024
5.793348722853075
-2.7986587429941125
-3.1903568597047123
3.657767308362957
7.433294525389499
4.413947381793047
-3.361224276310531
-14.608366423916774
1.1903603862052394
0.4178691944128173
4.337573288710331
7.818486599553315
9.234916236955895
-4.130743393073041
-1.9256880690394724
10.674284740391146
19.881986266529488
3.0476002635067188
9.553348995266843
13.266402425013304
5.793926167144621
0.7988358669303504
-4.548787443267206
6.3728254425959765
-6.421174284783149
-4.964100947781545
-6.933478939198713
-3.492325533409848
8.056316724963944
10.163260010773756
-6.128184159269431
-14.9003451217356
2.7564882455884883
10.611399945523665
2.8036201021203344
-10.719000033186315
9.238760030776199
6.384933315907934
-0.9036622142726446
-22.03269096809288
2.8475359116896746
9.67825136472048
-13.33525378272106
-6.844119562957106
21.059290815614894
-27.888439494510422
8.73525325734628
-3.098225566058262
-12.344367863388683
8.456223974358807
-4.147049754803028
6.110447138745423
5.172643956445673
9.183822755826483
-10.315998679375971
-21.168478305100823
4.281512915806591
8.642740088068729
-15.360637899042871
11.12338841878304
12.677143132150462
-0.8173400023145301
17.635597711435018
-4.5081247444501304
-5.087602359126676
1.7220321634916713
-4.109585371126338
7.116786711484814
-0.4788259445662537
12.106328906816497
-7.2254694215897715
4.521962164946201
1.5448903331055348
11.439455283556894
5.013944173575266
-10.300231111164825
9.149823715108573
22.891426375155074
-1.683951630266137
-3.910259768095671
3.56730077184211
16.844942973388008
-7.723515692856006
-11.973004885359972
0.3908487919524229
0.28383271683919564
-4.977405688208569
12.042284758866995
23.793474135252016
-3.2377058888172043
-1.2936383131499198
-7.029898012048219
16.416595690040772
-18.926032417675763
-1.8047138504041864
-9.357812039394426
-3.0134029043151447
11.615675379580404
5.096679669072673
-4.113547900116724
0.9559324075018631
23.74586878836258
-8.677853271575417
8.89035045120118
-3.895164666131933
-2.9350129361476576
-2.133696556406136
-6.991261228943064
16.209465863340526
-14.092030464751492
-10.107551755948965
6.319878140807248
-0.0654489233385755
-21.05671971908768
6.663402836478254
5.516165923775295
-6.622848283421879
-3.718190022370452
-7.308920597014315
1.6677849071222888
-11.279601708770466
1.4885547422870258
-12.773939928873913
3.7832880521912524
-3.7328153955041956
8.917478450887806
-8.244660995232637
-16.321279636599506
8.835058234632346
-6.303848209351393
-1.590407535241703
-5.658387530768941
9.270299426962284
4.959380130552316
7.24116228596259
-0.5593390393941433
-1.774299262518412
-0.19300444794594962
-5.796059419645719
-12.378608324737309
-1.0341012233064297
2.8797210729116793
-11.504004038330933
1.206687620958262
-12.896666551224893
-9.935088508260304
13.333934392444677
-4.415429159452287
10.585707620105877
-29.183263977365005
11.874018095053664
-14.950889165505874
-5.608138014935898
10.247177153750105
2.99519199882893
-9.803596649757202
-4.648155378055353
15.428798880188406
1.4634094700500189
14.914109668535454
-6.055607760626367
-3.1161085584193366
-15.903434625688675
1.2326939277285178
-12.779297232360635
2.8503521087559696
15.10887790727303
-4.6505786586079765
10.14121868261409
-1.6977163303081058
4.9319332895410115
6.170160182607336
-13.108561840030607
3.995235059675754
4.041804646494056
1.6403243710105662
-5.906988849854131
6.638859687649644
5.587492436764419
16.353814223657253
-1.803922602669036
-1.3796241760952317
5.701790967262747
-3.972216831491472
-4.899057652530878
7.801655644900611
1.8782054246707014
-1.6014935878440986
-8.111893645846536
10.569304322953402
11.525182257055466
-11.65778514591332
-0.7783884880755982
-19.58477072033701
-4.8984842972673
8.39275253439119
-24.488052294869654
11.201034087006363
4.448756017026061
-5.53302797642996
1.8998937644492981
-11.53440738605295
4.212725301428032
2.9535416245671184
-4.4701318246467725
-10.844926134014354
6.450519342715383
-3.7958504925323986
-7.848483040248739
-7.899361804465501
-1.6144407853873792
-4.698935938937655
-4.745074479071675
-9.032611667171881
3.7456657257487596
16.37426408537552
-14.865076709947331
-0.6024175992426797
9.42950118976647
17.504468361046232
-2.9044683411860217


8.346607616727772E-9