2000
-7.655575715267684
-28.966630713282733
13.122058371324153
-5.13677713644904
12.027688934598572
-6.944281530254138
-18.72623048335534
-11.37577312968124
25.146280124913066
-11.096625640492062
14.618529536476753
-5.006282684666946
19.808959304157703
-26.54161689615002
-11.283670763992594
-3.9298106180195362
4.993632916815914
13.768077123524337
13.668384114357892
-2.9874608031315204
25.546097715442517
-27.43599186814108
1.789678200719952
-17.904956237513556
45.05146824770658
4.820005975152145
8.421928912000253
7.276958808163266
-0.51681461182001
9.185310683724547
-8.16205101094438
-10.646669515276923
-4.0776000482827826
-16.59405609344852
-14.096205897826522
22.874709743613423
2.7937363831170536
8.359898934365392
8.640568027908497
-13.888259757567202
-20.362140997999703
1.3320007512854497
20.548889463219066
-8.557525541679736
16.140187345980703
3.3017595641788264
13.35175724927994
21.60395904069324
-5.603674354992314
-10.185817313072846
17.77449457864621
-4.091673233534193
-15.716691044480502
-26.037381545512005
19.009630040953713
12.714717286263683
31.264298394256507
12.018718219599016
9.944142485035938
-8.34438447351557
18.019417344450623
15.106789873003219
32.8831663856094
15.344703286062309
25.62478226685922
3.209902423081239
-8.485321928468595
14.639940541234232
-5.401808832782567
-26.701090334064514
-30.5417658918293
-15.97048431208071
-10.312504778805923
31.871352238209337
3.3943228581641454
31.019166717943488
8.391714526081094
-9.900407001717653
-2.8053872886894893
6.45625711021452
-6.483822857510261
-19.766808537881378
-27.555258760836054
4.365912861729667
-5.94823194918276
-2.443066259308672
17.96313264970219
43.26592391535917
11.419848141727742
3.2773033005337258
18.91940708767989
-8.412789396010545
2.1089709931684366
8.405262624838596
23.198980990053688
-0.4216468282631329
-24.925258114900355
-5.873869709029435
16.43685900249661
17.500670645900446
-12.901167346320737
3.9568531714608772
-39.21428852307026
-13.630143957897118
-30.305017146463875
10.883171782186551
-21.28252781735001
-1.8562024177081473
-14.813072639418436
-3.815422236978642
-25.012293761299397
-28.042045870558226
-5.352848506321514
18.256396130445474
-29.975634024616593
-36.62995809781737
43.689927442127996
7.978479441104596
-16.1677573759045
9.869605386503231
7.761954550120413
25.97345314725191
-7.2222871217548805
6.510373478722693
14.556885623853608
28.769504303315305
-5.032945051968124
8.20174685770947
-18.445101286072582
-20.583999012496562
15.710987834673219
3.618022420400599
27.741296373021807
2.038465413661287
-4.210984531642707
8.802593059937575
-29.818410102219737
-12.017311868728576
-30.55229406609232
26.613021063845512
1.2552539944277012
8.371545101613359
3.851303551184691
-9.41890659338315
-8.263139972760603
18.377091588661337
7.470344768182928
-9.951827693145454
-3.4118180893711507
17.173021552744814
-18.496422333656195
5.227855754613652
11.228799465046084
-13.680777790237276
-1.5417935272863708
22.709932421908796
18.13990637183149
-13.847777699291564
-2.1698137166221683
5.175865086036153
-10.155765781683307
15.95658029111678
-0.5186770677919763
7.909888386918727
-15.210266672245579
-10.180515128752312
-27.965188062983557
-8.548321866745791
-13.908327008980068
-27.35679105515283
-7.21147039622835
31.75894426325833
-9.128399600216142
-13.162624738948077
27.799423638479865
-14.891919782374218
10.864359776618747
-13.969951162430304
-14.78541946331844
2.3074810923994233
-0.9485542457160263
-10.389252090511876
-7.167057080249542
22.99208160290454
-2.640386361992784
-7.494566487918432
14.384332333630491
26.61184750409077
-22.974076628023134
9.952566696735413
2.324193482104965
20.804618695244848
10.503004551963857
17.030044157549554
-5.863436323689322
48.49311413065579
5.504669682724433
-26.635444306898282
-27.43270352239938
23.366475986481227
-25.35205482647902
-4.05845187798367
-9.499371289069117
10.26237130180107
-14.838329162316464
17.92279326925123
1.690909321422344
-12.56952137417674
-10.682519390552107
-1.9497985903461568
-11.304630440230914
-16.979849707385597
-17.086576792637775
8.186149483647364
-5.3415455617359475
-11.314598324808436
1.8322327762878132
34.63010022768388
10.174368898880216
26.448487370452053
-6.727299155692783
-21.05805848707351
6.585050568309373
5.537558003041138
-3.4101889623920596
-18.03866646312357
-10.869608953144397
-9.133200855251411
-51.28134906030399
14.084820388090073
-0.44701267783742593
16.59983078860361
14.649799498810602
0.6236874877044087
-19.59158648893445
-0.8268340798424889
4.884607867077837
-3.7947583477558577
34.53305794152847
-0.941294489271306
-20.6979241698816
6.803758951120512
-10.622059893370078
21.86345103501464
18.920419376785127
4.650303169429881
0.9436012199242909
7.610954244665249
0.28940793521476893
-12.24107631772248
12.01420390105293
21.22208006127301
-8.317975468609607
7.650558653740423
4.390014909809583
10.39590453535741
-5.814856074687434
-11.314675900194716
27.011008915424743
15.290677998126801
-13.161218978277974
18.648595093482356
3.491585293274284
17.290543095757815
20.99446886284135
1.8363459665415627
5.484061803234146
-41.17349550836445
-31.994029462602732
39.31896462409869
-9.258563722280664
-19.76034134792558
2.7767197050561196
3.1537572684262325
-22.247119260146693
16.02341528855983
-12.547972859191274
-4.51948648883303
-6.020739988585247
-5.278595201481302
-3.015363303484414
-17.115879222443237
-21.8518659668373
7.70041620735857
-17.597425077842967
1.6834175837953367
-17.63029072355058
15.26754558144873
-16.92827340928506
8.525235930624882
-36.72821440645446
3.547149213973353
-17.79304277572649
-8.798690215631424
28.333793292614008
-21.53641113062258
-5.672345545910997
2.4521245170755455
-5.517153893224651
-14.758591377617854
5.441595406823454
35.061986542972875
11.30112625425668
-8.53914929234336
-48.45630402810079
17.219329150499334
-2.685262909578387
-4.888905693006068
-0.42422740777311496
-14.890100581268758
-21.877018355456702
18.881187951566833
-16.711534056073198
3.5264484898810173
-14.260752709107726
-22.032788346996348
-18.87312544074581
-20.261875609499292
-3.0230647996345867
-12.809133474370112
0.20754184375257445
14.363563613759853
-10.300748635413203
-3.0018890878643254
4.006993102546062
5.925522512360786
-26.79002601057357
-5.307306415261451
-16.214717131824095
7.006906273073978
-11.812327827097944
-17.192383105450794
28.147928221917336
14.74490635912764
-10.372822091581245
9.257661625509673
4.3640468930408405
27.522216160963705
-3.606269442765134
28.41533232617488
15.992718214121764
-5.247974665438349
-18.575693687663364
-13.33371534127472
-30.00898715134703
-8.841727405774229
-11.366695573309446
6.37390136934613
-5.448127045692639
0.20003715812237485
19.052556216434283
4.761027032897351
1.503829409279557
-5.112400569229003
6.402865418478071
13.677457164738009
12.899245219357432
7.240327864947148
29.03278375198648
-12.25506178350702
29.96159074917075
-23.55733131643706
16.916649259757307
16.594427178147797
9.995009703706502
-31.682149751651984
13.013807659355644
1.740063200683017
-0.18053680111112191
11.991834534026347
0.7463303083788863
-10.737179072387287
-19.486460404669547
-10.784805398294399
9.004774455911122
-1.341092086627854
-0.36413613182997917
6.1518400770211725
19.21084717716116
1.4885250412836872
-14.134277602720733
15.923326942857116
10.387786645153705
-18.064773872486384
0.14426727778660564
-2.8257911376854503
0.09420554207544252
-10.465994917585194
-41.05632198060563
-4.528757902197472
11.048481302379248
9.710377479172536
22.149141359068494
-24.173234435286798
-11.929992897738465
17.618986122317537
-5.573434919429465
-16.990791082952203
21.9403751188313
-32.57254733682967
1.1280867316768919
20.997738053402355
-3.78270466528774
-3.2103761365054204
-13.069510221529288
31.63407269825312
-15.060528435548719
-6.941616400267533
-0.49408772102247234
-6.223072404476835
-20.75221504994377
2.4370146308949456
9.278016279248666
10.697728708142225
8.069647541687278
6.917354420913412
-8.788639583138348
12.497152160688431
23.14961946127026
14.847659233271706
-25.791063472430746
12.322986919516884
16.813757685003452
-0.4840819068871105
4.357022103425381
10.361780808152073
11.13229345824054
3.6105340044683745
-35.716733311805484
-3.1287286350028456
-0.1812334641210378
7.373016095311844
-0.9065011286666066
-28.75886989635912
19.36289928658251
24.001744586452475
-3.9974469700514668
24.066403865332646
29.259404691210612
-9.474933075582813
17.90195141805709
16.164525712448658
-18.86192811649476
-18.978171296177052
38.6306159223459
-3.7075199053528305
-0.9075965253088463
-23.899522130407277
-4.210701809580475
-21.2865353318147
-13.974217623472008
38.99542973496779
5.900845578741189
6.927884382568547
16.907608470411493
31.28546795116782
18.66042834852374
-10.91103770693116
12.627159249457454
-7.198682133969253
23.611118576984786
-35.929573088019964
24.601507077086673
-16.50354539465435
7.260094918821239
-14.21081416931585
15.296868965696945
4.972942149102984
-2.231340808247519
-11.782644659522747
-0.5664474176678393
33.6607786261894
-1.8357450277431582
-5.670048956505869
-27.205376264277216
19.26926814221559
-15.640282381661567
24.28431033545182
-21.24932910105361
28.953036525034044
10.892834599787077
-12.904234321117418
-26.814172441904375
9.68710941643721
-7.073216698719926
33.51300342122196
-16.893982596343168
-17.732917905786376
22.254132265374835
-15.699140371216258
28.238597538276665
22.602392174851552
1.0552671043632897
18.323969188971148
21.60242334786239
3.436700519989584
-0.8258554146440232
-17.322257507282067
3.929592830909998
6.967119564214863
12.989661225517564
11.253907173856273
15.351521638777548
2.5332256184808175
-2.0959242904111126
-9.676872605390372
12.964969740882978
-2.1675884981838607
10.021592444373615
-9.818983256675368
-0.7435601877021025
17.339297688364187
-2.658977618380497
19.873973559623238
-4.6657117204580025
-4.721477194343247
-7.4044118522972315
7.027959006073935
9.487785496677848
-7.879551506406619
-4.84524703752693
25.50807418636462
-6.581857311102956
10.003697053379446
18.98328091297923
-14.144642737794733
17.585488742079843
-0.11544120318227069
-1.4536813866747316
2.2103308622562605
23.53266886399384
-4.104556266999635
7.141984831169111
-4.177846971233791
19.174948008711127
-14.911675441794287
-4.990988708163803
8.442535269632002
-3.5198555246309664
3.1931790090109633
0.6854229152992428
-23.167209185775235
20.29570715494062
-19.9039127006684
-25.780911255788595
4.600116211932066
16.191032837497563
11.501027202786263
-10.033258795438067
-16.361801795760815
-11.311917619591497
46.047293143273606
-15.065715597443532
45.72421987062669
-0.2547782397721655
-21.76825713959116
17.510478708529856
25.471184730198395
-3.589148346106489
-11.54321430177647
-26.165152207092923
-17.43766324057084
-1.4325962669120376
10.029454122935315
24.541566257869164
2.231647655607588
23.099655595942615
4.385925045107078
-4.254007162986067
-3.8782692945940624
-7.442602852976418
-8.266357603691599
-34.54533709745784
-1.4201446032613025
8.3430038111678
27.743400841045734
10.516157997592785
33.95745291850344
-11.217723175821185
4.855439404048585
1.3803468877240093
-13.721084676840348
4.972049112788691
0.8674329313093736
-1.5330284912908494
8.643869667653323
1.8907354324340013
-22.492847821816213
-10.21651594747181
-6.481301130898062
3.014498751130077
10.552270797953947
6.5677248494499905
20.441775196955987
4.7075720061762425
-19.052292540115573
-23.767643875431883
28.478401585656556
-7.908069415910171
-0.8945254884842444
-48.23715092521231
6.492250476830293
23.951840363910414
16.90521122649404
0.6190626615139855
16.39627271912464
44.483901436157225
-29.91051299201987
10.012429058617656
-0.0885672369497238
14.244949759987529
15.822405875582334
-6.61676001367645
-9.45513531210797
24.29429025089159
-9.862291386323403
11.251617853449455
3.022830800798827
-1.4744906818850196
-18.601091723797552
-11.535350272607559
-10.423185332944138
-24.154507603364692
-31.773136705970295
-11.092269083890782
-14.268371517129093
-6.938583795214589
4.936515047266045
4.150817265468242
-12.467255201487518
10.484170355582496
0.31142440379758485
11.802361311559226
-0.2524127744256918
29.328729409190686
-22.792837686584107
-25.05453543379088
-1.6400742456108088
-14.496906026227133
-16.61482429794788
-17.476680238067743
21.845766933733273
-6.694479703843477
4.240718432440822
-2.531528933503886
9.124096070560253
-9.547650407084742
-51.47150127977798
-17.86976125322058
9.344184872406242
3.2438574769403496
20.83990553274981
-9.586033833794135
-3.0719419340227194
10.171837442889238
25.378346292354564
-8.877580097377242
0.5879908468056163
-34.18957633907496
21.280494958257833
-11.057762430311296
-15.330586742025558
1.9984435159049578
11.969745799213397
23.42266356350689
-33.09656047898122
-13.368393054676092
-12.791997038608125
4.202089157134672
33.6322040814545
4.079851214900924
-12.75438108214688
-16.848712005425725
-16.210665164549916
-26.107702455016202
-16.386330887454875
1.033213183995681
29.640717570577923
14.835909668823668
-3.2294961387941727
-7.316257833078154
-30.479900920358556
-2.331953000391314
18.282195306470424
-17.60485395950248
1.5472862585401885
-15.217973257289959
1.7959041225111747
-7.381110177613219
-14.920947182590583
19.93072916756808
-12.070968381665072
-7.202291626549856
-0.6287197831487608
19.14055660398272
7.270696348876117
1.5673489354554757
-10.27146475140284
0.48742159990018746
1.8496046339720316
24.82289773436301
7.958833402194398
24.63896884254801
4.857475909231464
7.661210400358539
-19.609513740943548
-4.060808604914193
18.418835899463378
-15.315987116572126
-7.2740303679801315
19.699449341638275
-22.915635397329257
-29.103028867716755
-16.910558757300052
0.1748873963443609
3.4829309673085236
21.184916179104615
-7.206501878538818
-0.9900897024685498
-20.53030025107072
6.835117688733137
-2.345353935565674
12.914587079808921
-15.571523606853557
32.08484168956927
3.267184208777377
-17.940823282493238
-10.209986239953782
-10.010452442424803
6.163418893303042
-12.576304050011847
-10.710332632949985
-5.352478314081994
-31.80270029336991
-1.039593362304097
25.72840621541893
-3.4414099029254173
16.262547057195643
-30.686294604088097
-24.520194147049068
-6.670078139563423
-6.547132012380006
7.338248246340436
26.648412289941916
-25.023959451352045
-10.556777185358339
-26.31657259065207
-1.3524120048493011
-20.46537953541793
12.955435163335359
-23.56555142202396
15.798470539439567
-22.46713681742125
-34.11374523025601
-37.01039433197911
8.448400206584276
25.4935810459026
-8.557180518784362
3.6156408739055177
19.206060968658687
7.3640066635213985
-15.076293667757728
35.477676489205066
24.60954238651678
-0.8108746489886149
6.64664372712197
10.602762895972166
-17.007307784618593
1.255505576807774
9.335811822909891
34.901100024455765
-8.206859883333955
34.821239171145194
13.739933652890205
9.372878912470743
3.0555849026798168
-5.844431845447734
-12.072337503913108
5.876522770579335
-7.402498168373322
-7.012104821908521
1.2662657502911845
20.780707766152233
2.7339997240867797
2.4992191386596962
6.331769109280162
-33.67802876297039
18.152576277810805
-26.203511517838802
1.3643076104205483
-18.01519984389624
-13.347773350070717
-9.44031469732344
33.90696482445675
8.57244941161872
-13.904560150518122
-1.5519304593318441
11.230141811731245
-3.1019054973437505
7.012545901694184
17.218934644807604
21.231301126306924
-15.200945506856522
28.28936593942149
14.142428615486903
-4.137439176196786
-20.276313010689506
2.0695579364766243
3.7374694925562237
7.854012263338212
-3.4693041344574467
-2.675488759402362
5.852452245072344
21.34916795255628
-11.904477188980039
13.869666570346485
5.6550122936267
31.34762588684994
-20.0550310489536
-12.287013300521439
50.044760602449
-13.041174198916654
24.667838384691024
-9.49504361200141
-10.74140296216624
14.88167609519727
-2.891122499091881
-22.576602288285994
25.60747719558751
35.26268459750499
-6.440267898112423
7.637272448179738
-24.23283992715549
-10.691457269367191
-17.452927777368807
4.080531201186546
3.1736537489975665
-7.599926351372132
11.067817807825516
29.965400053631022
18.287281627490014
-15.97832565924737
10.690999471072448
-3.387019099920346
-20.82398321819506
-27.467023062712546
6.338954124950168
-2.040218150461118
-18.305215595998114
33.44575296585832
-47.57724956555833
4.866330953205044
-2.8432647284396504
-34.70646046203137
-3.2134959225042072
11.928036123857176
-4.28879332393518
6.931825339621218
15.082064443598634
-28.466033110966173
-4.422858181217845
-33.27793744749194
-6.651820422377888
-32.37961614180705
-15.368767435715087
0.5345579128808199
15.222637993714429
-7.484579418594187
3.6820541724825415
-18.804187789950138
-28.89000282192032
24.1858735821152
-4.427596379520017
-20.529025978291852
-14.057910654805957
-14.195587192492745
-11.05208535177671
-11.562830905685386
7.311771228540608
8.23383645204183
-36.59150015096268
-9.01567204242862
5.502003584032982
8.684420940832277
24.16944117982755
-7.775441441810327
-40.18325658532614
4.710957535489245
-11.19641528994815
-16.187355710696977
-7.757367013611146
40.69877008856482
-7.850248537473398
15.6691200448919
14.844051185893882
1.028915992388313
18.28629719668186
-10.33108168495999
15.872374362819247
-17.653305454402638
-6.327747590996282
-8.630478466728057
0.4143648501532704
-41.4904554335543
-30.043395813392248
9.817834251881798
-10.323944242333702
-29.95824841358744
13.051077984838201
-3.1919722931242944
-11.104804115205848
-3.909354299839279
23.948752793542145
4.380801333927698
-22.054372844126384
-6.190281580018171
6.0775688862359045
26.358048329707387
16.18633469420258
-3.3838752711878493
-16.450706056761607
15.613011594310503
35.559728033091545
5.894544323193396
14.702357284545965
-34.03103016683614
-28.765768710700584
5.900542837411113
1.5176416387001332
5.756578913437879
23.78461302016122
14.322288074757935
-21.308503667303903
-23.67607869579868
5.298103152790391
1.4985904080962857
18.506376362676
3.3216999482798295
1.771445673737721
-12.160075031828653
-12.92587156761132
-13.548053530117524
-18.787510388662273
-8.464659863821245
2.5702234700222197
-3.2178451599744333
-40.343558325904844
1.9964713155549543
-18.978467442036802
3.684707940136834
13.83253703473139
-20.132420338200358
-29.464825857586074
9.774135530466584
-15.291025227930081
13.42520107113399
7.249163882303783
8.774584797115097
-15.45109208024177
-14.847811398307124
18.975371536419075
-48.725535808082135
0.5555928765543694
-26.000040955634216
-13.181506625527506
14.760100599365419
-5.39002222064482
1.9236315238434631
10.282114685281165
3.800974536826063
27.29849014736653
13.503786565399349
39.87476393773359
34.66935432134057
11.22163292482269
6.392270938938529
-23.045787071063373
-7.532254220483384
3.917528867721956
-24.41079044364065
12.432542893389181
2.3622748075209765
2.191833585337503
20.53939647182847
-6.1072640106488665
20.46946843508216
16.56184822808122
-6.727913793724733
10.239834908253783
7.3592790312238785
-11.987809509001249
5.627877199510136
-7.507107383607
-15.455975389786213
-30.763404165449476
33.46882633419783
3.2429426595362316
31.601637320004073
18.68928527421441
-1.6614920976541716
17.901915481580488
-43.40228931556744
-1.3506915979394525
6.070842048538919
-16.61912455209966
-14.617421908630371
-27.282437997931137
3.264949182909165
9.590731368779327
11.603735331105447
-9.282936744818038
-6.85241444335362
21.18948814273414
6.90096785242401
5.099460237994135
-23.50031468914758
-6.806297002052867
-2.0339205621962924
-8.968047471987546
-8.213796420838642
19.102401292106556
29.988466339381034
-28.282297119842813
-10.615736269649858
-3.2146725720351093
-12.118897918688091
7.735110544406399
-10.491307851619881
-8.699991455933066
-30.537460971737623
-0.21451704316409437
6.402643911602263
-9.545917636970277
-4.36990799166211
9.227163643619356
16.50591357835872
8.197996180322807
23.895006961665786
-8.983592062496726
10.66976062658782
-0.41302874299498793
-8.20491659641904
-2.3806080774600256
39.11738053139401
16.00644536712666
7.390655316276778
25.94983435744024
-6.11660230522987
-13.312946181513457
-3.7203769107802938
9.536390145409436
14.615690295521816
-7.742643015908791
-22.329078449996995
9.543737770286361
-29.11356590174501
-0.5742832198513144
-7.466329119621509
11.976173968864803
-12.268989573986183
-10.9185299355753
25.506059379112358
-35.42171903902346
-7.684602793350766
-13.456276352577335
30.865240430608203
22.36569417217403
-9.477428804789517
10.73821070696
-23.059610100346063
25.24491297615932
28.611545284473436
3.5804527701191944
-24.098857111043326
-11.021461714577896
8.936874143232597
28.181190281420925
7.703665919866439
18.814671380133962
-6.498734998029874
8.243808382833747
-11.79004717832868
14.33834391329352
19.122823946194696
-10.954362268947486
-34.84804324530371
19.749603907542255
-7.798398487567318
5.237893816798487
-2.120144110401925
-6.509604399144681
16.522526251888777
3.0673293569289335
15.40695094699982
14.136651444964038
6.738225901452497
-0.05215460373943581
4.751953663844613
-5.013535285452752
13.122984921745937
0.7719849538455997
-1.5182671913294175
-30.075193303554585
16.459382260783443
-16.992062851229775
21.73321261374013
-15.216872549893564
-5.827094683029045
13.787882264018885
16.15940884336575
25.08866598720048
-34.70272323607028
-11.898749349552105
-6.787369774404841
13.755452342162151
-16.481142805118385
9.748813903083036
-37.049297748161585
-18.49260910403633
24.388352464233282
-0.789253214137523
-16.259738243726463
15.712908885901793
-12.280911800262642
-18.8196899949822
-6.533866376970417
-3.6130327041533317
-22.17861913733963
18.686699390896273
23.667560169533694
1.7068552690069994
19.13391954790669
1.485708408877486
6.811829005546214
1.9845052809994066
1.8894518255351307
-7.892786615038072
-5.368031367938449
-14.598067653283737
-8.015788628429654
-37.343512271114434
-14.298649177002666
-3.450245200590223
-3.1610998661437293
1.0185149664897046
21.39552082319086
-27.705390459741675
-1.5034693670810733
-37.58283768328911
4.612418233804878
13.217559703790586
14.188316803668659
25.702055946670086
2.758737598761921
33.07769521196908
6.207197448880401
0.350470750484711
-11.58908597024717
6.783803360222369
-3.2646712995203964
-20.15815177463726
-24.240861920276117
-5.089688999916513
-51.41035372091365
-27.721931099744364
-25.489610509193938
-2.616152813466967
4.849296618981442
14.014693021659877
17.071591115568886
30.59995633166993
-3.858996637173343
-42.899670585130984
5.481483473405444
-11.780214347398061
27.8481434011492
22.776431191193993
-4.542629625017068
-1.933803648979051
-0.14600965065009572
11.470905955806355
1.7712720164371403
3.745918625201138
-14.449830914566814
4.1724566855018566
22.800868273037562
24.300856636003054
17.513972713532386
-8.708293089104492
-23.014695961591535
-13.3950030550804
-1.6067126055992333
-8.078009150254209
6.528214891882406
-12.086955981491968
-7.882306026613067
-15.038249160540555
0.14303063988104348
37.95043123075261
25.71125675758041
-5.17608406378297
21.556225344596637
22.476679132859473
25.58417992694644
15.428170302449155
-7.460719348696948
26.61547560734219
26.758476790057433
-1.2419751690561216
-17.459675881983653
2.3169248568833583
-21.905795555621534
4.519698876993265
-35.93050531235788
22.50288757451101
-12.519733261248723
-11.076894890055355
15.763146464328639
0.6023469254902127
-27.294996865465585
-17.87592562137752
11.632094069473538
19.46813991575756
-17.382674256301616
3.476782109220406
4.302558905651493
40.33266949990327
4.332402250984022
23.956901441347824
-10.101121593371436
-10.234336884890435
-4.099214120851274
7.5993988515363915
0.7105326634742228
-11.263475755660698
2.8625657372912103
5.4425117329671036
-18.2263483204326
22.955781155363468
3.457513067570818
6.566385882357862
3.3473929983875736
-13.54819074135559
39.50535938973154
-1.0767675716454883
-45.03752101735028
1.582802946051022
-22.105734576014775
-1.8956336793360355
-21.58177330052304
-13.214460178996163
-10.17265507963061
-16.047273046904483
-11.358674794431845
9.021686543033525
-3.54535834754276
-26.397539649548964
44.077098972934074
11.068054745778818
18.341870153279
-46.46123045373868
-8.082670971668673
-1.9669571579212675
-11.124768041838468
0.23236963312787445
8.53206754627995
-5.390890403536289
-7.254707518666224
20.382100493762792
-12.59632816711183
15.625213667883074
4.999401532483466
10.25729133963016
13.293196795449497
-7.6300435206711335
11.220124640132155
0.7527048431547285
-10.025229341376411
7.910096581636267
-2.516133096586456
-29.0051555907806
-1.8549663391724165
0.8651552420521897
-7.5292846902803126
-22.822598373541403
3.3333333821105926
-1.889252232449885
-2.228453114405026
-16.0568251909903
21.149858133567097
-22.439428948349892
24.667757935236008
4.560388869256231
15.071036565612653
-13.20206138505726
18.63438965269308
-1.7007716040825172
13.465806608621339
-12.988819447005362
-3.164079017375613
-4.9679143264121555
18.016124017735585
16.751577241106066
1.2244131410661308
23.7129109435034
-2.142297619811144
-18.342459187501994
5.506191324004117
-10.224935680760106
-10.736635915413975
21.31817205433628
15.980369509742347
8.090422657616543
10.563016862830548
6.487094665374952
-18.426292097880154
-0.8162908380518799
-6.69888296190257
-28.185721593933465
3.3169345921271147
19.997024822364523
24.15773423218718
10.901517427345919
-23.134084352768692
-15.509237828327512
14.430811559863667
-28.112138497944642
-1.036459336046505
2.816756123568581
11.95727354064485
-6.287675588048862
3.257250596820426
-4.989213129020014
-20.10466566085441
30.761173117545454
3.1870345982540584
-2.1902851898964433
-11.658849692057132
-11.63211333785493
-6.725453505372617
15.999585513916976
-8.222467018738016
15.2028746064599
-41.51005807533547
0.896118700790377
22.67485533458912
37.924599749359686
10.636051447251381
-45.46284626259861
9.845936370820013
12.618006009556856
16.056633459533483
-5.704681750211741
-26.62468731707917
-2.321314787857747
-26.26880574480005
-19.054734485032085
-12.505619635444017
1.70953031050575
-24.95013086753473
-15.760569292805638
6.227709177313011
21.452366402492217
2.4628085894913325
-15.146956211020642
-5.7659255897145725
26.24860303416017
-41.19468231623127
-1.5753330620149248
29.166955362919936
17.02957101827634
2.4448708121830665
-31.064912342780943
14.203304977937975
3.9211665568643226
23.283193746550506
16.613815144283986
42.2459592782117
22.179242692138313
15.687767040175615
0.5114743653011531
-18.452096002243962
16.952720060340624
-7.778575379424008
-16.395054566021493
-8.090951087471868
-37.33484337409795
12.779426175876663
-9.310272218844563
-19.15821409085432
17.09592852523455
-34.549478397954196
-17.57522173866727
8.277680351477459
10.253722732521453
9.561787779189048
33.772927970982025
-22.25558232303974
-3.4138271400487836
-17.47750921273062
-14.694316677282458
-3.1171177710758475
13.075070773216126
8.375293217321124
-32.48884062488101
-8.98256876446971
-21.093804711067108
-2.957901305064018
-39.36518430568212
2.8200895702710334
-21.387627872799833
-15.156704661601198
-14.145229742658081
7.96055721667255
-5.954260912778793
-23.997316765972357
17.987478895274197
2.1363731970762476
-9.02114489205195
-34.64000216291268
-20.66203618296168
5.38180283525009
-2.5114935907394464
-23.493179631688612
-32.818572261195676
-58.71898445246918
-10.199829852395943
-3.0114944294954196
-8.024518777668224
8.997500501344346
-9.165175621081138
6.042411539241746
11.936240086449965
18.29166086438184
-4.868347640635635
19.249962826960157
2.3195736087642205
13.204210423747718
5.351220934231447
-20.218790343600418
-13.96826514389188
11.493383825343827
21.76382849619614
-4.126169172707269
6.833647216431977
-13.606391516481507
-14.751007921320857
-7.327337859621895
6.422737537104847
10.24034601983084
3.00325093419315
14.927474438280974
12.290006938157935
-9.301390350984391
5.654950143526143
8.880793483794047
-5.46990197381896
-11.571335113993877
-19.894589742506238
-8.474205353862523
-1.0844391670866438
-1.0858098902563724
3.8292361161601836
-23.850011152257526
2.5560292525335595
-25.152882203329344
15.026788896128757
-4.681839461983136
-6.137913033422581
13.301879168519001
40.07925292605831
29.35851625437231
0.916443263307447
-9.08481968324033
0.9623577025174379
16.88539920452969
2.1747456588774012
-25.408127308276377
22.53578268050118
15.991066358794413
-14.033593883697014
14.23768680799818
4.555468083525698
-19.06955795098899
-13.835509915110103
7.003499713633879
41.213529745133684
30.23214010204945
-6.934356821119454
-13.391401536705995
-3.679210770837094
1.4938323952793913
-2.0674978006624967
-11.232991390877391
7.673924054270249
-19.10230622137103
-13.282648042073404
-11.739494470132772
-4.336832776908112
4.161967528610185
17.045306196251904
19.259202744448007
6.8953935209812585
4.144844209652147
3.692898564508543
-13.591059515003643
0.9596091357350941
4.798045302810907
7.142271517952617
-9.485156421771688
-3.296096857630132
26.929128175854565
-1.2429422097532
-38.57764819349379
10.248732154211163
6.986843183432412
-11.193500888682433
-15.24961035471459
-8.875211526373123
19.685296931312276
-23.988905904723612
16.132687078354238
-21.466739116998664
-1.428381850596167
12.48837966865853
13.049276662000388
2.0479640674729134
-26.17767288869806
15.259923504295573
14.753897175278754
14.779063504393113
3.8051506543753595
-20.685666243910873
-4.63150555096434
6.729875903921079
24.207334547363132
-30.152965578195584
-3.657751806070153
25.741735663166807
26.00789102647322
12.848044974067541
2.0480327031712617
-12.478554200816317
17.145817913276467
-9.846076019976701
24.245052411842522
-12.848070936549844
-8.796080773493182
21.393294654821936
-19.044497533708093
-17.547679538063733
-0.44213889849441634
-4.259758167675018
28.930569692503738
11.533788960167918
43.5861948458095
12.391498137620085
-14.986822193526235
14.29859853948406
-1.5495665590379186
6.274752060158726
-2.05441962772758
5.757033699107004
-16.14953436802604
-19.221794940555643
-4.273225937897886
-3.573912327167113
10.932254579116774
18.704598998863624
6.088349862150581
3.8359831231759713
-12.925738460364975
-11.635283700145449
18.184552060370873
15.63311397946546
-18.787429553360905
30.86861363129909
-20.74879334000798
1.705541397151804
-22.210900793555425
20.028657113953056
-9.940362317778593
-22.908890637392755
5.9896296268993625
35.92145472415858
-2.776692127533758
-4.915348010398432
-4.16404201080089
-5.4241762353739675
-8.4649183438868
10.88916269925753
7.790183816229707
-21.914385759103816
-5.451136373809135
2.7458035193357913
5.767248573450829
17.051789198044364
0.044263346269066695
-13.700347545767192
2.5346138439847867
23.374275393714754
10.051283649859982
7.4866872897561425
-34.017797767829705
7.092375106294872
34.77902484912223
-15.700423801320904
-18.932108066765416
13.159319698278743
-7.504543232735325
-20.04310593163022
8.886116218258792
0.47136119212023486
-17.028138329650115
-1.3649894044664004
11.36042354913171
5.901292306899295
-20.69552181637912
17.605491220767867
5.118437219994746
9.547995665437538
-31.173866852567606
-11.78050196640413
24.365629089741343
-1.605440801166163
16.631348706220425
-30.30665942399209
-2.657566977557938
-10.347514949423736
2.1215647826796338
-20.58664931652786
8.845258543706127
1.0948939682730496
11.027724179857575
-19.296108139732702
2.8477668870966917
-10.30918957170235
5.360164670761452
10.630369575025497
24.366745438261276
13.30748526789138
-17.982206327670045
21.879493883615613
-6.713757785192028
20.211136892347838
28.789876640510215
20.025228733021944
-14.604151327015344
-32.090024130199126
12.956782879089893
12.359383816794088
-2.4026590661450937
2.3079456888097982
-3.6052139902918983
-10.130128346450253
-11.303398187330552
-19.031800124841066
-2.486622866333698
-7.28929998961676
9.412782761463914
8.93318944268688
-33.50648665495788
-4.009723499046093
-16.758768796930468
3.521299416490267
-3.9303144349817964
22.093323622502524
15.229436615490519
-5.267117527333134
37.99792517286396
1.2112590359366762
-16.221458845138383
-14.5335887039482
-7.147478903648308
-12.350888693781002
25.13173338372109
-17.95503182266733
8.725681543131909
9.827309633654785
28.102394149774465
11.726360210146108
-13.810726785484796
-7.068074256409629
38.963325484800755
-1.5400915798239534
0.9034609739918653
-7.593255430480053
2.298986023270686
8.052197475069162
-6.1715002079691
11.25475168174795
-6.114766130375998
3.155210977723217
26.825078506747012
10.097518299089124
-3.7860904045010786
25.207077461701594
16.3221448835842
-23.986479225626283
24.62532869131306
24.203959911112058
5.7147796788480205
22.38695819786735
21.69469526317127
-2.774864590339205
10.774443999720328
-3.5723703179100723
-31.34743462796718
12.063589663296055
-10.158070794423608
5.258490303118789
8.99243467533453
9.949542275284523
14.655579949759897
16.342357010098425
-21.46184227236605
-13.642529880418033
1.5722366801031478
3.974087789452573
-0.6357851507884007
36.20696105344399
-19.689016118067638
-15.754472918182833
33.61112695336819
33.59380793174891
31.419175355101615
-9.581527761567443
9.460194491249649
-4.358604698131501
3.177981129393423
-26.78755282363928
-5.843882641968826
-2.5555687082798837
-12.62331680997918
-1.3008768887928555
-18.02832856802688
-4.203058864364518
-7.163836857156638
28.198503874063945
-7.255454301631821
18.659869089689423
10.574337427519204
7.915033385633402
0.8668251439160042
-12.746050193845821
19.944923919974784
8.094439689923501
-10.29004668760992
20.720779434318615
-14.66760635431526
-13.114933761721563
6.383120619440275
-14.90326128488299
-43.811437952659844
8.787798218831073
20.358189717947432
-41.41799572919808
37.9033887539353
-20.147575621195067
-3.038298005738658
4.631725934660659
-14.912239483431252
-3.7485981154310535
24.06068968772834
1.977920454172796
-0.4643785065594628
13.077855238600705
25.179015281972788
-17.358359394968573
8.998472842536154
-1.994339855382695
7.7724851136097675
-22.685811419969756
-30.652624983034293
-8.249985916960362
1.734163425362975
1.9838310318737449
-6.790054043346294
-14.411999112654902
-0.23174534234698374
-14.181411703018394
-5.782230387478813
-48.20801766959994
2.4271857473112437
-22.458778563719275
-13.159710597289816
-40.80085474710854
11.955270676932676
-18.114406088444706
-4.474386572004502
-19.614079148320343
18.987006135263915
16.17664951328681
22.18583915895664
-14.083781931719054
-18.09248430588786
11.090486574765238
-5.301924061498941
-0.7529711701898567
-22.664622561906967
6.020464114687843
-29.80031825765754
25.45368027412939
11.253866700914674
-19.798421875687573
-28.815082884924635
41.37555054270243
-0.3974520886836159
-3.8968306187529853
-23.753629358753624
-19.86936596554516
47.22535590740503
19.70164849159815
3.5954435947361474
10.936167667995866
-16.510144407976583
4.6380903834760945
8.178832411002187
-1.6494647386415315
17.596734277186908
-10.976116456342483
-59.637782206995844
4.483979809250887
34.50053631613448
1.205394603469096
-6.272592885357307
4.022438168034486
8.43881650593118
-2.3511850262412426
8.8184157247154
-9.116581326234888
4.991420332892179
23.109578097659227
6.851876687995658
40.520653696001084
17.31400233177326
-14.240504597283103
36.30345275693308
-48.04129779207261
4.222877308979436
11.765161488879407
4.243883917399974
27.69795368351089
2.9243932391547656
5.36442455231904
-13.948726356923089
3.655092546892315
6.482309617270731
-10.278180590477945
21.2682783815355
-10.47072186661907
-15.43806271509392
2.7382942961622074
33.879232970601045
-0.39104660417869663
-5.737172615869853
2.9154438532237954
-18.49553174231436
-12.041821274554952
22.10522575881695
-15.335533339685504
9.135248020530348
-22.65126351017789
2.543607699312143
11.72257984723437
-27.268680996669712
32.079819147433284
-5.815460292158624
3.5519964627102616
-2.2206725016701734
19.949639065654065
-17.04621729203779
-26.15100998445271
-16.77444919751725
-0.1463457381150599
-35.452595455956896
-27.217873827354865
2.520851263952933
-18.479705028499776
-10.67607039821861
18.33467721215709
-31.53325416933211
-27.201571263844716
-4.152100817587143
28.4382807518437
-31.900242035751834
5.689579594045837
4.3021557185416945
20.145609735690055
30.290253890132618
-17.226457497118737
1.565092788943418
23.976064334413557
-13.11161795202915
5.152277167397427
-4.408152646165611
-3.6456654034302565
-17.60093697707358
8.815715738050816
22.201131940517385
14.124185946436112
-17.23152977933003
3.8068440848907223
26.272498551255996
-2.655007562299554
26.23192400266025
-26.158190538744826
-8.419267848408085
14.781438218417952
-11.681092251747394
16.38460600179173
-1.3895712060491143
-4.583343170770485
-28.95614098639049
1.7207570030902994
20.707295345721477
7.23327101356294
6.34082348711547
-0.7372083356522121
-20.985254484546633
-12.662382571954168
-29.01522645659136
-0.6673353279401208
14.762766983181871
-7.198558336446576
8.423477075689211
-5.206033492048335
-0.8459490171172968
6.72094389806094
3.1829113444322266
-17.500659745339263
2.216255887128222
8.973285795492943
-1.239221683675599
13.184109615658194
15.411575358788896
12.448708519812037
29.34282335330086
-8.432161925359175
10.175331051678198
-8.98801152451158
-12.397533840895521
6.5452302664119495
-18.047699730194243
-7.284276388708642
-9.693645078907158
17.551814349828263
-10.689695387667326
-0.9893076613635765
1.6940085205778461
4.363909669745943
3.0700592647212677
-14.529942952218722
-15.621706535439705
11.541155871281749
26.920937570583522
25.84457713419694
17.382559825380795
-13.503577047178403
1.3336113967788066
-17.325682824398665
19.215227278510444
-16.53968238513856
-16.67065433856853
-9.458388832930726
-0.4331908965214193
-14.691629665538343
6.701894730464895
2.873834033805507
4.514681867377107
39.46306811622299
26.59504249655495
-4.372198407789524
40.49661388246216
19.09683802985116
5.128489046954533
7.280819098538322
20.981068591553026
-0.6105858289547346
18.67685691565391
6.673759930851332
10.367747183941665
15.030594902403543
-4.730651991946296
-15.120231698147801
-10.644620406149217
-6.926430590507567
22.783087120622227
9.894022617753263
6.641959371514641
-23.51816576705902
-1.6663860320987416
2.177914618205472
3.1290098469163206
6.992200633722447
-0.8279206637782607
7.69119873143103
20.485983066777088
20.57834902171436
-11.135769938801218


7.882648165839731E-8