500
-9.260840463480486
25.521833801175124
-97.01070680963679
20.110600259152164
-33.79721070199294
3.5964048552697983
-25.813203304162023
-31.276063719562945
0.37774468813015516
32.34222329249372
11.70240829626025
26.6697925942948
16.738151523807563
68.61910717071137
-19.178891725876667
-39.82653949916837
13.024187004160648
24.546442386203125
15.899522006548587
-7.678374713854227
-62.76649085556633
-26.585106798928695
-19.477175203216834
-28.45618203655518
-28.336244104889303
-45.47905202189985
-17.06055356026935
41.58455846640519
2.9840960779641725
-34.463960725071075
25.437232665182517
35.96193728013014
-62.24687930352065
-2.6741460106525943
-5.379450058619617
-0.49603562870223145
-9.41066249651202
21.874450140065054
27.103183290099558
-11.731826324202501
-4.4649700795271405
-24.423895642177154
-10.350427523191689
-7.0042912625049665
-29.43365601732492
26.580027548905584
-11.742783102139992
4.492835581519811
10.293003723712316
-15.108428042323549
-9.26589902822212
-70.66236976697054
27.059666574950572
10.134281556130126
16.504192094033165
-23.772545701252778
-41.8419348419452
28.78490837767589
17.09885415810037
-25.72297420377592
-4.52593473133352
11.28986749201248
-5.556243551109874
11.3429918778536
-19.059016383729578
42.67912449596671
53.47264325560494
-18.95318772527945
-35.733818941024744
43.4697189139232
-44.16528397218959
24.60396936262008
-17.55051149261861
19.53587107216951
57.35217733709895
-22.926738938998746
-80.92026627879231
26.702915162589704
-10.192724031705751
-60.762496144318995
-27.21166563847501
36.93244991641911
-28.80825888762267
-14.90564540755521
13.243781950617324
-48.43691785141575
34.21897505068847
21.053591909828413
-58.353843786164575
-16.3093677259549
12.985558321555631
22.015378026091263
17.836505265102996
-15.23632269217705
15.477023148089486
-59.05530431070779
-17.544625082966938
34.23934808836925
12.76997073313813
63.261998134994336
-30.025698886435727
37.98720510911109
-26.444597870021646
38.5491538848757
5.2380161955263365
-12.044869943977174
11.736955818492566
16.391572892292498
-7.115252104182937
-28.969515273659894
3.9397454109105374
-36.921678546232336
27.646001498636494
-1.7264373568255031
28.557376397534842
-22.22389596306463
-55.297289052587196
-7.587159226844529
2.2366568616222953
7.820426661203339
68.09086116215141
21.646302781497674
38.51101396894813
57.58272580172579
44.97086465909265
-46.75607966218097
18.47679539882016
-14.007411086961378
-31.827616283731107
-44.655306752121675
-1.464483242334685
-24.696100467184934
14.778453468183127
22.029831395375723
27.466526162979655
8.02805872410656
-24.888392134113882
9.263418030155885
53.642585553450445
35.73086450600739
12.62926811524469
-31.224008040160054
-22.27178012641782
-38.785439061452465
32.451000912510764
1.2562654225219325
-8.097794075331706
14.10708046008091
-14.800184985180245
45.47576199118788
29.61156506939192
-43.19653293036153
-45.48073675015703
-18.42322503882041
24.452939704586004
-2.0824191614961522
38.85042275965072
5.6709263146874145
16.068064828392007
-74.71661890636025
-31.592795456277017
0.7675265712409891
-26.591479367173697
-6.848827776428648
30.14187731509194
-19.626839879044457
1.668179216169319
38.32888227972195
16.588951224397317
-45.43744739554059
-5.262420171106777
-66.69197303868752
61.718140355366145
5.108649110614272
-31.758032574227403
26.948685799976566
23.339383768692493
57.309661137744285
-30.17250386730783
-28.80823260217989
-26.521479467137414
-40.52531558224919
-5.442443917341631
-18.342704807076068
-12.223008204532572
-34.369264357717284
-40.84540239149838
30.522777648320183
-20.941491004858765
-52.92760237229258
13.852737481633044
2.5652376674928106
14.439922026364325
58.602260022663465
48.52710928655602
1.6245103841100317
-37.71673714390386
68.27045794676718
37.281444173333334
-7.576529594826675
-78.15581416525255
-19.71063053025862
-32.87000916442067
1.3185230968191353
95.74906841193689
-27.610053421455962
-32.83132518504706
-23.001758737391715
-18.631343850575785
-24.48083774168705
-13.054009597069168
51.26944244952497
-49.713239644505556
102.6872946620552
49.55939997171858
38.16412637467259
-17.174160008667712
-18.28172222875707
43.487391110824774
-13.674889633722753
-4.182994583399291
-9.34156336036498
-18.33634027936069
14.082240660748512
22.577764445417763
-26.818680645121464
-4.110638503359075
12.52752163598882
1.5596359549837944
67.18704568510871
-43.39240956478416
-27.852257793102655
-8.809282698112467
6.950797673176075
-53.98459094345798
60.978762118282674
38.45932981990758
-48.0578113137112
5.156526164037056
25.1593396450128
-43.64720868647545
-37.100119532757425
-52.8561958628849
-23.490304882788276
30.77436904590338
-26.18665218693704
46.850425336416095
18.142318873901676
-14.64527737243793
1.2623277642112112
-29.99083739353497
59.689095654176185
-1.4161282367806651
20.73348576551355
-4.712201741413467
-0.5320380446589955
-29.148702241103884
-47.1400526124315
42.35975882806058
-61.81188013428797
79.14118593628591
43.39764185299202
18.421711049680827
14.460041599911438
-19.197529808678
-33.575479325864364
31.64992267879169
-6.606233139750988
-9.972786194789535
32.825033728109126
52.77888102666522
-67.39566065528798
9.140266851663348
29.1891137486634
-8.747505154631515
-34.443178204599256
7.950753203206236
26.368738146978743
16.411151305879997
-68.96041400923859
12.069767472429781
-28.33938915563269
39.47679177027049
-45.05591632876407
49.35799766540793
27.299692850330747
39.20456654918186
39.45821039250573
-42.629125661342634
24.116595490395756
-52.69935256746413
-11.155603184696854
27.37845548537492
34.939591056438864
28.935526597687076
-32.41085691014867
-41.817773457096564
-37.429877957949216
-13.982634076210127
-23.516960441010923
3.269217988770314
19.042303430339736
8.219950558657784
45.682000215291374
11.32900774506971
-33.79430371600623
-31.09976902334596
9.021751623199613
-41.45367170799617
-66.24360219202019
-15.740806383486737
61.48718032563205
-23.074225136319658
-61.89642702209082
78.65094213658759
-76.22766859042302
46.28278182690102
-12.058699991989693
13.870427374275614
-58.99994536134549
-10.167584728544579
40.106926268836496
-6.804858595987729
-22.46928044687844
15.228112566622924
-30.02881766530958
48.887519409323986
-27.53577364665321
14.76324729831757
-14.601047235238681
-8.449018207971596
30.27907582670249
12.75992657496687
-38.21077617274988
-20.033414752790033
32.3398346843275
108.30492182157226
-5.771166430657101
14.702040047924037
-23.27598154309605
64.88011256941789
-26.052228270252037
-11.57841592049044
-9.152709180452232
40.72733746639678
3.2736098475181388
-32.59518021576856
-31.424089801057328
-59.56855241623616
31.423746482513533
17.304067411104267
4.367435148814552
-17.226253213636905
-16.63427663555748
-33.38210843667935
49.760340133546606
-69.4749953318194
41.918801378913145
9.287939859560254
10.99561561702664
70.8333140450516
-16.15162373657938
3.2917819848994396
6.363683006765851
-45.45544674189679
-80.95692502731855
-46.022582071051914
36.721516305420955
4.7095880420861915
-49.37231557466447
-44.072304864764426
11.34510404171384
40.15380006893514
10.953031623352036
54.44090727306237
-5.928580382524304
31.308685610594523
30.127950674658358
-28.368553376112967
-28.77498884565047
-26.1752705185459
-24.81371055895197
4.944536511569648
-19.31382317968432
15.701456097596655
19.51711181462939
24.244575704166117
65.52024546039874
66.62323512221853
25.58054248042274
7.316849013210744
38.17754242857102
32.74682132813194
-7.288001366704354
66.62180282921352
74.80700526592634
-5.605776574222693
-43.20434962985023
-28.392510984799756
-45.30996796145684
61.925115079882524
-71.89966772672732
0.010783134715932896
-13.05479523346574
7.019297665667115
29.394061975240795
-32.77835420487342
89.76978281003159
55.87060543076389
-23.34482848322861
24.951914471738654
76.66957332460838
-4.073489491388791
-0.6313101600531885
40.206794967130506
12.686471482569859
66.81031683972697
-35.818949983384115
-56.683522723639335
-9.957993403782258
-33.752756744447574
-24.448305611053428
32.20902099716087
53.27434923583342
10.3070979302749
-16.67755333582507
-14.488062120541791
-12.470636913783187
-21.203495614145233
-21.16696280599107
16.361609067111026
-41.55454729852025
45.16436856390528
-31.40108037595012
22.58926463276795
-3.486035873079174
-85.03324208798219
16.4247106252406
37.45829799389405
81.80747265122244
30.396759932825027
6.794789587627581
61.19046443898642
-15.679329769505586
-69.01613037596606
-23.229863420866316
23.97047011842594
23.47040732990833
67.93365356894303
2.491051970486063
21.938141246388216
-8.88885459985491
-64.9921867522926
38.815722799182026
110.89988111026182
-56.428354083362215
-5.399619647622399
-9.737093353156109
14.057694647882872
-26.65031086811772
7.75922343424748
30.137780004630635
-2.275365526935621
-7.259343315414569
20.872500352186098
-2.9783140845722014
-10.132636035217708
-62.0309882467182
-51.808741512526254
-13.477446614890225
19.553855259385443
-21.077547026215562
-98.67065121084805
-11.94967218539271
5.08696772652215
39.583378840160236
42.95487625568096
-64.41537525002893
-39.7122732034407
-21.83769962142614
60.639363602648025
37.79202361195287
1.269031896282348
70.00506477006205
25.201774567373565
-58.64685881136976
-42.59486938206623
30.605044488820308
-8.374585310595958
-9.32500429194013
-59.33659341731767
-11.274950959545789
45.83316548734583
41.92688996346807
-37.09086059152322
-35.802184219162015
64.6538077726494
-11.08458077467736
-9.788036474998792
-5.50717563001717


1.3943366367646568E-9