100
0.8192645056570786
-2.1012308034052434
-1.1109070375035146
1.7426680432841009
2.0205630703311677
0.8190450449941371
1.8017723887963017
-0.7547113744255927
-2.4545260552320625
-0.7805932579881683
-1.667871040650998
-0.6813391590439172
1.1123186297959573
-1.8864078311293189
0.8905721251065232
-0.9840356352677098
0.3094585594239012
0.5327370749009582
1.1262942244534908
3.0866357634553956
2.188687165491073
2.133674599015376
0.73144715241304
-1.0556240454497445
-2.310984550359047
-3.3617416741921176
-0.8049285123462516
6.267055359000778
-1.0765302525417568
-0.6771679010239142
1.0827016322955116
-0.25906971007360935
-0.06928332581855631
-0.741964049482816
1.5958928036183695
-0.811457184607229
2.2012434294284042
-1.7082775509088175
-0.7014330552577073
-0.26201830204097154
2.9689479207326177
-0.9687597765117305
2.199792536449408
1.496342132182146
-1.0744788755546064
-0.23602254362507064
0.21541646166764392
-2.229886066809941
-0.9891146335808982
-1.6296768491248517
-1.4923620526113894
-0.6721509583630081
0.8658292297250467
-0.1966342866703525
-0.783051925803666
-0.5535223780595124
-3.6845743401293265
-1.4727566898593374
-0.7951573046409945
-1.074072058655644
-1.5608920149132943
-0.04206841928912752
-0.6442594412397332
-0.841306001102335
-3.8764385139124804
1.7763349825516628
1.166124607699012
-1.2324571587409188
-0.28422277042207394
-0.14064646884547716
0.5509129567167784
3.2736364817614962
-0.707502076252049
-1.7123241889006506
-0.09600293251246086
-1.4728772238899688
-0.14919561268092207
-2.419246104449117
0.9979958805965055
-0.028091998829050863
1.1505026089474228
0.8164758746781885
1.7377372420609438
-1.657974579406564
2.704598048282932
2.4544144604089024
2.1071958330267067
2.103711529618778
0.3300553233131487
1.0118771360003922
-2.312480081480321
0.6238649309187347
-1.1408376452962294
1.8062215037095604
-0.2733630483045807
0.040767265896359796
0.8481231841242143
0.5601641547968823
-3.5269502505319443
1.8894844640258455


8.501620706000093E-12