50
0.12313534754370858
-0.21738130193660965
-0.29478474028491436
-0.12332014271315073
-0.01132718451432857
-0.35383923264745887
0.16375912229279133
0.051154050218517044
-0.011175560780752214
0.020435809407203187
0.23311326437114166
-0.23288368337940213
0.0532833056282247
0.12094009498877689
-0.10821756623316559
0.19557222122496182
0.09961652323243475
-0.1811161272702045
0.36237406527764304
-0.20676633600203198
0.22103356521402695
0.12675348983695278
-0.2453476988076666
0.13124405283812213
-0.15255877168371212
0.24361809970535897
-0.07449832198065187
0.13861745548376742
0.04549709170840743
0.2973149167310184
0.12284821386642975
0.2308647974016036
-0.2339951607287447
-0.09427573473228634
0.041619672798076435
0.03990906773589514
-0.04014303002042363
-0.013670899426536653
0.23164199802131558
-0.15383969863506014
-0.10039781672446724
0.20016101552699694
0.1735686273533777
0.4994799314805898
-0.11199694808623434
-0.28247068842086853
0.06074991409673691
0.013299000919763548
-0.2039853764088131
-0.5680541617972479


1.3444512206404677E-11