500
-9.260840463129695
25.521833800107643
-97.01070680913486
20.11060025896399
-33.79721070138962
3.5964048539910722
-25.81320330419036
-31.27606371922677
0.37774468813399587
32.34222329173132
11.702408296595246
26.669792594463267
16.73815152318633
68.61910716971832
-19.178891724772384
-39.82653949813489
13.024187003706794
24.54644238491731
15.899522006792202
-7.678374713997003
-62.76649085500705
-26.58510679819461
-19.477175202906146
-28.45618203626247
-28.336244104803683
-45.479052021555205
-17.06055355949641
41.58455846559567
2.9840960786847313
-34.463960724936996
25.437232664750837
35.96193728018025
-62.24687930273319
-2.674146011130946
-5.379450059323509
-0.4960356285566704
-9.41066249633788
21.87445013889551
27.103183290002093
-11.731826323134717
-4.464970078733584
-24.423895642541112
-10.35042752410011
-7.004291260953334
-29.433656016946212
26.580027548927443
-11.742783103332131
4.492835581323646
10.293003722988034
-15.108428043184807
-9.265899028526515
-70.66236976570363
27.059666574163646
10.134281556459763
16.504192093337693
-23.772545701337307
-41.84193484135728
28.784908377844804
17.09885415836109
-25.72297420447544
-4.52593473061761
11.289867491508302
-5.556243550570546
11.342991877376374
-19.05901638357829
42.67912449496923
53.47264325437486
-18.953187725091443
-35.7338189395082
43.46971891354941
-44.165283971068895
24.603969363214617
-17.550511491495854
19.535871071101077
57.352177335599706
-22.926738938406203
-80.92026627691635
26.702915161828255
-10.192724031512435
-60.76249614386175
-27.211665637386037
36.93244991522632
-28.80825888725586
-14.905645407172287
13.243781950722166
-48.43691784994305
34.218975049950885
21.05359191021922
-58.353843784236744
-16.309367725496962
12.985558322108902
22.01537802530237
17.83650526463406
-15.236322691870162
15.477023148437418
-59.05530430942541
-17.544625082014047
34.23934808752812
12.769970732522234
63.261998133072936
-30.025698886829773
37.987205108204265
-26.44459787075959
38.54915388476683
5.2380161954172735
-12.04486994444713
11.736955817825784
16.391572890944886
-7.115252103420543
-28.969515273362482
3.939745411996979
-36.921678545994304
27.646001498318043
-1.7264373558215542
28.55737639726658
-22.223895962953474
-55.29728905210451
-7.58715922775714
2.23665686219088
7.8204266603678665
68.09086116054054
21.64630278089565
38.511013968759926
57.58272580146107
44.97086465749038
-46.75607966097372
18.476795399590387
-14.00741108696308
-31.82761628273879
-44.655306751541424
-1.4644832419925125
-24.696100467103847
14.77845346893936
22.029831394983535
27.466526162339246
8.028058723343545
-24.88839213354514
9.263418030962486
53.64258555291143
35.73086450512373
12.629268114817334
-31.224008039251956
-22.271780126104737
-38.78543906151424
32.45100091173653
1.2562654226489376
-8.097794075115637
14.107080460630728
-14.800184985084869
45.475761989395416
29.61156506819268
-43.196532929895035
-45.48073674895561
-18.423225039350424
24.45293970377471
-2.082419161291754
38.85042276016066
5.670926314618956
16.068064828521578
-74.71661890555426
-31.592795454662035
0.7675265713480202
-26.59147936781998
-6.848827776663601
30.141877315650714
-19.62683987850312
1.6681792155483972
38.32888227863539
16.588951223919473
-45.437447395875346
-5.262420171010519
-66.69197303679627
61.71814035476326
5.10864911078657
-31.758032573690926
26.948685797981657
23.339383768717653
57.30966113635606
-30.17250386624507
-28.80823260187837
-26.521479466919196
-40.525315582605316
-5.442443917667688
-18.342704805938855
-12.223008203724042
-34.36926435779898
-40.84540239031675
30.522777647875873
-20.94149100497304
-52.92760237109134
13.852737481441292
2.5652376678912683
14.439922026700998
58.60226002255429
48.527109286738614
1.6245103848633562
-37.71673714324611
68.27045794611287
37.28144417200835
-7.576529594593244
-78.15581416351563
-19.71063052978889
-32.87000916414718
1.3185230969028363
95.74906841059473
-27.610053421533372
-32.831325185150654
-23.001758737469146
-18.631343850569586
-24.48083774100814
-13.05400959624814
51.26944244820758
-49.713239643953635
102.68729466042824
49.55939997015756
38.164126373345006
-17.174160009083018
-18.2817222288559
43.48739111027079
-13.674889633204398
-4.1829945831039455
-9.341563360016677
-18.33634027851624
14.082240660640668
22.57776444517322
-26.818680644648566
-4.110638502442971
12.527521635640719
1.5596359559561346
67.18704568488822
-43.39240956429274
-27.852257793465675
-8.809282697050776
6.950797674346748
-53.98459094338345
60.97876211620996
38.45932981996765
-48.05781131365478
5.15652616329929
25.15933964486455
-43.6472086859206
-37.10011953203113
-52.856195862129766
-23.490304882534996
30.77436904494405
-26.186652186735287
46.85042533541879
18.142318873728687
-14.645277372502214
1.262327764713895
-29.990837393436482
59.689095653604674
-1.4161282372874044
20.733485765197567
-4.71220174155422
-0.5320380451314098
-29.148702240897933
-47.140052612216756
42.35975882744913
-61.81188013309826
79.14118593458173
43.39764185277594
18.42171104972199
14.460041599869317
-19.197529807737318
-33.57547932450623
31.6499226781378
-6.606233139829098
-9.972786194497106
32.825033727481504
52.77888102529947
-67.39566065467756
9.140266851160405
29.189113748989193
-8.747505152379327
-34.44317820468495
7.950753203395141
26.368738147198076
16.411151306216823
-68.9604140084144
12.069767472461475
-28.339389156243296
39.476791769402965
-45.055916327405534
49.35799766397665
27.299692850018946
39.20456654810164
39.4582103910526
-42.6291256602722
24.11659548998505
-52.699352567025365
-11.155603185467012
27.37845548406411
34.939591056128165
28.93552659709531
-32.41085690984519
-41.81777345692164
-37.42987795760551
-13.982634076024752
-23.516960440886173
3.269217988587232
19.04230342982981
8.219950558228378
45.68200021382706
11.32900774433595
-33.79430371532885
-31.09976902234325
9.02175162301384
-41.453671706173154
-66.24360219017012
-15.740806383507337
61.48718032520193
-23.074225136010448
-61.89642702139276
78.65094213555484
-76.2276685890952
46.2827818257518
-12.058699991832095
13.870427373784356
-58.999945360502785
-10.167584728796362
40.10692626702253
-6.804858595889278
-22.469280446037658
15.228112566022963
-30.028817664749628
48.887519408064364
-27.535773646291805
14.763247297570553
-14.601047235198717
-8.449018208507901
30.279075825856797
12.759926575208697
-38.2107761726303
-20.033414752649676
32.33983468411888
108.30492182033775
-5.771166429895635
14.702040048725632
-23.275981543003006
64.88011256814502
-26.05222826896046
-11.578415920529123
-9.15270917964061
40.72733746631558
3.2736098479643236
-32.5951802158737
-31.42408980107889
-59.56855241521498
31.423746482550666
17.304067411439075
4.367435148532061
-17.226253213893912
-16.634276635705206
-33.38210843571963
49.76034013307893
-69.47499533033995
41.91880137837482
9.287939859225133
10.995615616764491
70.83331404458755
-16.151623736474594
3.2917819855311286
6.363683007565001
-45.455446741189895
-80.95692502647843
-46.022582070793945
36.72151630477898
4.709588042601503
-49.37231557422985
-44.07230486349413
11.34510404129732
40.153800068190264
10.953031623523241
54.440907271642544
-5.928580382848233
31.308685609318964
30.127950674254723
-28.36855337626718
-28.774988845217468
-26.17527051819054
-24.813710559006722
4.944536511456346
-19.313823179485727
15.701456097748688
19.51711181503366
24.24457570445862
65.52024545994949
66.6232351213332
25.58054247990612
7.316849013054755
38.17754242866882
32.7468213280753
-7.288001365480399
66.62180282847709
74.80700526493636
-5.605776574133556
-43.204349628720806
-28.392510983891555
-45.30996796048201
61.925115079230864
-71.89966772573123
0.010783133803520112
-13.0547952323155
7.019297665308192
29.39406197552876
-32.77835420473402
89.76978280870507
55.87060542857658
-23.344828482908234
24.951914470661503
76.66957332473602
-4.073489491126252
-0.6313101597243452
40.206794966227825
12.686471482118467
66.81031683915782
-35.81894998315811
-56.68352272306065
-9.957993403004071
-33.75275674321415
-24.448305610599565
32.20902099590673
53.27434923452378
10.307097930064248
-16.677553334939052
-14.488062119543391
-12.470636913781794
-21.20349561402521
-21.16696280482342
16.36160906636153
-41.55454729772479
45.16436856322804
-31.401080376028066
22.589264631500544
-3.4860358728905965
-85.0332420873789
16.424710624544076
37.458297993809246
81.80747264973377
30.39675993264323
6.794789587248464
61.19046443848485
-15.679329768806873
-69.01613037554627
-23.22986342071277
23.970470118531015
23.470407328867697
67.93365356870801
2.491051970583248
21.938141246490446
-8.888854599255
-64.99218675167282
38.81572279861109
110.8998811084194
-56.428354082074826
-5.3996196479422
-9.737093353148936
14.05769464771318
-26.650310868409342
7.759223434819207
30.137780005257923
-2.2753655271597633
-7.25934331429717
20.872500351654374
-2.9783140849965215
-10.132636035064031
-62.03098824537586
-51.808741511042975
-13.477446613797694
19.553855259442827
-21.077547025811846
-98.67065121027277
-11.949672185377265
5.086967727917169
39.58337883963598
42.95487625426524
-64.41537524955706
-39.712273202454035
-21.837699621773563
60.6393636019138
37.79202361208659
1.26903189671095
70.00506476878839
25.201774566804414
-58.646858811187485
-42.594869381090106
30.605044487863637
-8.374585310956089
-9.325004292771753
-59.33659341736584
-11.274950959156461
45.83316548702436
41.92688996246329
-37.090860590680904
-35.80218421919314
64.65380777100395
-11.084580773782928
-9.78803647476504
-5.507175629561274


1.1536227257693706E-9