100
0.8192645056562167
-2.1012308034061165
-1.110907037504522
1.7426680432834618
2.0205630703312574
0.8190450449931871
1.8017723887963177
-0.7547113744255938
-2.4545260552314385
-0.7805932579891655
-1.6678710406500572
-0.6813391590437351
1.1123186297954444
-1.886407831128888
0.8905721251061715
-0.98403563526784
0.3094585594248661
0.5327370749003338
1.1262942244534053
3.086635763455179
2.188687165490592
2.133674599016106
0.7314471524132595
-1.055624045449105
-2.310984550358797
-3.3617416741915287
-0.8049285123461531
6.267055359001674
-1.076530252540394
-0.6771679010241548
1.082701632296016
-0.25906971007307245
-0.06928332581792407
-0.7419640494830783
1.5958928036179532
-0.8114571846066672
2.2012434294284766
-1.7082775509080006
-0.7014330552580688
-0.26201830204093096
2.9689479207321154
-0.968759776511752
2.199792536448953
1.4963421321819057
-1.0744788755546861
-0.23602254362561098
0.21541646166815132
-2.229886066810096
-0.9891146335809679
-1.629676849124944
-1.4923620526111057
-0.6721509583629284
0.8658292297251111
-0.19663428667039332
-0.7830519258034481
-0.5535223780594771
-3.684574340129092
-1.472756689859518
-0.7951573046408794
-1.074072058655504
-1.560892014913131
-0.04206841928926247
-0.6442594412398026
-0.8413060011019968
-3.876438513911882
1.776334982551299
1.1661246076986411
-1.2324571587409725
-0.2842227704221295
-0.1406464688453676
0.5509129567170759
3.2736364817610077
-0.707502076252033
-1.7123241889004506
-0.09600293251285519
-1.472877223889809
-0.1491956126809686
-2.4192461044488334
0.9979958805964639
-0.028091998829013143
1.1505026089476562
0.8164758746781468
1.7377372420605963
-1.6579745794064171
2.7045980482826097
2.454414460408781
2.107195833026296
2.103711529618311
0.3300553233133732
1.0118771360001653
-2.3124800814803512
0.6238649309185298
-1.1408376452959323
1.8062215037088063
-0.27336304830438085
0.04076726589625073
0.848123184124046
0.5601641547970563
-3.5269502505312604
1.8894844640255595


3.401406339019591E-10