1000
-6.61042718179212
7.403178459311743
-3.401286872630025
-7.466807384650015
8.379924778044249
14.235652925863159
-7.779169761926077
0.08497796855698081
4.8399894200618405
13.598774297357647
3.7715957509534834
3.8555829273392854
11.179521700011446
-11.123583276486135
-10.661591540673967
-9.252606495878258
8.71957120833498
-12.884923903522868
8.55154320094567
-1.1296259168428393
-18.017936036230264
1.8207570187650268
-4.106332671161299
0.5572056802083654
20.115288650852555
-14.133795812682026
17.641484710989
-17.19283804288665
7.7797882238453075
-4.10131118135474
5.694132797508046
-4.73520437301492
-13.28627599012886
1.874258767412036
-7.3477122019346455
-0.21283253637757593
-10.544636653840763
-8.149248800800306
-5.126343881139313
1.4356267506685814
-3.632496426032248
28.164980845869593
-14.87056096670735
8.659385580482745
-6.881955934849304
-9.128200059909837
-14.534596076122963
-3.15068963019188
-0.6314319358281325
16.78334877514129
-2.9382402685145763
-9.828365095611899
20.397142459331054
8.314157520757316
-19.405629410520568
-10.43457313179874
-16.346060695360766
13.87534847470695
1.3726694994969386
11.669095079688681
6.626647293532028
-1.9008527500037211
-3.7752272360934516
6.006599154724306
2.643765932388062
6.657803113895462
-10.214934282836058
2.001206823987542
14.735045726977669
-23.682861697286295
-7.045210898248021
9.297565855639885
12.36339856949189
-2.4158576744047906
9.175827333695986
-12.919354380744334
-10.942009641108248
8.92653089693976
15.597425997458327
7.136955880543205
-3.745534256418821
-22.092232739844537
-17.240618789597757
5.286231581362848
0.6732518375879291
13.68221378861056
-4.757702643643199
-5.707026126705981
-6.533663587670683
6.23222489815808
-12.122376454309654
-0.27084379029474714
4.52030270644319
7.833066445688613
-9.601655445296188
-6.34055173345311
-17.504168294073107
8.600160614448093
-2.9485746012698897
-13.615261938006094
10.879719197498972
-7.919312936239076
4.843241617338663
13.71858007481801
1.64916965840195
-10.733073980783224
-9.888518524562244
0.8946143921271157
3.887734344380133
21.175533892207344
-3.434033325526521
5.667714205946624
3.210226872156278
-15.683187902416808
-19.266590763892243
-16.414108984715924
-9.047323538917594
2.425028509296989
-2.6173069019007924
0.9932571090679609
-1.1034377621326747
-0.10742420694606158
5.583005473784758
-6.757684189654738
-5.734240869490166
-9.88013517244535
-8.453390302703593
-18.181501750706836
3.5672992309048914
6.185434750308041
-12.716202287721558
18.270682571720414
-4.009182473979787
-6.968554961713105
-9.547733518587318
4.196695590216036
-3.7076388725560188
7.501035680153494
-19.76761645511737
-10.761550846536315
6.9781334815122635
3.9710869370459587
9.08487451975964
-7.680284082902805
1.4753620186891294
4.90620393441062
-11.374311411328746
-11.399088356006722
25.60480193352207
12.36789476948373
-6.418074865809963
7.227323964861398
-0.25094538129047295
17.34624802301824
-8.682414981037986
-2.881742193434283
5.89380385953723
-17.10573209271339
-3.674016592066443
-4.503389179956283
-14.107014035860226
13.461144266410173
-18.20000907952276
-8.806236987367114
-18.202988288238554
11.422674238549284
5.708212068944286
-2.716612219692501
7.680447805880415
0.2721613037843553
-1.7656444658733534
13.356361796640774
7.01049880983701
15.777090348642343
-5.152254256082424
2.1999289686459678
-10.845685104996116
-10.030745030217158
5.74894683965502
-6.384143047986254
11.334125810424444
-21.128412615679686
15.971466876412173
2.782167940525388
5.0316232736014666
5.850508869770406
9.858434348640955
-7.293847093211509
3.4206673508531473
-1.2068036234449264
-1.3940524485880388
-13.406955137870531
1.7177102272385543
-5.39329496475221
6.654538171632986
-10.692548861933485
16.497483256505173
-7.124394249800368
-8.903449315862524
10.527209596901928
11.579347437228865
-14.368581756311311
2.981179902704161
13.117675222412128
-4.551249640890583
12.02574871811271
-13.261321580101905
13.628248205533872
2.1815794567273414
8.288107405615785
-2.973463339748319
4.897868295298799
-0.5750252415336632
9.095444723514293
13.61858707569056
-16.714039685865046
10.43734300845811
-9.466172894467457
-0.055676416868135584
14.198631433936026
3.2469176067783914
-2.808423135590069
7.17341259027319
21.965550318638623
0.8026912981864822
3.5131667105068183
1.78735834416697
-9.734117374405802
2.447343200453342
-0.5518453056786199
-1.5815824325083963
-1.7555924897019277
-1.8203864854950547
0.8478535778298677
16.215898819161456
-2.7304474571996056
6.508309090346471
-9.55911681854501
-13.874134156757671
-2.8167452643780724
12.755698982919887
0.8370410904460391
7.018210317042443
-2.7653978077835673
-1.1557894514850364
1.1894408989610858
11.854216606695392
-22.97948237062965
-2.5239842996067976
-11.232916312425678
-2.552988330063995
17.468993756328242
-5.310752568001131
5.98098957444212
5.747320468111722
13.951429649166034
4.651086523195191
-2.702529002605861
-1.7663424697666341
0.8717565614645267
-6.631739991419714
-10.189323839859327
-4.6724356505035445
0.8830606120567654
4.984103535560853
9.20886098247389
0.03577012416856806
13.123004433214463
5.147500943015697
-5.271275401560717
-1.6915241240868644
11.95040853708228
-15.443250102418633
-7.387106172617578
0.198742769659317
6.514162028583478
-11.320287755386875
-8.919662768927253
-0.8751898126461984
-6.743967161938908
5.388052372618786
-5.339819364492168
-12.553955345361375
7.9845647092453325
6.571462434697964
6.528412063478839
10.253285177016446
-14.009623422637668
9.48580248324326
1.702436587866503
-3.9486712600350806
-24.44491185390538
2.7221457277111165
6.520148823104252
-3.026370678595378
18.214564979434332
-18.90755922109209
-10.679686468396067
-8.491707641040678
-4.960493791546624
-3.634662480050012
-2.806109048704875
15.107988346579395
-9.11960041922903
-8.285316955047954
-3.0272210860053237
-12.600033698023141
-22.71622401942535
-10.033951415854585
-2.990236114844627
1.3362939878214861
-3.521206494471084
7.479438560798929
3.473214497516699
11.441511334865977
-0.7783182418439691
-2.542704659527865
-4.836830227046288
-28.620300034754553
-12.883653404229364
-8.409256269343532
-3.3632187638597526
4.347973230754793
4.3609565495744995
-14.04691660289137
-7.418289321219019
-9.573155302520664
2.939800838415424
11.96544081056389
8.704206253294569
0.8516210610371615
-12.45974469138861
-11.30067673979706
-10.26934822888919
10.570929142327785
-1.1629054664507414
2.391044796290722
5.29665835678804
1.166819180324386
-4.945545659206623
10.382906704028402
4.421884158027205
-13.910947506835107
-13.295363223654693
9.256531194268797
3.0323875198281036
6.5332445160058565
-14.115199560533938
-1.531373483555302
-2.8316553277477734
0.6870298604291615
-5.678032629285111
1.4056090542759465
-2.8371556958801185
-0.567347390071448
1.5931437091080067
-17.80050369210409
13.110174940208472
-1.9377940131590812
-1.9470713285949117
7.316337296643788
-22.370058998285515
13.73581833264176
-3.7312937551968925
-2.0461246480089263
-12.963863722835532
9.476498047998183
-7.818414991611271
7.415377874485751
-11.561214729633837
8.224983652545902
3.843612828259819
17.583009181735246
-6.837925698447398
-4.886072026322495
-13.65496122432481
9.395154899145274
8.688123452336734
-7.441428084736639
-0.40355282959586497
-1.1259247956497838
7.052979062585247
-4.334741936886246
23.067643879029422
-7.526922783684012
5.148345125323232
19.168755519218145
-13.954383209927185
-3.2191753196394663
-16.363203026952583
-3.334586933951851
-1.426920052187151
0.36099483182768266
14.107896841375272
-3.947213662430558
13.567050298647661
-1.6801676687953249
9.572887217456797
-7.7679990444381595
-1.574052759481653
-10.62157158717251
19.9977666480804
11.891294477782782
-12.70144558367646
5.385738219955734
5.997618629468402
-12.670901726745045
-9.689989057772799
0.760212284319895
-0.46974616834175165
5.126684000307426
1.9573734441870567
-2.663319301559957
6.0208996410763715
2.42804024750595
-27.118242862059653
-10.147938377827957
-5.1271768228961685
4.3266447216047
3.2633258502876212
6.0450331462411535
-1.9349878114120567
-12.25069154468218
14.179004865121346
-2.242918404800762
-5.965854333655945
-0.9447285637937716
-6.817045284574814
0.9223500809228364
5.123057464026704
10.518725465181541
13.589396875651877
16.442734728860707
12.228837451463878
9.299880521784486
2.1705407696257906
-1.8430293132577944
6.989135381885308
11.448244307000706
-12.107627369801866
7.9358263656749415
2.7398768718541064
-3.054671809005931
-10.767475989862042
-2.459708711816371
14.622540182435785
1.0185516621216002
21.741926096999507
2.3622154395325308
8.511453376140347
-7.088314274016663
-10.48541176163916
10.875656395536335
12.85060514986843
-3.92164460184609
0.34583058366994474
-9.222185667313806
-9.521854094689756
0.11009427986862119
-23.177882030167837
-3.9225969930488906
-4.082704453511758
21.897431285100172
0.43011889347528354
10.63136337102878
-6.955262310268887
9.488004938416324
-9.496929759202816
1.9292911596766178
1.9857529159275222
8.169917063017031
1.2101229403451148
3.279732570018439
12.509317418444816
12.736244289038945
-9.047937351062048
-1.0808920086743075
12.212983625285442
-13.06917271144363
4.4692537253396765
-5.598189376885955
6.145449325870656
8.867643590968004
-12.02190050849385
-0.6178857072504299
12.653161953463169
8.803671236449828
1.2305202017631993
4.285195578763457
3.109016437602226
-16.467038630543474
-1.3560996208557026
12.613708603586058
1.6152647143672947
-1.4884049521461569
9.178150323366863
-5.639844911056071
-5.113223365352399
8.472548315704747
7.110008265045834
-3.1129928368078486
-10.813535105084439
4.531529764403221
-8.858111338276544
10.97888062636103
-0.6987370816650013
5.267735262173894
-2.9774031154748135
-2.383580563964264
-2.410057576340335
-0.7539615177990735
10.337366022112805
-13.24649263489161
7.681237242312767
-9.06974717420826
-7.4899936558392906
-6.088397724247787
-8.502495719763699
5.493952113920813
6.896122113971512
3.2398229734474824
14.705416510055912
13.45518552627154
2.451900871804659
-1.4804907240586207
-0.12825280172707842
-16.695757237378082
0.1677138826087553
-20.551978920364004
-9.353588246340156
11.756747480786233
5.40456853088951
14.862127806113943
1.9340785645901724
14.98783740156616
-20.52920509982389
10.53079644744316
0.038265719018970135
0.4313483993883215
-8.119665539456895
0.03638019667854353
3.2470767467639554
14.17149894725936
-3.690477724810955
-1.3174665526498668
-7.433473972448783
-0.9353153219321811
-4.509433962516226
0.207301850886081
-2.234178118676826
-17.366887485394003
2.4915486751349216
1.6216516775550165
-10.349103768126879
-1.3359887334193516
2.6291861189176644
2.9093187551642625
5.944846560631406
9.924164897885325
-2.411831373536427
5.926621496593566
6.357955997190473
-7.933069138314132
3.5755326665646736
2.695371884488381
-4.130234868506779
8.497414824996063
-9.06757706417227
10.48764620285891
-3.9195719399755085
2.5576875499375387
18.382455874655037
-1.9567572338516412
-4.03096017167643
8.739391336154549
-0.8837273031316508
-14.46149346984604
-5.207322552640881
9.905181904531858
24.475496604305636
7.851319571112323
8.464863986728814
14.885798787795519
-0.42348267595051836
4.782557682806951
-6.401029473964972
-5.943944892823247
-31.66194227178584
-2.12948780588656
3.4263641596232093
-3.3108014869861266
5.812384874198397
2.471727946104952
14.304766874818876
-5.424803235197309
12.468035934389993
-1.1013092363324766
-12.949304634654188
-1.2997265239151152
3.424615274590776
3.4849005564522457
7.607547227296804
9.445981427323387
0.7771585971371275
0.32042785547891606
9.603513078989856
13.099199361568887
-16.40262394788329
-5.383137505841139
0.5349506730407055
10.268580216179217
0.3786159254511857
18.08793844013569
-4.588443643376139
-11.158927580438451
-12.87736543065409
21.125032427209415
10.645223657273666
-0.9436699070553491
-2.5475487608766603
15.523657104184021
-11.578059246406504
12.05426004422712
15.19263500470005
23.59039355267366
10.235974800845536
-9.637792622732054
-17.230565954776328
4.6254642636650045
-0.999245396395523
-14.147994984383498
2.786438171037224
2.949783051659434
-5.238419552847499
-21.81289649522315
21.901820680090005
4.849475291007742
-17.742221707453638
12.344961897945907
-14.220523691758958
-6.286218342775714
0.1705259542419744
21.759410756885185
-4.170476365777414
-4.193186084792706
18.759658230476674
20.47354408017319
26.310207305149458
-10.88168057485472
6.816238178029711
-2.0081109790121556
-2.0870060243848876
5.529556707124586
-4.710091097701466
8.848283980087963
5.200050380476642
5.357557135733634
3.455948072432809
9.42595251831835
-8.823809090948735
-9.834288871253774
5.533246763752395
4.723018666179694
3.4076040702134103
-7.884564040317343
-1.0493839848417157
3.377595380887692
1.7498018472331112
-3.8098378406057227
6.1281525804162165
-8.72416047369314
-6.969067133045684
7.297940332816943
-0.7522656970186087
-3.013846842083392
1.7821051581573495
-9.480657765026526
7.9484776081809985
18.23898487579922
-7.338098951296518
3.9524485181174307
5.41662334747743
9.71782932286699
3.043761933208131
-3.0499251544635664
-3.550323624350456
3.7002299510199026
0.02432810226527815
4.447080983113741
-2.0541520264808213
-0.6425371150766683
12.413951213592654
-1.6303148589678713
-12.562305222882353
-5.937830882213175
-0.02808579429833427
8.535059034828759
-20.138697249292182
-13.237151239902353
3.900870073747421
-10.980896194557117
6.311468445100568
-6.0157826989369845
-3.877075716487126
-5.7424815478819164
8.707717045105289
-5.393396428580906
8.937060244260817
14.301632924138186
-13.162244268833598
9.483167297393312
-8.285395299235752
-1.4160195194799035
-13.98627107025638
3.276066634889069
4.973561324787172
-4.679373743311851
-10.273387812864737
4.973687120906307
3.9601188566868952
-8.393967810665243
4.9725681795109775
-2.923408412429449
6.567597194017751
-4.978580820874782
12.319937690653534
2.508692209330415
5.8817526132544
-16.79036245882983
1.3175349708369692
-11.727698693301827
-12.643109579862164
-8.454395501485836
-5.462359991021138
1.0527402342293106
9.952903487181766
-0.04199661336455557
11.754997769125946
-3.1771379759721876
-7.346985718839301
-4.515065422322266
-9.609267674116548
-13.328370886541151
-2.891831215490673
-0.3646898996379303
-26.455477604103347
3.289191746069439
-13.690390145138707
-9.083308914114848
1.0767655796284452
4.112605048126292
6.437183051993845
-1.549680825238998
-11.416000194304406
4.893126328695097
21.32850220111206
7.335703363488534
0.7531905191141717
5.958663857501435
16.252360733763652
-1.0330109595522345
-17.696211057845392
2.3519376630751982
12.331720910981124
-11.773377589293359
5.477428939535323
-19.516810459211978
34.74541612599506
3.091682192275508
14.708849264376587
1.18308421295773
13.55522384840062
-5.428552486511389
-11.147143096639901
-13.882145267077732
-1.596507655532025
-7.528986529610311
-6.942058171529563
5.719830153511641
5.793348722711256
-2.7986587434092587
-3.190356859846526
3.657767309961559
7.433294525891859
4.413947383079728
-3.361224276787634
-14.608366425209113
1.1903603863354344
0.4178691939992337
4.337573289351
7.818486600373992
9.234916237065333
-4.13074339275788
-1.9256880697023449
10.67428474194597
19.88198626783517
3.047600263959348
9.553348996247575
13.266402426494636
5.793926166878478
0.7988358685707666
-4.548787444627027
6.3728254443905525
-6.421174285463518
-4.9641009487004855
-6.933478939766468
-3.492325531687369
8.056316725216682
10.163260011056767
-6.128184159311972
-14.90034512386769
2.7564882463113034
10.611399945174398
2.803620102978288
-10.719000035327516
9.238760032306917
6.384933315814598
-0.9036622137937448
-22.03269096912241
2.8475359120426234
9.67825136564887
-13.335253783126559
-6.844119563672531
21.05929081720691
-27.888439496293724
8.735253257569253
-3.0982255666200036
-12.344367863866246
8.45622397403904
-4.147049754059511
6.110447140336059
5.172643956119084
9.18382275521947
-10.31599867937195
-21.16847830735237
4.281512915338228
8.6427400875785
-15.360637899398615
11.123388418183852
12.677143131595129
-0.8173400018583714
17.635597712762262
-4.508124744249784
-5.0876023591424335
1.7220321636475924
-4.109585371997862
7.116786711922835
-0.47882594348276464
12.106328906780051
-7.225469422125625
4.521962165364495
1.5448903328080075
11.439455283778596
5.013944174385323
-10.300231111100741
9.149823715128056
22.891426376654888
-1.6839516295359669
-3.9102597681487703
3.567300773087009
16.844942974176057
-7.723515692898338
-11.97300488765041
0.3908487912842108
0.2838327165541524
-4.977405688246364
12.042284760742444
23.79347413706604
-3.2377058883417478
-1.2936383142132766
-7.029898013113944
16.41659569110286
-18.9260324195544
-1.8047138485609338
-9.357812039745145
-3.01340290401377
11.615675380995826
5.096679670142465
-4.113547899427099
0.9559324055338323
23.745868789455486
-8.677853272647518
8.890350451769152
-3.89516466710411
-2.9350129368838385
-2.1336965571710405
-6.991261230606106
16.20946586284654
-14.092030467828248
-10.107551756226618
6.319878142155246
-0.06544892231965022
-21.056719720054488
6.663402837343825
5.5161659232573275
-6.622848283510491
-3.718190022389241
-7.308920598526117
1.667784907385757
-11.279601709957626
1.4885547420932823
-12.773939930018875
3.7832880525636594
-3.732815395639131
8.917478449679251
-8.244660995389044
-16.32127963685544
8.835058234882256
-6.303848209480974
-1.59040753454968
-5.658387530939656
9.270299427769674
4.959380131117469
7.241162286066506
-0.5593390393675128
-1.7742992628875784
-0.19300444829623276
-5.7960594208010185
-12.378608327081182
-1.0341012224451291
2.879721070734707
-11.504004039310132
1.206687622208946
-12.8966665511422
-9.93508850963329
13.333934393098934
-4.41542915970337
10.585707622453157
-29.18326397883037
11.874018095821132
-14.950889165230842
-5.608138016235847
10.247177155280792
2.9951919983310065
-9.803596650063488
-4.6481553784407925
15.428798880529017
1.4634094698230844
14.914109670711921
-6.055607761774687
-3.116108559542605
-15.903434626968107
1.232693928328734
-12.779297232087739
2.8503521081018635
15.108877907453278
-4.650578659089961
10.141218684246521
-1.6977163307529055
4.931933290024711
6.170160183300306
-13.108561840596943
3.995235059599263
4.041804645947172
1.6403243714301345
-5.906988850970095
6.638859688377701
5.587492437752432
16.353814224777253
-1.8039226041475438
-1.3796241760022236
5.701790966471744
-3.9722168311768247
-4.8990576521071585
7.801655644126416
1.8782054260521763
-1.6014935886948025
-8.111893647080336
10.569304322800392
11.52518225783719
-11.657785147012103
-0.7783884876393194
-19.584770721766105
-4.8984842982477685
8.392752533369187
-24.48805229611336
11.201034088380096
4.44875601666049
-5.533027977401166
1.899893764507097
-11.53440738786222
4.212725300551753
2.9535416250902626
-4.4701318238094725
-10.844926135377538
6.45051934277367
-3.79585049222685
-7.848483040650581
-7.899361804656078
-1.614440785231937
-4.698935938904282
-4.7450744793198805
-9.032611667317687
3.7456657261164255
16.374264086339238
-14.865076711758196
-0.6024175994131191
9.429501189635266
17.504468362159102
-2.904468343727079


1.1888962027879678E-5