2000
-5.2247667617195415
-27.651494764573023
14.711433098104168
-5.81500833771668
13.79073123219877
-9.883858791596968
-18.06871307752198
-9.681310954929332
21.36636511213477
-9.43344311620651
11.289537827305283
-4.623877120271984
17.95728939025676
-26.022661498901705
-11.888528125487962
-4.331787437566087
3.803509129725575
12.762350163352819
12.90201312423367
-2.6841890590689363
24.57835615424313
-24.990500451927158
-0.2628524799062202
-17.203344362869306
42.925405260768386
2.763780792335007
9.939035989114982
6.186108061819418
-0.4174454438191405
8.583053225637496
-6.023770311091845
-13.252773108057411
-4.629926739411312
-13.80434572123633
-13.027749236648209
20.328916751838452
0.7882153174767157
8.663441515219374
8.34930920772983
-10.503842483851807
-16.617684064815766
4.244426832774779
19.510034329816516
-8.473060012431946
14.515197989010051
0.9767596347825984
10.993167427538651
20.510619468364613
-6.322210751266896
-9.001587189054394
15.451777910705127
-2.8312828194018085
-14.132108800473645
-25.418983463000853
16.724680439238394
11.455060875163719
29.191621067497195
11.837586430825494
8.527930004973141
-8.623815534003253
15.764678598410931
13.609873807362916
32.995447653991185
12.905806645534527
22.66893632478518
1.8855381384965029
-6.599062289802175
13.368254082946555
-2.9642635038517016
-27.73819416506953
-28.179057156821766
-19.45922606762543
-10.30508963742424
28.783253093250984
4.7904374270061245
29.797696845348252
6.173367054108777
-8.524358231051954
-3.0921906249908884
7.170018439560801
-4.993951033127463
-19.953517882300222
-25.916009314840903
4.972508139754569
-6.711734122578635
-0.8332119154529365
17.930473303069405
39.007706264933326
11.520085971474769
1.7151184835468523
16.22509237088247
-8.745547708025063
2.485046877685699
7.982193791618818
22.848686147968504
-0.5246760416636677
-22.443764261741137
-5.6812681242167
12.763123236706367
15.09303221395688
-15.376234177948698
1.9961438526920274
-37.14687427718201
-11.483378830326565
-27.45627613146121
8.17303507375201
-18.275687177911866
0.8480622241717861
-13.754593905071246
-4.027456527109885
-23.69707633265355
-25.816979006391087
-5.265303892308007
18.524325223140526
-29.66308213080961
-36.49049040893899
39.38957823516606
9.447652480021377
-12.746616782550134
10.656288290736416
6.905448190106312
24.15909076217409
-6.710056536977955
4.699868125605636
14.603876518515657
28.974245214747867
-3.96111727247949
4.748267054066494
-15.87585784877472
-23.322981557732966
10.595678190724747
5.084409110051785
25.859973886115405
1.731454521251921
-4.989021919427854
9.24729905841549
-28.060393369483954
-12.10872268735248
-28.787956166091394
24.04924619856271
0.11944576835253229
8.367085578265984
3.4498747486259314
-8.008508854809042
-7.626995333730637
14.516370947235997
6.203320642402224
-8.36138900737324
-1.1091780014666002
16.484120773860372
-17.28733442471348
3.12778561819777
9.881561016739786
-13.195173151972392
-1.1131588864676734
19.81243551795383
18.848788592165114
-11.472992488423868
-3.007170839496833
4.6317384839386735
-10.812146605857233
13.99968438182696
2.007934088144606
8.905081431856802
-14.342647107989473
-10.06567959160065
-25.36815995768347
-8.27824219780859
-12.653726567318989
-23.791055564831126
-6.829133376230772
29.380308169293706
-10.093195234560419
-12.454847801216962
25.09345521138232
-15.254643079336578
10.744655851679326
-12.798132670850684
-15.270639585749086
1.0850397234997429
0.20524976415454788
-8.546357242857464
-3.981853535270654
22.85998520430291
-4.531804878725845
-9.852428088618623
13.5833216240241
25.03420356523428
-18.815145621419674
6.823141967140177
4.804073402921889
21.27162242390214
9.169549562877235
15.738244676416583
-3.5626529647674716
46.583014525751175
4.427096457788599
-22.41430321960036
-25.43160520780767
24.768830110611685
-23.560040149598315
-4.414163217603664
-9.648421833077903
10.481193396025992
-14.976200796094215
17.970861341110535
0.4595811978338904
-12.753299039421702
-7.818140588827502
-0.5087597233409396
-9.066168712139
-16.199793874688044
-13.80182833184076
5.211768372305267
-5.4392461516161035
-8.762697813295361
1.209190122335205
30.367343446367393
8.722942637936267
26.013312190085724
-5.0057779994611495
-18.883180428735308
6.525036427285485
3.7976311720400435
-3.3720822295289454
-18.171350764886927
-11.415838104092089
-7.030627813961966
-47.40004368959299
14.652607505182685
0.7855481543592209
14.398512151535689
13.330499230069861
-1.1893926503550813
-19.183965461200827
0.44190385682010147
3.893494599503168
-4.806635666105656
32.82605981134613
-0.1492744733703112
-21.497395670153214
5.519418761579537
-7.426556657805222
24.1563212111133
16.829367312228594
5.024799333047423
-0.5040497348002353
7.552896124690032
-0.3610680039136983
-11.388454974469113
9.795831943813123
19.761386207218592
-11.618197860047616
6.80168031558202
5.8313306051807166
8.059687687253753
-6.261641153521818
-11.10653484326888
25.704891913689625
16.493853315356365
-10.33721737447779
16.0306184334438
3.810200835028277
17.377178347059175
18.532042895330953
0.18702890658587745
6.27354569078186
-38.872782210315954
-29.476513483441323
36.18272307350168
-7.644297721509987
-19.94724176493353
2.694745526876836
3.778843101440607
-21.98728600396855
15.239474948569136
-12.164182419835532
-6.549597749265816
-6.972084966092622
-6.7019659555545745
-4.0457497575676395
-15.426578255412306
-20.869780349965616
8.583954000488886
-16.294697109051707
1.3962668645716354
-16.64462729431347
12.835463831617698
-12.505666742793267
6.492129146662881
-32.434416861459304
4.4795805482701985
-15.764452628330085
-8.569808821079418
24.85281364732489
-20.567520401977827
-6.36151979267915
6.376403529184358
-4.6424285307616575
-10.398416626339637
4.6130677897437495
32.5710570537297
13.085657502889303
-6.925379840503419
-45.534672608623026
17.82647615860735
-2.72581110221522
-4.225504764156825
-1.1369185291987813
-12.820090100094404
-20.64160929023256
19.646299360522022
-14.787878317188213
3.056569904406705
-14.17727522674858
-21.160450746434872
-13.263986378763612
-21.054832143893652
-3.269664379311686
-15.211388229802123
-4.095932180855169
13.619465757770572
-9.251987125646412
-2.999800619394719
2.681239770662229
6.8075631999640205
-22.71204011477492
-6.682247596795898
-14.374617427273835
6.052844629134275
-9.711781495236593
-14.714594994912465
24.004839833805192
14.003227562444826
-8.615173515967964
6.910050139004921
5.027489937388131
26.394226056755727
-3.0035298153083883
24.781245784882003
17.132450162032125
-6.257714556783059
-16.155305594336372
-10.310198565086951
-27.066966371733102
-6.643779056509831
-12.865711007540428
6.726203519370006
-2.6398500307981703
0.003169167943776141
14.992368259983323
5.298349279759822
2.359733224107462
-7.689801612344956
7.771045648440217
13.63175382303325
9.945242148896519
8.433309240119257
28.662026127859185
-12.033653788375874
29.391098040423703
-20.827313782651235
15.802332107269347
12.671549782147574
9.419351843021028
-28.317461749625
12.84233250204911
4.420531479271519
-1.8281360316613544
9.486033809011728
0.8345028483765986
-8.151133524148724
-19.269122875545325
-8.752405076848792
5.786901571672026
1.3121840478918179
2.765864938882393
5.439785023393936
18.077999981186437
2.3380803676687005
-13.252831000956995
16.395945572667245
8.603790537467505
-16.22301054340584
0.8348370625227903
-1.7999473297140531
-0.243377336319976
-8.117045155892892
-37.53656084986233
-5.3924852005905795
10.235564868139171
10.417784056175892
20.535435109590555
-21.587194012457996
-10.490535938873602
14.789366866389141
-6.394758964056708
-17.444085532665696
20.546758183783467
-30.07726029787967
-0.3839596574055699
18.463943467841425
-2.658080286945728
-1.6515775054048634
-12.805007338780573
30.463493127323115
-15.555235783266673
-5.142533061248543
-1.482353049985484
-5.308800371071017
-18.367505405099745
3.336368496051905
7.861565032279975
7.520052855924628
7.234610546061193
6.9698050407969685
-7.299763146344706
13.460680968245736
21.907848591270163
15.946446506946083
-24.69194302011343
12.910892464726938
17.071213620991422
2.318583255967232
2.879815612782526
7.397172415476516
10.02896463794447
3.9360441135885536
-32.785062521487255
-2.183271197987657
-3.1664110274243495
4.783995701150618
-1.7420693925598807
-27.032808701256933
18.607218794916125
22.96298507332745
-3.981731193683925
20.277784853869264
27.510407057574138
-8.051631664695329
18.05495561352053
18.13846872674956
-18.51462958803484
-13.369374498671867
35.54816953644493
-4.507438500159653
-0.2040305891303721
-21.089562732995653
-3.7013460143545585
-20.174920394612865
-11.40486361066572
38.993509898739376
4.673086159397234
6.351304432074423
17.2819996509074
30.685869247270066
16.217268008130215
-10.46057454508459
12.627881894398644
-7.650657129547306
21.543965923536863
-32.10395356769737
24.72684725552787
-12.695039515659797
8.139087589014
-15.152811901545794
13.73799092967396
5.352587957510863
-1.2163694271580612
-7.487722901022356
-0.07032759034163905
32.31324391859308
-2.976974682869053
-3.584168963342688
-24.403644130607475
19.497376897635508
-14.72248842828958
24.086859221529217
-16.35442241526519
25.619203009135646
11.062638242576913
-13.432668423692919
-26.10311363503092
5.631789231655183
-3.763029008044521
34.23608155976027
-16.087554301535953
-15.577103519107066
20.07973866486173
-13.387078408796683
23.97215024908744
22.460586226164033
2.1945359019773942
16.19190763247577
18.95121040371515
4.350586953707655
-2.751343017312154
-16.66064643067546
4.576092504230902
7.816727215605411
11.590997976683823
11.908711310327167
15.729229427311676
2.3391339297610934
-2.125170458387581
-9.38791688114249
12.646137424211135
-3.3501755153720145
10.602712039077682
-9.403447773075285
-0.6920794154339199
16.575393503590576
-4.2968091353900535
19.700011925114747
-2.5553911443933623
-4.2131879880392455
-10.861725368617606
5.143949807264692
10.072007289776057
-7.736872563135287
-2.8829373815105357
21.23943710683401
-6.601877041511372
8.843866290381504
17.914557682887082
-13.308370648089621
16.7400389932534
0.9915862879331827
-2.350554303646568
1.6892604603003512
22.118850423169317
-3.4241972940584495
7.010861698729027
-3.3459723527857115
15.671783735680505
-13.523052277740351
-4.008743302491301
7.7582479151039925
-5.163311880271712
2.0990315981372953
-1.1017641325458132
-21.355885907639717
15.7602598954914
-22.449983937171865
-24.284257215457245
5.101539099345981
13.593752012420456
10.786739838791528
-10.506806846794124
-16.738895241964215
-10.797924291932054
43.81422780216523
-14.551389134805603
42.93788509552718
-0.23485599586532524
-21.336196265447786
14.90483120955491
24.634005864413748
-5.268941563095008
-7.907604895133809
-23.584199477407566
-12.58596777054811
-1.5015645308223229
9.179652542316953
22.587309693346754
2.505113196659851
21.379928572120324
5.554422585460827
-3.5992154837022907
-1.3066198540292495
-8.35587645939177
-8.285365314587551
-30.040406152621436
-1.4392089382145987
9.66440215050008
26.45702420142069
10.294079867139233
31.90578875756977
-13.108641233319512
4.175893059547623
3.6361189792267874
-10.71753855478068
5.3909053700209295
-2.7942749912244063
-2.391270300701652
7.324952138917791
0.7979617597641866
-21.182471971241494
-10.717183860426633
-4.958418476933778
1.4566168458085527
11.68145638126908
4.955592698764549
18.7219413622302
3.507224265112023
-18.237071697417285
-22.010634642317484
26.52839929082838
-7.186234204173447
0.7775793073226833
-45.86558505729377
5.196097210595472
21.974712198391025
16.703610816091096
0.9874076980395008
17.255282829099038
41.51022867957561
-25.48820753390055
10.820408026181028
-0.3066746085300117
13.948757209296609
14.24291425807384
-5.999035517427515
-7.672434648969078
23.568882865184268
-11.133234874963362
9.550566388240386
0.8907277275489816
-0.2745184545257511
-14.67720697991648
-10.061775429321091
-8.62707375278898
-23.206569164401223
-30.811112196633978
-13.65185145650874
-12.513261528188528
-7.244347899705416
1.6241963846032
6.71108932237535
-12.819249487673249
10.8003689677006
1.174395990870985
11.512178323321521
-0.7786123850419702
27.51848006308723
-20.791179209851776
-23.602235818882743
-0.6911355144945192
-13.905335148161802
-14.050350029410154
-15.678740963947927
20.433355817415233
-3.679598469573646
0.8851148306010801
-4.38590646957266
6.368506209848624
-6.242220774360259
-46.48895842269841
-17.719233343200806
9.886149530306405
4.217901137923161
20.451479365203944
-8.82892958160659
-3.1365496454544584
9.81501449228612
25.241335516812516
-9.240523546577558
2.884371929170412
-29.957286970632186
21.357561851746855
-9.848632702889434
-16.041905250977422
3.020851007742623
9.902795140218707
20.00649879860535
-31.64804192731369
-13.742936962229136
-13.195641295817444
5.5640695152955235
33.128521569413095
4.164113588899803
-9.127277128596534
-15.791496895099536
-14.28646033538675
-25.13765431912747
-13.831771638051679
-0.05529938005509938
27.22267474587131
12.162166643594116
-5.600254845707835
-3.7720591988703824
-27.668477980414337
-3.600758402634491
18.309964340295085
-14.217934630629602
-0.1645207066802976
-9.99080252314722
5.15221101200369
-5.181079953609403
-14.323540143873322
19.554562967412593
-11.993831999148401
-8.073060746512112
-2.1070291384401
17.29172795869543
7.416844415960887
4.542096276796397
-9.742940818338216
0.17989565626377774
1.7638869287418637
24.537543514705035
8.989081855489871
24.739405379649256
4.890665579824039
8.971567826546426
-18.29450090902444
-2.768499307449061
18.066349431328035
-15.647595875985566
-6.231077816165497
20.32696475328622
-22.27698275585143
-26.97002760898929
-13.421427407260973
-0.8334144909345684
5.205437907686065
22.925245462743582
-8.84787646047488
-2.465314687606893
-19.49763009502477
6.581259197898687
-1.7068911946940748
8.541160691459428
-13.654785324473512
30.77962166954395
3.283164321665134
-15.651592866527274
-9.53531358729447
-10.679022046591284
7.960422118253474
-13.962009218094018
-11.10949237407822
-4.403020579267524
-32.40744581677792
0.6301464366502567
24.452970428110273
-4.025119728227156
15.169809021970957
-27.855631813213705
-23.278348560556363
-4.554237258543555
-2.357604221262571
7.260197886059473
24.484618431469237
-25.64646780840956
-11.149580261416801
-23.74277581500574
-1.2719501490582217
-18.678677736022173
13.469300480906465
-22.590230085026768
14.881949092216612
-22.162859114105064
-33.233158344998934
-35.32072803190488
7.33534464052984
23.195884027347066
-8.241251075805161
4.110476589939199
15.67304415410517
5.561217642225877
-15.528733857933553
32.62470039569078
26.23019830904123
2.056648341309943
5.762751455149983
8.152789242083266
-17.254571502432217
1.1616907911124665
10.354697772294001
31.293856079749006
-10.278427140475479
32.34214504387507
9.621007243790737
8.17754889071965
1.159577597728532
-1.3050751186542078
-10.753891909054058
3.749592004293948
-5.74372267536415
-4.455099010252329
-3.8631632214848484
17.11509176978913
1.776970220109265
1.7876072296845034
6.9427151713234245
-30.35387865452114
13.823533066338236
-24.93507310813734
1.6909904695642637
-16.102588135690166
-12.620118687391022
-7.7607406068832585
30.239606013058896
8.802607568259559
-14.23502630884924
-4.371471754805392
10.418145218191103
-3.913313515586759
7.64329815535706
17.363761581905422
20.82827387502284
-13.994051481917731
31.204254060355552
13.380196260006581
-5.508903054647244
-17.95001559338007
3.0283476123820856
3.7496470654382965
5.9847474175083715
-2.9494185810861926
-3.897551046822401
9.42782031874432
21.141389930591973
-10.117560050540156
10.574179176046641
5.943824090832121
30.63570270963597
-20.061052511774232
-9.881667470018293
49.46904618439275
-13.449832036552895
23.95406670751669
-6.85180332753367
-14.341485911534797
14.695510822542754
-2.5472381150790455
-23.36435656638934
25.103832194681743
31.106408113605198
-7.045891917623567
8.706119695371074
-20.75307927518489
-11.003134901297413
-17.988591559718106
3.8577926036810686
2.555589735471971
-5.638808814935201
13.217555389586673
25.61074552996231
16.0101411825402
-17.298806824655554
10.302063660469702
-3.365513350410414
-19.99099246254947
-24.3588966666468
2.543621216767428
0.5817809233733349
-17.77562575106617
28.366429405790523
-44.18939700424014
5.801398180107501
-1.956347855671447
-30.303889501498595
-3.009864431943386
10.979097212284145
-5.654029855096634
5.601244278717879
13.01837543497943
-28.769830221304453
-2.577924235685152
-32.292745704508
-5.126039007596916
-32.085604509790365
-17.568339473600275
-0.827424066381904
13.825205471017874
-10.229515036856132
3.1901805404553163
-16.149630163496035
-24.05783125216632
21.881693386355092
-2.212791169462225
-20.11691946198785
-13.876912555707293
-14.355064326054679
-11.524146953761258
-10.323147619555115
4.712194252137568
7.825075436569554
-35.252985126564454
-8.27083974423423
7.872914866346086
6.9779990233525115
22.162813202761235
-8.228843077847676
-39.11087405941944
4.24735857078346
-12.105086060119604
-17.763553847716405
-6.040969456484591
39.142492926707135
-7.773614420854834
13.42368268910198
15.225613990413263
1.2852025611390396
17.702069987935253
-9.390010293013964
16.175559019574116
-15.47201288941006
-4.167304270343452
-6.488449149643711
0.6627493278013545
-40.81803643390564
-29.478617569285248
10.838625590206686
-9.256037733432628
-31.01726817529178
10.502274685447308
-1.5629148008512213
-8.686629494613694
-3.666272304825212
21.55294812591354
3.635654970345858
-18.70870625694527
-3.563493962349316
3.8891191737956916
25.937581953136522
14.606373045696301
-5.316116373624951
-15.377583439957611
12.135925567488686
35.51885298845993
5.768303064639804
14.416068709998475
-33.318349878475026
-24.77631946951544
7.569750432917253
1.2099256480503635
3.957547915594577
23.116497892045782
14.841012905923145
-21.064501284640418
-21.903914050235453
5.365008707229477
1.6808419694029904
19.081106241626284
4.164130701116326
4.5153187437002575
-12.597641415797348
-11.214771330473935
-13.932310242444757
-17.910455738844036
-8.774815676335237
2.1008565528692644
-0.3185530150151683
-37.05614713000405
4.776988741394945
-19.551133697124207
3.5118565530703423
14.200176566116282
-15.939817621304211
-28.91440883829076
9.063512609587674
-14.885741067726055
13.110822179890025
6.842267225964488
7.4608944598993965
-13.971204470147374
-13.997471028454225
18.524632725875044
-45.1909641601933
-2.9463616300208795
-23.623009827132165
-12.089607592715543
11.737836068786311
-8.661370414954566
1.463331349043686
9.099468657725518
0.062247176297357765
26.017719201069237
13.697866832696603
36.46153254379405
32.904677898555256
7.72361760248118
7.776412839612137
-18.938308357121503
-6.426941427021079
3.2262167242888062
-24.879515711562572
12.627734011828926
4.235539404441361
-0.4590740424080195
16.411928496826526
-3.785642489779579
17.812348639367563
14.753771899350802
-7.842189181240597
10.616458938270522
7.051104145197851
-13.64677243585987
6.874097653265024
-5.274643532631415
-15.365439680857923
-31.05612432428131
33.816620666436584
5.1187274074932185
30.145741801911047
16.62756728040353
-1.9762762566857752
19.09969311632239
-39.94632893062392
0.04737685113474033
7.913576270862925
-16.749026453456533
-13.595081482659337
-26.697882645635683
2.255500564939961
7.046838843289019
10.720583805096119
-8.67986254619012
-7.824401447384599
18.41742291239913
4.678510337859213
3.328245224740126
-22.455110475004286
-9.186266410730582
0.4338983727006869
-7.148404535976107
-7.117219901692984
19.78920752170764
25.493379225648425
-26.901788949604224
-11.212735420048693
-3.9673776810865378
-12.746395804087138
9.405456255017777
-8.412479637533052
-5.840499969290526
-27.416073429914924
0.8479651065876543
3.940588149922976
-9.783666009881332
-6.404507935393296
9.940016277514763
15.343388749712089
9.048201790316682
22.865391956508223
-9.278884804606045
8.723054194115518
2.0772227761795086
-11.007128642913804
-2.3160333963175934
37.08018469606399
14.588329339489311
7.401952536770144
22.350766122720874
-9.877442637915099
-13.65817866361134
-2.3382222562141632
7.3784493101236155
12.898922767609395
-11.563906488072272
-19.187979019895515
8.27491495481951
-30.336705235942457
3.265270459460416
-7.135014335695654
11.78991523580557
-10.550801510262227
-10.250915556990735
22.820477706585898
-33.650347083247745
-7.782907528756478
-11.959284092262857
30.19864940241905
23.891718454507565
-8.478652588076839
10.432734675786309
-20.574292690801208
20.196076538772864
28.500483732176235
2.1096106489845017
-22.90173730309763
-13.414448399811292
8.920855643434631
28.89592022318646
9.406582470348317
17.492527421842702
-2.1679006264677945
7.7100685167708525
-11.747248223708725
12.773459508588846
17.18217630239633
-11.581844026130222
-32.48391678117026
18.215874039071892
-8.837315157234258
3.786878555254204
-1.2726613372497706
-3.1669832315771442
15.281690123382736
0.04800207474697027
13.542035096151416
12.530882299286002
7.029468212618714
-1.1770132467636094
5.029063332315469
-4.23149995356657
13.40645169387337
0.17564065911067717
1.1893635605978439
-27.43254349071095
12.99731216996198
-15.234724666281629
20.496295080200053
-13.8538305661679
-6.778083857622104
12.351585984143428
15.598493161565825
21.05551350934412
-35.25031032284605
-11.692623068122186
-6.55245409600731
13.166335614292679
-17.913262671495854
9.435511640642162
-33.91614881735122
-15.968004809431013
24.58659619486482
-2.406561760936694
-14.215191986603285
11.353248696061533
-11.686793875347684
-19.698697268401006
-8.126365464570716
-1.7455595353046163
-21.96864578802543
19.912930065004023
20.81857242018349
4.672405913274536
18.147239391674926
0.755937569965795
8.26584136646948
2.1634250680380926
4.866810764415573
-5.715862241331335
-3.8516009175068096
-13.10677636328907
-6.809184841771404
-35.033663362257016
-13.55711827081578
-1.242138263893485
-2.7311631978459787
1.7719539202519976
19.178056467725995
-23.52997984606111
-3.6987475458186374
-37.4999888490279
3.5003375657418454
12.314562692484126
13.683181604615228
24.722593639888764
4.751004560684188
29.10939375263108
6.891942438314059
0.5447047012004697
-11.490102807502389
6.492898205006351
-1.4413115108504966
-18.17231723987835
-22.793049908715798
-4.764508597460066
-47.64826968550666
-26.930722979653552
-24.03645031308719
-1.8054663043465347
6.820193511374622
14.205743562122628
15.178044347798256
30.24177853833328
-3.4579403270465585
-38.156523304815934
5.080042673797413
-11.36190611392082
27.083343459228995
20.862651576090872
-2.4732672188382305
-0.1976491195565213
-0.0766357060739377
12.580296280656478
-1.0425476693159834
3.436414633168169
-16.669671674148972
3.0571875981655565
22.46706460412891
24.84748882260309
14.646429320790384
-8.797583316107609
-21.355323185279893
-11.752827850258829
-2.527851324112319
-6.731001826690129
3.7697877573403717
-11.711725049094735
-5.874969622887968
-14.232246001250065
0.5376147414548791
32.66017167118852
24.540375258030913
-4.1691585925593975
21.736410613677517
23.054227824578902
22.616039628840724
14.0333279902427
-6.9648154063349335
25.147506674326443
24.432814480852812
0.24691231070710695
-15.95355800578873
1.2407444708734678
-19.804109985732016
3.735968182657408
-34.86598632116222
19.049581210230546
-11.348352029810464
-10.754512664394701
16.541502199668813
2.172689045086503
-23.65464635630461
-13.284894115262247
11.949235730508251
18.013962057906053
-17.104871841219218
0.4804781822607742
4.952358688024619
38.01504183428054
4.317833143832887
20.197324521413954
-9.964082754019863
-8.241898122422297
-5.552762168976385
8.237044354193566
-0.9160250233818648
-10.853733779355009
3.47316855759341
5.651616663277462
-16.49928436986622
18.225762541285647
3.570215193839454
5.034893708236591
3.0002581140965603
-13.745442255737112
37.15473540212943
-0.19598782301478113
-42.01051761153455
0.3961889338104896
-20.326930846607898
-2.8640037395023894
-19.512761629690026
-11.518083752941038
-10.811667074151927
-17.153491925407224
-11.523483445756733
8.98527348945671
-1.6430288376181152
-25.874699141136976
43.758853990796695
8.421396442100189
18.024297972147743
-43.82263254221013
-8.664502719761817
-0.8846460837838266
-8.392865238695975
0.6246156605697522
8.675117722704753
-6.059250861652161
-5.9758042220729894
20.823669463194225
-11.54856440238131
15.08679106320065
5.144454862010306
10.872819574530123
10.31113326276747
-6.090519453088796
9.41625864112015
0.08379491372266767
-9.68254403884536
5.371189752510345
-4.954295429962674
-25.861397982595662
-1.156537015858462
2.168738162461472
-8.501368930901071
-22.28919393083939
4.071000887947207
-2.97585239111424
-2.156964923702064
-14.087115525416834
21.246696075604913
-20.676330676886465
20.816832475216742
5.976451477803135
12.483843298691127
-13.299925270518582
17.017873985012507
-1.005507387699427
12.234897944658355
-12.946328948686267
-4.351580418516699
-6.488925526681824
16.13867167208658
14.364255228507053
1.54819458917572
21.14387553588679
-2.0897732255115113
-15.111235951606186
6.231401082405115
-8.418230075753142
-10.627578704027147
20.246624376509182
14.041411544568906
8.732945247966718
11.204112301458052
3.9832674301812716
-18.69109318730948
-4.742022650057988
-5.191805882433255
-26.844077220932707
2.0146271012396397
19.724080333005805
22.596476203893108
10.922250831332391
-21.432804680965276
-14.10751285051602
12.843084155870876
-23.940745719861496
0.12245600347888552
1.1120549095791394
10.74194949641213
-5.895126344457863
2.9554905485906895
-1.0107990678010461
-18.914735870089117
27.695353996595795
3.895724930750423
-0.6969650546535835
-12.621900283257256
-6.985940607216235
-7.969142565541059
12.987025515043431
-7.051147642407875
13.605432331535534
-40.11469310354804
1.8385604623837697
23.391726352685858
37.17671317988517
11.329875293229524
-42.929672710015005
7.232590171446364
14.59047048222021
15.543775098097957
-9.368307497181844
-25.9233163714637
-0.0021123853648341573
-22.116183076969836
-18.568246173196343
-8.371701154081842
2.4275984041717407
-24.12248893660173
-14.32397184094949
5.985008880155685
19.50567546612461
3.06681179260094
-14.412853451919696
-2.174033793676531
25.631016281072103
-37.550122130127676
-1.0967504275813176
28.797414303405077
13.028493243106563
1.6979043429227587
-29.653574379422555
14.779395527933735
5.428837604384789
20.305849054719648
14.67138934138373
38.91392474239494
21.23809869874281
13.9442879543367
2.4499611851479526
-16.727404428427285
12.253416989288308
-5.838806007329456
-15.28000674610246
-7.7203114456471225
-33.84210934842431
13.324484992930287
-9.687345994435251
-17.251782989633323
16.44220234708318
-33.18985598420023
-15.21144873975671
8.50657432293189
7.813408491618581
9.353590341647013
32.59898652470779
-23.131674742872733
-3.763914815538945
-18.63415340401784
-11.815708319865278
-5.460980123861619
11.190770952072938
8.32243789167553
-29.388251776340883
-11.505804708010881
-22.103570113718245
-0.5926486181242927
-37.34453825307793
2.958175991187034
-18.110546021381097
-13.239613980879493
-11.307769140383117
6.678681727390022
-5.998087797092342
-22.818333558752077
16.78433601987695
1.8683062059908826
-9.408590360290216
-35.019365123338815
-19.326827593336777
5.511993391367195
-3.4804633646769085
-20.576850536067823
-29.539885363489805
-55.78625717646472
-8.266325949722223
-3.2569612570320676
-7.273302257640673
7.3372593259430765
-7.90485513086467
8.636578159573826
11.525505191666182
18.543274307211014
-5.0400884929623455
17.99167717567355
1.6502315775397733
11.746706589907253
4.490307254379925
-19.116212273400873
-10.508867491302013
8.198505805945612
18.666843138692517
-3.626265302215302
9.604758442705794
-12.693886042494583
-13.966589429262429
-6.7894461555940735
7.716816690418746
11.918527205798373
6.035018952677566
14.365660969234327
12.72444769319212
-8.312413865477742
5.231248311431505
8.856767324936946
-5.929381328013018
-11.566210401990771
-21.439178196297398
-6.270737035938008
-1.0631330140926893
-0.9004148277744084
2.623089475458337
-23.564897407752593
3.3997656778189267
-23.03349765834018
14.15061088440209
-6.1197216409310755
-2.7145404321395055
14.886120671523152
37.97302229845372
27.40663092963468
1.9862780053644653
-9.309402460425726
3.6237424298338974
17.084008248000277
2.002426632216399
-25.5686382166486
21.882504518271325
16.082661638211572
-15.072904319468533
13.307307576027748
3.214883024311619
-19.26040073236868
-11.523701332414063
8.063422044397543
37.58437375830872
27.651373373684372
-8.551497343804899
-11.423817942558863
0.23240645142185734
0.31882683473211704
-2.9096191248361367
-11.09666954886501
8.656704263847928
-17.293219931359488
-10.805744860179136
-10.198903476119982
-4.318240545436655
5.27723694323884
16.85265528929919
18.908767339101615
6.459642515916139
-0.23357956585808193
4.331683963034019
-13.867714547548882
0.2025839879620952
2.6872446064120323
9.307225984507175
-8.500414779676136
-3.8576359155461786
25.364320079996247
0.5183023083725116
-34.74068455466992
8.495300099409015
5.769289738833903
-11.91509346748874
-16.94140159827663
-7.811158648888773
18.72862155518571
-21.391196806727326
13.961374018041548
-21.490623814117402
-1.8378440173397093
13.85260878830112
11.706157405027776
3.6416357046908323
-23.258348227497187
14.954429025330573
13.096128782739854
13.03260158490798
4.825236409475636
-19.174908364195744
-6.270359046298999
2.7875998627467573
22.07208581087497
-27.49430945164109
-8.030265932387016
20.137664482882965
28.61045992705289
10.925070072108916
1.5314445011101143
-8.244665555427094
15.320004462572136
-7.637286320725366
21.958114087380313
-12.404548983574847
-8.38066003903512
17.75234811642799
-17.065766876014056
-17.063225031321707
-1.4422879556121684
-5.193103349558072
26.415892865620727
10.896329595818235
42.209140262605466
13.652097303836287
-15.963159295817219
15.21852902170858
-2.3430155902895544
5.321141330885248
-2.107988084239816
6.047397705184511
-16.677444112996007
-19.09078849456773
-4.116968076267559
-3.9979059113692963
11.234529181147842
18.971872149259383
5.519421734565263
3.8111406167219415
-11.101738744874098
-10.048637685563678
17.854021807334576
11.717545732940248
-16.697424778613957
28.87801783822745
-19.127067789560705
0.16233316489007543
-21.011668910743364
18.441924594284405
-7.75576211532492
-19.25173037048831
3.334520909642643
30.77131526395884
-3.1160986211463806
-6.049273495027702
-0.4322339570778593
-5.350386031625881
-8.915652222289312
9.448892972000403
5.970207475337781
-18.049189949317437
-5.609094044429735
4.903176204325987
7.970056370320746
15.177104901146604
0.09416764562867128
-11.404851015400794
0.2260969960598862
22.717490828848852
8.873285706063383
7.382821775296197
-31.559493593375507
8.548018925675102
31.077619493854073
-16.91874956648782
-17.5636619131958
9.968713390282748
-5.848297158711391
-16.4680996646313
6.986417390799761
1.2674325096308368
-16.20197155853762
-2.8617391475543714
9.24971073840011
5.947329517275803
-16.84199774062238
17.10081912831851
6.139981964679119
6.081745839056472
-26.850623293789976
-12.416318370692586
23.439685312059517
-3.824245018814046
15.73243314726383
-28.854002758268567
0.6355226117496389
-9.676857958964586
1.1580173989528975
-20.015027373912563
9.072627093068544
3.118153787743797
11.490268676716909
-18.12720977549183
3.3300787854764002
-11.960861888924967
7.018738665200598
11.271748993446007
22.875167602633038
14.167989398030693
-16.828435068695292
19.936172294344207
-7.255793877161416
20.80446691085214
26.38808920294434
21.196477085609132
-13.896004616224571
-28.33076862050415
13.184654502230027
10.72163412962681
-2.248581831278269
1.8285898239578715
-4.995041802299735
-8.29896285069788
-8.95142468891884
-17.95292677554366
-1.0862906707407676
-6.638231213616805
8.57925941264197
8.269493791900219
-32.3037510583336
-2.4512129052553027
-16.53591428212448
0.7063277195479691
-2.783753976758403
21.034082103572775
14.72883481890013
-5.0960040379303
35.16909827589188
1.760324216942135
-14.764983149641298
-15.128142440515118
-10.779014341106308
-12.446328378759771
25.49085435160573
-14.960885260415129
6.936126858184002
9.415513721040508
27.1435305587304
10.939868579066259
-13.416226114844811
-6.220932970151787
34.272800889166156
-3.4164219390064448
-0.20460472444369548
-7.699185347849252
0.549431443290096
8.034607339595011
-4.9497957345699595
9.097680844169764
-3.0843834432917183
0.7113349868276173
23.663615256176225
10.20244248058993
-4.7720024097302645
21.857973506561365
15.831663125214913
-23.759111096456
23.976601084381663
26.157247814114168
4.925262444552416
16.141438096422135
20.71449186490574
-0.3029743631967876
10.115766168842637
-3.947097809771995
-29.879218127001224
10.887859552507978
-9.466341897990938
3.782275909331724
7.2914116528730855
12.309457851499797
13.059303776532847
13.185454102817797
-17.018011480477497
-12.373325048958462
3.545283791739454
0.6466168104433159
2.460634379856148
35.09525126320324
-14.897553455252337
-13.971105808966351
30.61907946727439
32.307621249734524
26.804090373540657
-9.894073192919588
9.92390263083395
-5.644942169801627
3.6917908083869406
-25.73072543898963
-4.519352803883624
-2.396722623768078
-9.093713882196727
0.19404222597437637
-18.135007619693553
-5.636894858827272
-7.262617351305751
25.682148722224017
-8.224751529258437
16.079323084964223
10.981807207512663
9.998537514911742
-0.33630216713050465
-12.964795058852848
19.899363170555205
6.293701235041115
-7.521102421068698
17.14109060715003
-14.941542312325403
-11.895034811656537
8.243965664051588
-12.39858463021881
-41.3581643187899
11.135280230518212
21.99940906838563
-39.413182936929836
37.57995410338079
-18.07287478543199
-4.021710185518889
2.974581291915608
-13.804248088476013
-1.8256463294111964
21.303850633081733
0.05895487353478779
1.664636990420644
13.143161875007856
22.86499252381944
-17.890795952638452
10.44971789317028
-2.016902536796367
8.43311815948709
-23.31463687412668
-30.157873616786777
-10.337456062734223
1.1098603087550991
0.03334778632898594
-7.149444307311311
-14.214246489331453
-3.095029773299852
-13.994677985683781
-4.816654386858458
-45.07705642476984
1.3087523737681372
-22.02072690439746
-14.21255560654333
-39.10349865850144
11.00225364156828
-16.700594523375667
-6.621876044165013
-18.39663292917167
18.180497235970982
13.122272498678118
20.146574568523437
-14.15778958278003
-18.043584055275772
11.98202933717078
-4.351168315706174
-0.1324601713667033
-24.724463923181958
2.7657260215806425
-28.429819147523197
24.48591711780844
12.864690244141281
-16.86245165730289
-26.957638497195646
38.32500131334638
-2.7863376425966253
-2.1011674447195894
-22.683154423506178
-20.455357494846396
45.68645949284228
19.429036154095204
3.3151633248016354
10.607926236671096
-16.03627460342168
6.402584381118884
4.49601770016735
-2.7363558815513946
16.657637252889383
-9.675532601039444
-56.642832515143
3.0870401435931143
35.163800093250266
0.6174912422690498
-4.865090064464795
3.1252616249504137
8.541493012826798
-2.322062382388564
7.675475226504391
-10.114683354160864
6.4166280233214685
23.48897608078933
6.621245524860417
38.428346552918626
17.109231824844063
-14.780992454730987
31.198298769755493
-45.18545227852491
0.674359905862802
13.596644311376458
5.040918053634898
25.84948138832419
5.0295116412417205
7.003947346290731
-13.176322376630416
1.3498534539765923
6.692797825903949
-11.372134125579375
20.96483870378181
-12.167737073079271
-13.926081838342398
2.3494952102909625
30.402867965971776
-0.9445449329774482
-5.566408880773856
4.634576853922825
-19.074377771484322
-10.785124782660027
20.654764212570413
-15.688861194512143
5.02282546776398
-18.370971032767322
-0.5675815793782171
10.555956742107321
-26.87085652688958
32.05803788442491
-7.196896499497544
2.6518950881839354
-0.8811197197952525
20.34874190863674
-14.275419869233632
-25.63856681902979
-16.104476391818306
1.6690254833270803
-33.44307589852666
-27.307252931136826
-0.7765485681517235
-16.530035055215045
-9.794052785797946
17.883882271095825
-28.993310240643236
-25.58322865763355
-3.0977627687807376
25.481524717720227
-27.657870334969697
3.808731476349325
1.5957248852039023
17.16358661713436
28.38063960206835
-18.45935963963627
-0.8092958249233169
21.12843391540932
-10.128753905586375
7.351858261836145
-7.39741118597977
-4.304627486152818
-17.016140380547885
9.11494244888549
21.519624682403396
12.898118147930681
-16.298307682685195
2.9731901023141796
25.501036926004268
-4.022728054283931
24.598880352619457
-24.467147477173594
-9.290821093601423
12.562580654363163
-10.79900587298889
12.515891475701888
-0.4655222318381429
-5.844385882698215
-27.526800835619568
3.2936770603303964
18.906160219417664
9.466003229698634
6.978742822090694
-1.4271850509396962
-18.64952567040392
-10.397519590268157
-27.078454255282217
-3.1375754200649517
15.037374999978244
-7.653203162074268
8.444938089907362
-5.566773246211685
-2.472481058746831
7.367231844338577
3.7320944543583887
-18.429518089130454
0.9008539481338913
10.363297325664567
-2.1983606731653724
10.897703640394258
17.127528618487688
10.140239539496456
28.087538294241984
-7.956669894388536
10.329416208062575
-7.587644961797898
-11.577238504760102
6.637001959458048
-18.506999985765894
-7.418735985506019
-7.7665226398992395
12.077844833588134
-11.449265305182335
-2.3914933200649244
1.8671565232793073
2.9576191685872244
5.264668757202157
-15.953222046520208
-15.429861451210943
11.247063814712
28.19425313034876
25.762427837638324
17.913779936887966
-11.625838763317017
1.7515408312312768
-18.47427702736432
18.882857122113485
-13.494308816299009
-17.70943130142298
-8.180766465322842
-0.5918109695115469
-13.685679275996312
5.680360508530618
3.876390781379452
2.4977175081322556
36.747090227989005
23.741754605318253
-2.637358821562573
36.96162798727069
16.569268428194967
7.297418860096836
6.325620651639607
19.390841349078983
-3.007423163569549
15.869346337231587
6.168442487219686
9.278101751289366
13.325835291428207
-6.5934803471604155
-14.387964555317616
-10.383362878802375
-4.591524795274136
22.21377637820029
10.399534717479444
4.754075369421678
-21.49660841228252
-0.7615819408434288
3.4147306147021266
0.6794520351320923
9.33760395252962
-0.5392729840427017
7.731565288777509
17.508599540520706
19.792525216872885
-8.270070927373888


1.9939359085160296E-4