50
0.12313534754487299
-0.21738130193610516
-0.29478474028510787
-0.12332014271439995
-0.011327184514492217
-0.35383923264794426
0.1637591222926118
0.05115405021970887
-0.011175560780582794
0.020435809406418204
0.23311326437044178
-0.23288368337922016
0.0532833056289046
0.12094009498876224
-0.108217566233203
0.19557222122494455
0.09961652323241332
-0.1811161272701261
0.3623740652776489
-0.20676633600210437
0.22103356521393813
0.12675348983697388
-0.24534769880770635
0.13124405283811758
-0.15255877168374882
0.24361809970539394
-0.0744983219806179
0.1386174554837269
0.045497091708343484
0.2973149167310467
0.1228482138664384
0.23086479740162336
-0.2339951607287043
-0.09427573473222278
0.041619672798036245
0.03990906773587399
-0.040143030020449055
-0.013670899426514338
0.23164199802129432
-0.15383969863507263
-0.10039781672450632
0.20016101552696197
0.17356862735337594
0.49947993148062064
-0.1119969480862189
-0.2824706884208406
0.060749914096753566
0.0132990009198104
-0.20398537640882447
-0.5680541617972271


1.1431048236553947E-10