500
-9.260840463456235
25.52183380103707
-97.01070681202155
20.110600259526286
-33.79721070281969
3.596404854873159
-25.813203304976714
-31.27606372042745
0.37774468785284343
32.34222329292068
11.702408296674083
26.66979259482941
16.738151524098114
68.61910717198704
-19.178891725785853
-39.82653949970308
13.024187004345816
24.546442386614064
15.899522006783242
-7.678374714151505
-62.766490856969554
-26.58510679956927
-19.477175203559504
-28.45618203715192
-28.336244105379507
-45.47905202293049
-17.060553560653748
41.584558466962434
2.984096078417947
-34.4639607259375
25.437232665932907
35.9619372812402
-62.24687930495811
-2.674146010998634
-5.379450058422174
-0.496035628853637
-9.410662497002312
21.87445014023166
27.103183291059896
-11.731826324155168
-4.464970079362576
-24.423895642833216
-10.350427524031081
-7.004291262167326
-29.433656017907076
26.580027549696936
-11.742783103141981
4.492835581548766
10.293003723616904
-15.108428042801508
-9.265899028712376
-70.66236976847826
27.059666575453942
10.134281556455157
16.504192094208765
-23.77254570190655
-41.84193484277579
28.784908378394697
17.09885415833272
-25.722974205009226
-4.525934730975077
11.289867492392055
-5.5562435515193105
11.342991878122834
-19.059016384608256
42.679124496729095
53.47264325694715
-18.953187725823433
-35.73381894192867
43.46971891510003
-44.16528397281937
24.603969363354032
-17.55051149277877
19.53587107266201
57.35217733822472
-22.926738939798856
-80.92026628043457
26.70291516321442
-10.192724031857717
-60.76249614570152
-27.211665639362344
36.932449916840184
-28.80825888804422
-14.905645407896959
13.243781951238534
-48.43691785227809
34.21897505136901
21.053591910376728
-58.35384378712413
-16.30936772591359
12.985558322492546
22.01537802659304
17.836505265393882
-15.236322692376044
15.477023148639768
-59.055304311923614
-17.54462508349062
34.2393480889273
12.769970733251574
63.261998135920294
-30.025698887566982
37.98720510995592
-26.444597870949536
38.549153885620264
5.238016196229757
-12.044869944432307
11.736955818631738
16.39157289200831
-7.115252104018876
-28.969515274263426
3.9397454113849895
-36.92167854727437
27.646001499092304
-1.7264373566190443
28.55737639818562
-22.223895963680512
-55.29728905376649
-7.587159227109952
2.236656861770599
7.820426661438134
68.09086116343417
21.646302781829835
38.511013970132204
57.5827258031215
44.97086465951219
-46.75607966302083
18.47679539971597
-14.007411087606899
-31.82761628411735
-44.65530675274091
-1.4644832426243575
-24.696100468221157
14.778453468916512
22.029831396108108
27.466526163401166
8.028058724100507
-24.888392134366526
9.263418030637915
53.64258555455761
35.730864506332765
12.629268115628406
-31.224008040510313
-22.271780126815493
-38.78543906273292
32.451000913285434
1.2562654222726106
-8.0977940757886
14.10708046050964
-14.800184985526919
45.47576199180528
29.611565069705428
-43.19653293148525
-45.4807367509792
-18.423225039722922
24.45293970469095
-2.0824191619097103
38.850422760912096
5.670926314991649
16.068064828407287
-74.71661890801879
-31.592795456914946
0.767526571493369
-26.59147936846732
-6.848827776834491
30.141877315963143
-19.62683987951148
1.668179216169731
38.32888228001749
16.588951224675974
-45.43744739689792
-5.262420171062781
-66.6919730396763
61.718140356905046
5.108649110775063
-31.758032575169132
26.948685799834823
23.339383769446602
57.30966113856387
-30.17250386769637
-28.808232602955577
-26.521479467619766
-40.5253155830489
-5.442443917918434
-18.342704807005532
-12.223008204318415
-34.36926435866463
-40.84540239240776
30.52277764890654
-20.941491005528565
-52.92760237311364
13.85273748209187
2.5652376676599586
14.439922026622098
58.602260024497824
48.52710928785386
1.6245103846163031
-37.716737144556674
68.27045794816627
37.28144417367887
-7.576529595159255
-78.15581416690077
-19.71063053082599
-32.87000916498451
1.318523096750571
95.74906841406388
-27.610053422282714
-32.831325185763525
-23.00175873770919
-18.631343851176126
-24.480837741921675
-13.054009597164491
51.269442450578566
-49.71323964541038
102.6872946641017
49.55939997263756
38.164126375343315
-17.174160009142867
-18.281722229520987
43.487391111564996
-13.674889633843447
-4.1829945833192
-9.341563360491675
-18.33634027945759
14.082240661397329
22.57776444586983
-26.818680645684616
-4.110638503145361
12.527521636404764
1.5596359552869496
67.18704568676523
-43.39240956593517
-27.852257794269544
-8.809282698110934
6.950797674002074
-53.984590944824824
60.97876211929422
38.4593298210454
-48.057811315038165
5.156526163944069
25.159339645709245
-43.64720868725007
-37.10011953350343
-52.85619586409404
-23.490304883472625
30.774369046583182
-26.18665218742617
46.85042533693585
18.14231887439694
-14.645277372713105
1.2623277645592275
-29.990837394064673
59.689095655647435
-1.4161282370626318
20.733485765803415
-4.712201741869878
-0.5320380447982687
-29.148702241669955
-47.14005261344729
42.35975882915946
-61.811880135505895
79.14118593807352
43.39764185411236
18.421711050532245
14.46004160015172
-19.197529808602816
-33.575479326083666
31.649922679589462
-6.606233139961587
-9.972786194792345
32.825033728611
52.77888102778206
-67.39566065711386
9.140266851969324
29.189113749462347
-8.74750515384941
-34.443178205682564
7.950753203327201
26.36873814761126
16.41115130646049
-68.96041401072189
12.069767473000223
-28.339389156785142
39.47679177140264
-45.055916329463685
49.35799766655071
27.2996928509145
39.20456654979809
39.45821039341525
-42.62912566218929
24.11659549075927
-52.69935256866104
-11.155603184997911
27.37845548558778
34.939591056998076
28.935526598111892
-32.41085691079763
-41.81777345818867
-37.42987795888312
-13.982634076416916
-23.516960441452035
3.2692179887234265
19.042303431062333
8.219950558508602
45.68200021620962
11.329007745209843
-33.7943037169943
-31.099769023816435
9.021751623390163
-41.4536717087329
-66.24360219323731
-15.740806383668149
61.48718032733161
-23.074225136900246
-61.89642702345165
78.65094213841195
-76.2276685920502
46.28278182796087
-12.058699992480332
13.870427374690877
-58.999945362719785
-10.167584729021243
40.10692626913483
-6.804858596042253
-22.469280447163335
15.228112566981379
-30.028817665812863
48.887519410345
-27.535773647244223
14.763247298665986
-14.601047235845506
-8.449018208771959
30.279075827184524
12.759926575189901
-38.21077617361544
-20.03341475348429
32.339834684894534
108.30492182412509
-5.771166430338895
14.702040048395192
-23.275981543647045
64.88011257085095
-26.052228270491526
-11.578415920830624
-9.152709180679198
40.72733746752752
3.2736098477575766
-32.59518021687408
-31.42408980209894
-59.56855241782765
31.423746483573204
17.304067411881594
4.367435149085626
-17.22625321398879
-16.634276636382154
-33.382108437261934
49.76034013479488
-69.47499533326017
41.91880137979525
9.287939859692575
10.995615617333378
70.8333140469347
-16.151623736998342
3.2917819852339134
6.363683006834992
-45.45544674262142
-80.95692502916933
-46.02258207223791
36.72151630635849
4.7095880427629675
-49.37231557588239
-44.072304865473285
11.345104041993316
40.15380006967776
10.953031623578175
54.440907274261676
-5.928580382788289
31.308685611020397
30.127950675284204
-28.36855337664551
-28.774988846089855
-26.17527051924483
-24.813710559828298
4.94453651157636
-19.313823180350557
15.701456097881625
19.517111815355033
24.244575704761854
65.52024546187454
66.62323512352802
25.580542481009783
7.316849013330656
38.177542429528174
32.74682132885155
-7.288001366433864
66.62180283087481
74.80700526758322
-5.605776574311756
-43.204349630431395
-28.392510985133786
-45.30996796240333
61.92511508157808
-71.8996677283463
0.01078313436434622
-13.054795233677503
7.019297665671571
29.39406197621313
-32.77835420564327
89.76978281203603
55.870605431576934
-23.34482848410617
24.951914472168845
76.66957332668385
-4.073489491374307
-0.6313101601940556
40.20679496800348
12.686471483033806
66.81031684125588
-35.81894998426961
-56.683522725058566
-9.95799340384992
-33.75275674485484
-24.448305611587447
32.20902099769112
53.27434923721033
10.30709793045089
-16.677553335772455
-14.48806212070194
-12.470636913930104
-21.203495615017626
-21.166962806219882
16.3616090673377
-41.5545472993192
45.164368565058346
-31.401080376927556
22.58926463310025
-3.4860358732113887
-85.03324209022844
16.42471062561458
37.45829799475425
81.8074726529271
30.396759933695474
6.794789587856691
61.190464440491496
-15.679329769838828
-69.01613037790271
-23.22986342160503
23.970470118926915
23.470407330302727
67.9336535707464
2.491051970749297
21.938141247122495
-8.888854599924999
-64.9921867537078
38.815722799996884
110.89988111300808
-56.42835408447112
-5.399619647674327
-9.737093353507243
14.05769464817599
-26.650310868994712
7.759223434789008
30.137780005387768
-2.275365527048099
-7.259343315368119
20.872500352760294
-2.9783140846428133
-10.13263603517557
-62.03098824788357
-51.808741513546714
-13.477446615086263
19.55385525998994
-21.07754702675235
-98.6706512134653
-11.949672186100747
5.086967727110347
39.58337884121193
42.954876256248696
-64.41537525156414
-39.7122732039366
-21.837699621931087
60.63936360400501
37.79202361293575
1.26903189644456
70.00506477165608
25.20177456766972
-58.64685881276304
-42.594869382947074
30.605044489367454
-8.374585310905525
-9.325004292434109
-59.336593418805464
-11.274950959703492
45.833165488566166
41.926889964307335
-37.090860592034254
-35.802184220091576
64.65380777407206
-11.084580774596507
-9.788036475391245
-5.50717562976809


5.332673870985212E-7