1000
-6.610427181743428
7.403178458936766
-3.4012868727509162
-7.46680738116365
8.379924778049272
14.235652925117664
-7.779169760094388
0.08497796975959704
4.839989420173919
13.59877429443726
3.771595751939747
3.8555829263416737
11.179521697453042
-11.123583275216353
-10.661591539455834
-9.252606497296819
8.71957120636183
-12.884923901769362
8.551543201687704
-1.1296259169063327
-18.017936036265144
1.8207570182001862
-4.106332667213274
0.5572056797906535
20.11528864825201
-14.133795811347548
17.641484708913595
-17.192838040255285
7.779788225330061
-4.101311180979177
5.694132794923542
-4.735204377364903
-13.286275988463062
1.8742587677800306
-7.347712203159909
-0.21283253725101203
-10.544636652250478
-8.149248798115337
-5.126343880375352
1.4356267497527506
-3.6324964272336384
28.16498084069547
-14.870560966077987
8.659385582052902
-6.881955932665642
-9.128200058720836
-14.534596074009693
-3.150689629449535
-0.6314319366808502
16.783348773473566
-2.9382402706715567
-9.828365095833664
20.397142457082218
8.314157520839268
-19.405629409728167
-10.434573131374206
-16.346060692916893
13.875348475373356
1.3726695001429072
11.669095077986881
6.6266472911781875
-1.9008527496036782
-3.775227236633755
6.0065991564361365
2.643765934108639
6.657803115138104
-10.214934281254232
2.0012068241536665
14.73504572621029
-23.682861697575923
-7.045210900285193
9.29756585601861
12.363398569342223
-2.4158576736448905
9.175827332294231
-12.919354381251894
-10.942009638956492
8.926530896635063
15.597425995948695
7.136955879831407
-3.745534251464955
-22.09223273695083
-17.24061878584659
5.286231580964481
0.6732518375411103
13.682213787425756
-4.757702642837603
-5.707026125755664
-6.533663586098186
6.232224898240198
-12.12237645315609
-0.27084379159405336
4.520302707796739
7.833066443168759
-9.601655443795904
-6.340551732039379
-17.50416829152215
8.600160613291884
-2.948574599759927
-13.615261936658184
10.87971919572053
-7.919312932821902
4.843241617665768
13.718580069578431
1.6491696572165897
-10.733073980114117
-9.888518522075575
0.8946143909933753
3.8877343445057826
21.17553388740692
-3.434033326217319
5.667714205456374
3.210226873073674
-15.683187900862505
-19.26659075901006
-16.41410898244599
-9.047323538397146
2.4250285085529897
-2.6173069040364747
0.9932571103484412
-1.1034377597116567
-0.10742420682418985
5.583005471805036
-6.757684188890357
-5.734240868517475
-9.880135171967222
-8.453390302233574
-18.18150174768406
3.567299228330347
6.185434750172094
-12.716202283684371
18.270682572007612
-4.009182472377832
-6.968554962026765
-9.54773351923342
4.196695589354665
-3.7076388703835788
7.50103567850661
-19.76761645198359
-10.761550844333014
6.978133482361299
3.971086934867703
9.084874516026387
-7.680284081110324
1.475362020705318
4.906203934337053
-11.374311409987243
-11.399088355272307
25.60480193016299
12.36789476968091
-6.418074865951147
7.22732396230392
-0.2509453817751139
17.346248023898656
-8.682414980394025
-2.881742192133653
5.8938038576507275
-17.105732092116238
-3.674016592157297
-4.50338918088936
-14.107014033984889
13.461144265884164
-18.20000907953597
-8.806236987110218
-18.20298828572262
11.422674234348754
5.7082120675766905
-2.716612219360675
7.680447803961145
0.27216130271263594
-1.7656444659966797
13.356361795291605
7.010498811346091
15.777090347705956
-5.152254255491335
2.1999289678061467
-10.845685102207995
-10.030745028914337
5.7489468386823805
-6.384143047933258
11.334125809850185
-21.128412611584025
15.971466874454773
2.782167941434564
5.031623274469815
5.8505088662438425
9.858434347659545
-7.293847091830986
3.420667353150789
-1.2068036234186577
-1.3940524468239472
-13.406955136177945
1.7177102270957376
-5.393294963453695
6.654538170303993
-10.69254886159139
16.49748325307732
-7.124394251156835
-8.903449313254825
10.527209594518071
11.579347433786086
-14.368581757483293
2.9811799033711464
13.117675221149296
-4.551249637989207
12.025748719115622
-13.261321581310215
13.628248203739266
2.181579457834838
8.288107406109301
-2.973463341782858
4.897868296528887
-0.5750252413617447
9.09544472097783
13.618587073035094
-16.71403968531942
10.437343006389192
-9.466172893289304
-0.05567641483189874
14.198631434182575
3.246917604965729
-2.8084231369831683
7.17341258883379
21.965550317329345
0.8026912986846861
3.5131667120037875
1.787358345990501
-9.734117372354648
2.4473431990040604
-0.5518453076606437
-1.5815824318621814
-1.755592488098864
-1.8203864851029834
0.847853576191532
16.215898817943526
-2.7304474574004836
6.508309090383749
-9.559116816942906
-13.874134154926528
-2.8167452635557
12.755698981830767
0.8370410925708756
7.018210317148668
-2.765397807937689
-1.1557894503610722
1.189440898937645
11.854216606481272
-22.97948236788538
-2.523984299609753
-11.232916312108822
-2.552988328862273
17.468993757405837
-5.310752567268645
5.980989572947719
5.747320470603774
13.951429647712832
4.651086521933527
-2.7025290031360694
-1.7663424712514266
0.871756562501937
-6.6317399898147595
-10.18932383965079
-4.672435648938795
0.8830606101355618
4.9841035338580415
9.20886098127206
0.03577012458286205
13.123004433401835
5.147500940740822
-5.271275401573225
-1.691524123955268
11.950408533639342
-15.443250101300324
-7.387106174049803
0.19874277037908955
6.514162027949857
-11.320287755638006
-8.919662769355853
-0.875189812483317
-6.743967162406234
5.388052369504919
-5.339819364810061
-12.55395534487225
7.984564708375351
6.571462432858961
6.528412064059961
10.25328517650474
-14.009623421429215
9.485802480917828
1.702436587958387
-3.948671261151126
-24.44491185054346
2.722145729659388
6.520148821174995
-3.0263706776613377
18.214564975212113
-18.907559219085798
-10.679686467602346
-8.491707641688405
-4.960493790020544
-3.634662477950811
-2.806109046902749
15.107988343297816
-9.119600417429677
-8.285316955875919
-3.0272210841764107
-12.600033697233547
-22.71622401584066
-10.033951417075215
-2.9902361134333324
1.336293986053225
-3.5212064935741365
7.4794385605679
3.473214497942579
11.441511333241326
-0.7783182411639558
-2.5427046604744135
-4.836830227871005
-28.620300031934807
-12.883653403192756
-8.409256268329024
-3.3632187635681503
4.3479732310141594
4.360956548799617
-14.046916601637605
-7.418289320133732
-9.573155303080057
2.939800839072496
11.965440807080123
8.704206251695496
0.8516210601080797
-12.459744692019463
-11.300676737742279
-10.269348227303672
10.570929141202384
-1.1629054667852416
2.3910447958317924
5.296658355787244
1.166819180957057
-4.9455456602506755
10.382906702768775
4.421884156844162
-13.910947505279006
-13.295363221707182
9.256531193379477
3.032387521252459
6.533244515363104
-14.11519955979947
-1.5313734831829144
-2.8316553279568963
0.687029859041983
-5.678032629867632
1.4056090548316844
-2.8371556932516384
-0.5673473906053078
1.5931437081175395
-17.80050369213785
13.11017493923003
-1.9377940129943572
-1.9470713300622524
7.316337295980589
-22.370058996099715
13.735818331910979
-3.731293753604837
-2.0461246504023545
-12.963863719671734
9.47649804710114
-7.8184149898738085
7.415377873283182
-11.561214729870127
8.22498365132368
3.843612830097713
17.58300917802942
-6.837925697848949
-4.886072025891521
-13.654961221266323
9.39515489749738
8.688123454068979
-7.441428083667565
-0.40355283058520686
-1.1259247942909443
7.052979061392471
-4.334741938391957
23.067643875825265
-7.526922781492365
5.148345123843065
19.16875551651406
-13.954383207469467
-3.2191753185016583
-16.363203023703
-3.3345869330128686
-1.4269200530437058
0.36099483002966304
14.107896839621805
-3.947213661557586
13.567050297677941
-1.6801676687369935
9.572887215135962
-7.767999045225121
-1.5740527579062489
-10.621571587229875
19.997766646260754
11.891294478741
-12.701445580308773
5.385738219114112
5.997618629712675
-12.670901725605393
-9.689989057241016
0.7602122852487257
-0.4697461671253722
5.126683999441718
1.9573734417955904
-2.663319304634979
6.020899638719332
2.428040247515288
-27.118242859014583
-10.147938376872592
-5.127176822570274
4.326644722570733
3.2633258508253222
6.045033145162003
-1.934987812165026
-12.250691541161258
14.179004863328155
-2.2429184048891995
-5.965854333729471
-0.944728564553429
-6.817045283514243
0.9223500804362001
5.123057463568517
10.518725462189092
13.589396875273897
16.442734727954665
12.228837449868724
9.299880519402643
2.170540768061358
-1.843029314446313
6.989135382425748
11.448244305533745
-12.107627367498669
7.9358263661761805
2.73987687392849
-3.0546718085680555
-10.767475989787947
-2.4597087124257158
14.622540181227414
1.0185516621131392
21.74192609705073
2.362215439010262
8.511453376077958
-7.08831427447209
-10.485411761065738
10.875656394791202
12.850605149289983
-3.9216446020034406
0.3458305830884196
-9.222185664779971
-9.521854095697911
0.11009428096541465
-23.177882029157914
-3.922596992045269
-4.082704452570683
21.897431284896648
0.4301188911821514
10.63136336905739
-6.955262309145144
9.488004935895841
-9.496929758901054
1.9292911580323089
1.9857529152469202
8.16991706203942
1.2101229391640995
3.2797325695207618
12.509317417030434
12.736244288378973
-9.047937346728714
-1.0808920069054435
12.212983624262527
-13.069172709782704
4.469253723589334
-5.598189374272204
6.145449325715571
8.867643589187743
-12.02190050733808
-0.61788570787957
12.653161950459234
8.803671236495111
1.2305202020768862
4.285195578653784
3.1090164375449962
-16.467038627341562
-1.3560996212194876
12.61370860376344
1.6152647133300135
-1.4884049516985565
9.17815032129029
-5.639844909867503
-5.113223364652447
8.472548314759997
7.11000826157751
-3.1129928360921024
-10.81353510620131
4.531529763789025
-8.85811133800731
10.978880624147331
-0.6987370804012685
5.26773526440011
-2.9774031164689756
-2.383580562508172
-2.41005757521949
-0.753961517191113
10.337366022728286
-13.246492631821274
7.681237238978715
-9.06974717472541
-7.489993654086003
-6.088397722475798
-8.502495719410476
5.493952113292981
6.896122112793442
3.2398229730676427
14.705416508214505
13.455185525654233
2.4519008724325
-1.4804907227523074
-0.1282528007185897
-16.695757236522997
0.16771388448762858
-20.55197891577083
-9.3535882450894
11.756747481335795
5.40456853142516
14.862127803235232
1.9340785642871579
14.98783739966986
-20.529205098656867
10.53079644687544
0.03826572026782005
0.4313483987532737
-8.119665538757793
0.0363801961298027
3.247076746777772
14.171498944892768
-3.6904777248257146
-1.3174665518320716
-7.4334739694275
-0.9353153201014845
-4.509433961119023
0.20730185075619756
-2.2341781177650604
-17.366887484645353
2.491548674948234
1.6216516766602111
-10.349103766963038
-1.3359887345149122
2.6291861207438445
2.90931875251001
5.94484655832202
9.924164895693423
-2.4118313718503015
5.926621494875273
6.35795599298835
-7.933069138314253
3.575532665808519
2.6953718856674715
-4.130234869557084
8.497414823147558
-9.067577064108969
10.487646200569145
-3.9195719421766233
2.557687551337005
18.382455873072907
-1.9567572340903763
-4.0309601703803
8.739391336970609
-0.8837273026573942
-14.461493469038059
-5.207322553466972
9.90518190488334
24.475496603711225
7.8513195713923265
8.464863987353574
14.885798785235268
-0.4234826743362693
4.782557682398133
-6.401029472192229
-5.9439448916400295
-31.661942265737686
-2.1294878054837585
3.4263641581781914
-3.3108014857833283
5.812384873499691
2.471727947650784
14.30476687301184
-5.424803236298602
12.468035933901824
-1.1013092377504319
-12.949304630436504
-1.2997265228039838
3.424615274223224
3.4849005553909116
7.60754722609928
9.44598142872534
0.7771585990285601
0.32042785471409724
9.60351307878097
13.099199361215947
-16.40262394765707
-5.383137504207481
0.534950672157438
10.268580216580448
0.37861592602894767
18.087938437783283
-4.588443643040564
-11.158927581072739
-12.877365429119312
21.125032426794398
10.64522365540361
-0.9436699073476161
-2.547548763308422
15.523657101307382
-11.57805924559167
12.05426004243975
15.192635004898591
23.590393550877604
10.235974799922216
-9.637792622663211
-17.230565954272798
4.625464262722733
-0.9992453960149128
-14.147994985210804
2.786438171070124
2.949783049776725
-5.238419551927153
-21.81289649289291
21.90182067706226
4.8494752915388695
-17.74222170577813
12.344961897193276
-14.22052368939198
-6.286218342378467
0.17052595450770117
21.759410753721838
-4.170476366308455
-4.193186084110335
18.759658230216306
20.473544076238316
26.310207301709646
-10.881680573805053
6.816238176429522
-2.008110979974388
-2.087006022480444
5.529556707549047
-4.7100910986967675
8.848283979388968
5.200050380447743
5.3575571346582755
3.4559480705155066
9.425952516817015
-8.82380909037154
-9.834288869832871
5.533246761739691
4.723018665616505
3.4076040696076833
-7.884564037137951
-1.0493839833424576
3.3775953803290335
1.749801847418414
-3.8098378412730494
6.128152580842217
-8.72416047143623
-6.969067132169679
7.297940332408571
-0.752265696404311
-3.0138468420721294
1.7821051592229429
-9.480657763613504
7.948477606340023
18.23898487261742
-7.338098949159392
3.9524485182459355
5.41662334684981
9.71782932083006
3.0437619323489407
-3.049925154966676
-3.5503236250049923
3.7002299507453857
0.024328101785314526
4.447080983740362
-2.0541520264661624
-0.6425371147825756
12.413951211598437
-1.630314859894739
-12.562305220763147
-5.937830880369083
-0.02808579288059343
8.53505903342831
-20.138697246969386
-13.237151239607893
3.9008700749673557
-10.980896194295646
6.311468445507952
-6.0157826984265546
-3.8770757168605403
-5.742481547329455
8.707717042360601
-5.393396428641584
8.93706024316204
14.3016329226307
-13.162244269411898
9.483167294432695
-8.285395299745609
-1.4160195197502334
-13.986271068787499
3.276066635802982
4.973561322908077
-4.679373744198191
-10.27338781128308
4.973687119500078
3.9601188573418438
-8.393967808209045
4.972568177952235
-2.9234084133365474
6.567597192166671
-4.978580821756828
12.319937689199856
2.508692209244426
5.881752613387755
-16.79036245720654
1.3175349701073622
-11.727698693240427
-12.643109579397112
-8.45439550168822
-5.462359988766297
1.0527402351868187
9.952903486602066
-0.041996613449068965
11.754997767080475
-3.1771379762320393
-7.3469857180776925
-4.515065421854115
-9.609267672577625
-13.328370885906565
-2.8918312158400092
-0.3646898978676421
-26.455477600309234
3.289191747258643
-13.690390144499032
-9.083308914935579
1.0767655800351734
4.112605049074443
6.437183050671359
-1.5496808273610285
-11.416000192442814
4.893126329027393
21.328502200922475
7.335703362758732
0.7531905185056627
5.958663858127553
16.2523607316567
-1.033010958583653
-17.696211055145795
2.3519376630516113
12.331720910091263
-11.773377587145232
5.477428940127884
-19.516810458589305
34.74541612209138
3.0916821901517437
14.708849263104874
1.1830842125195438
13.555223848523163
-5.428552484635967
-11.14714309765109
-13.882145264901508
-1.5965076556634108
-7.528986530788745
-6.9420581702625235
5.719830152527112
5.7933487226778
-2.7986587428419623
-3.1903568590703353
3.6577673086772577
7.4332945244696615
4.4139473809043634
-3.3612242767873246
-14.608366423420549
1.190360386687019
0.4178691957838321
4.337573288272997
7.8184866003495666
9.234916236618146
-4.13074339113353
-1.9256880690386382
10.674284738201266
19.881986265381823
3.0476002635689294
9.553348995618975
13.266402425024783
5.793926166793917
0.7988358675901626
-4.54878744175206
6.37282544230677
-6.421174285661833
-4.96410094770584
-6.933478939761343
-3.4923255326719995
8.056316723929001
10.163260009845652
-6.128184157916323
-14.900345120081383
2.7564882458384696
10.611399946015316
2.8036201029627685
-10.719000031508644
9.238760030358694
6.384933315723904
-0.9036622145580875
-22.03269096743829
2.847535912710773
9.678251364321323
-13.335253783847158
-6.844119562696212
21.059290814317105
-27.88843949443906
8.735253257659883
-3.098225566210593
-12.344367861897622
8.45622397453028
-4.147049754881463
6.1104471384688885
5.172643957731195
9.183822755702945
-10.31599868066885
-21.168478304949545
4.281512915301592
8.642740086983977
-15.360637897667448
11.123388419783605
12.677143130193057
-0.8173400020822463
17.635597710510254
-4.5081247435440215
-5.087602359157303
1.722032163425859
-4.109585372867154
7.1167867098882
-0.47882594552128177
12.106328906884245
-7.225469421177905
4.521962164660015
1.544890333783093
11.439455283219223
5.013944173214584
-10.30023111158769
9.149823715817693
22.891426372801664
-1.6839516304249118
-3.910259767780799
3.5673007698651045
16.84494297108553
-7.723515694280533
-11.973004885892632
0.39084879265163164
0.2838327163843377
-4.977405688481383
12.042284757723271
23.79347413485062
-3.237705888327509
-1.2936383127016844
-7.029898011463474
16.416595688479276
-18.926032417366294
-1.8047138498403785
-9.357812039635755
-3.013402904953021
11.615675380602253
5.0966796686575355
-4.11354789923956
0.955932406892182
23.74586878738146
-8.677853271416335
8.890350451108853
-3.895164666037735
-2.9350129373660074
-2.1336965559586023
-6.99126122842609
16.209465862380295
-14.092030464086626
-10.107551755692304
6.319878140140203
-0.06544892321342966
-21.056719718410637
6.66340283590982
5.516165923981558
-6.62284828343054
-3.718190021503079
-7.308920596489151
1.6677849070665145
-11.279601708153457
1.4885547416033507
-12.77393992863298
3.7832880523521077
-3.732815394785764
8.91747845047001
-8.24466099454986
-16.32127963595059
8.835058234768912
-6.303848208616299
-1.590407534889176
-5.658387530489461
9.270299426357727
4.95938013080897
7.241162286246149
-0.5593390399519151
-1.7742992624914806
-0.1930044475382906
-5.796059419090092
-12.378608323794449
-1.0341012235822595
2.879721072827781
-11.504004037935518
1.2066876210174444
-12.89666655046317
-9.935088508446492
13.333934391954093
-4.41542915984097
10.585707620190488
-29.183263977248735
11.874018094363928
-14.950889165449961
-5.608138015066688
10.247177154104534
2.995191997729915
-9.803596649507302
-4.648155377934691
15.428798880372087
1.463409470076749
14.914109667965702
-6.055607760057528
-3.116108558472909
-15.903434625494214
1.2326939263860008
-12.779297232082383
2.8503521085329195
15.108877906300465
-4.650578657994289
10.141218682002329
-1.6977163295603082
4.931933289280193
6.170160181729743
-13.10856183924989
3.995235059344636
4.041804645907437
1.6403243706183197
-5.906988850342353
6.638859687015234
5.5874924365575485
16.353814223337377
-1.8039226026981676
-1.3796241763212782
5.701790966306405
-3.9722168315325597
-4.899057651828564
7.801655645085882
1.8782054246211641
-1.6014935872544913
-8.111893644615039
10.569304321775261
11.52518225672782
-11.6577851454623
-0.778388487458594
-19.58477071914062
-4.898484297548518
8.392752533849201
-24.488052293721882
11.201034087104325
4.448756017314212
-5.53302797643819
1.8998937644280662
-11.534407385608684
4.2127253005017815
2.9535416247187873
-4.470131824204787
-10.844926134107203
6.450519342283879
-3.7958504931595
-7.8484830397964584
-7.899361803955982
-1.6144407852641898
-4.698935939709097
-4.745074478557488
-9.032611666185705
3.74566572592828
16.374264085614623
-14.865076709454772
-0.6024175998313672
9.42950118987358
17.50446836024695
-2.9044683407614285


5.640951517349519E-9