2000
-5.224766761326798
-27.65149475403756
14.71143309039749
-5.8150083402088075
13.790731252670135
-9.883858770324505
-18.068713087758194
-9.681310938036084
21.366365113699164
-9.433443145349422
11.28953783475444
-4.623877136110595
17.957289432179294
-26.022661510046078
-11.888528122725155
-4.331787428315591
3.8035091416782096
12.762350154897318
12.902013119039903
-2.684189064388286
24.578356182698347
-24.990500495527964
-0.2628524573892337
-17.203344346367576
42.92540529769686
2.7637808221848097
9.93903597700994
6.186108095509756
-0.41744547133585963
8.583053215261316
-6.023770307934868
-13.25277308375604
-4.629926741360919
-13.80434572620532
-13.02774924088554
20.328916769117022
0.7882153014376643
8.66344151346337
8.349309212144622
-10.503842481030842
-16.617684062499332
4.244426839076061
19.510034325460843
-8.473060047018796
14.515197993621914
0.976759658779228
10.993167418268634
20.51061947552626
-6.322210754212964
-9.001587205710274
15.451777926625338
-2.8312828169196638
-14.132108769983812
-25.41898348774281
16.724680432323368
11.455060880508478
29.19162108809603
11.837586401468451
8.527929989294146
-8.623815501940049
15.764678627708786
13.609873787730958
32.99544763551586
12.90580663778578
22.668936313020332
1.88553816616379
-6.599062320562814
13.368254087041691
-2.9642634906317484
-27.73819415570341
-28.179057174724637
-19.45922607945259
-10.305089619302514
28.78325313286276
4.790437426242197
29.79769685317004
6.173367060958961
-8.52435824510271
-3.0921906653684434
7.170018441285364
-4.993951053540016
-19.953517880724746
-25.916009348615578
4.9725081615116276
-6.711734101762828
-0.8332118890334463
17.930473290206457
39.00770627105249
11.520085959824913
1.7151185185398736
16.225092387562817
-8.745547695765374
2.4850468724872425
7.982193788719613
22.848686119861867
-0.5246760279285376
-22.44376426911574
-5.681268158640798
12.763123277418558
15.093032208407013
-15.376234192653154
1.9961438611050486
-37.146874316287516
-11.483378897228803
-27.456276167139933
8.173035073115454
-18.275687174871596
0.8480622203742056
-13.754593898757939
-4.027456541998276
-23.69707630877042
-25.816978992288863
-5.265303898746736
18.524325214698806
-29.663082184790635
-36.49049043064802
39.38957824274085
9.447652472412733
-12.746616804580892
10.656288295025242
6.905448195731787
24.15909077782539
-6.710056586021015
4.699868161193763
14.603876542357321
28.97424524798702
-3.961117281472399
4.748267104018748
-15.87585786101897
-23.322981550227677
10.595678201546413
5.08440910423932
25.85997393175083
1.731454542180097
-4.989021932613863
9.247299066468619
-28.06039333429521
-12.10872271834222
-28.787956158771
24.049246228279653
0.11944574221947613
8.367085572309543
3.4498747565213104
-8.008508855322443
-7.626995323537401
14.516370983093367
6.203320642834907
-8.361389005062902
-1.1091780290843793
16.484120763746603
-17.287334380202175
3.1277856020727057
9.881560999615148
-13.195173173684545
-1.1131588953299167
19.812435524536298
18.848788574632767
-11.472992485973164
-3.007170810318804
4.631738494527409
-10.812146585683957
13.99968442238075
2.007934077107164
8.905081416985006
-14.342647086594605
-10.065679612333547
-25.36815995516705
-8.278242185529852
-12.653726601433638
-23.791055574700447
-6.829133362744291
29.380308195804307
-10.093195213440564
-12.45484780104367
25.09345525141262
-15.25464305937326
10.744655843941167
-12.79813267116737
-15.270639559634672
1.085039730945636
0.20524977031220182
-8.546357249788345
-3.9818535392042396
22.85998520481219
-4.5318048652352685
-9.852428111685137
13.583321611639498
25.034203574605673
-18.815145631377064
6.823141930783665
4.8040734195650705
21.27162242329808
9.16954956124886
15.738244687305816
-3.5626529887562377
46.583014504971814
4.427096484273844
-22.414303212776844
-25.43160520030071
24.768830125102763
-23.560040148321928
-4.414163229314217
-9.648421855808175
10.481193414652077
-14.976200815254922
17.970861314459842
0.4595811800701399
-12.753299020250527
-7.818140607048049
-0.5087597171409552
-9.066168696226846
-16.199793919514285
-13.80182831811737
5.211768386602272
-5.439246170928343
-8.762697807730927
1.2091901164351184
30.36734347250988
8.722942612520457
26.013312183976836
-5.005777986260172
-18.883180391909058
6.5250364525027145
3.7976311763768464
-3.37208221097358
-18.171350763291482
-11.415838087280887
-7.030627810742917
-47.40004369264465
14.65260749138884
0.7855481196197107
14.398512149136241
13.330499226540619
-1.189392683663236
-19.183965516633247
0.44190384295855556
3.8934945971401516
-4.806635687701174
32.826059792629565
-0.14927447016207218
-21.49739568122996
5.519418774252725
-7.426556683996802
24.156321185917655
16.82936732862739
5.0247993352400595
-0.5040497682297145
7.552896125815757
-0.3610680220813931
-11.388454959544966
9.795831940912926
19.76138622714707
-11.618197846200545
6.80168029052513
5.831330604416828
8.05968770580629
-6.2616411799831235
-11.106534814155252
25.70489191932447
16.49385332359029
-10.337217370205035
16.0306184458928
3.8102008365413376
17.37717831641089
18.53204292012625
0.18702892095183166
6.273545671936374
-38.872782236569755
-29.476513510155222
36.18272309216205
-7.64429769631425
-19.94724177176599
2.6947455166071417
3.7788431312274
-21.98728601056463
15.23947492094499
-12.164182436079292
-6.549597744036767
-6.972084968952059
-6.7019659337813735
-4.045749763843457
-15.426578275618333
-20.869780351479907
8.583954013040579
-16.29469714423979
1.3962668507517386
-16.644627311413544
12.835463821406412
-12.5056667537103
6.4921291488209505
-32.43441686980716
4.479580540080658
-15.764452620342166
-8.569808806733732
24.852813656052607
-20.567520430356527
-6.361519829781535
6.376403513711923
-4.642428536122791
-10.3984166231144
4.6130677902878405
32.57105710354138
13.085657496920508
-6.925379835299488
-45.53467262812196
17.826476191449192
-2.7258110743623942
-4.225504736387674
-1.1369185184552726
-12.820090078748535
-20.641609300655837
19.64629937822857
-14.787878332198943
3.0565699030241724
-14.177275198115769
-21.16045074533908
-13.263986390509752
-21.054832191334842
-3.269664385626176
-15.211388239546608
-4.095932187266194
13.619465773758169
-9.251987125987451
-2.9998006194289037
2.6812397619826136
6.807563191435858
-22.712040127811186
-6.682247604326832
-14.37461743007131
6.052844615728957
-9.711781464130187
-14.714595021473997
24.0048398432812
14.003227548992115
-8.615173511614994
6.910050143878561
5.027489944254175
26.39422605817953
-3.003529817935773
24.781245785723453
17.132450178935073
-6.257714580165857
-16.15530561333396
-10.310198585541785
-27.06696636168343
-6.643779073163133
-12.865711007129775
6.726203514002577
-2.639850037816532
0.0031691807768133573
14.99236825362473
5.2983492789880104
2.3597332251464644
-7.68980162698086
7.771045644842521
13.631753834731724
9.94524214312585
8.433309264245706
28.66202613292723
-12.033653811940829
29.39109803301596
-20.827313803976146
15.802332089736066
12.671549790587385
9.419351837118596
-28.317461739663848
12.842332493466765
4.420531505973283
-1.8281360346409155
9.486033800570787
0.834502832439781
-8.151133520943535
-19.269122892765186
-8.752405066090748
5.786901537570277
1.3121840433370506
2.765864941908434
5.439785042702697
18.07799997524188
2.3380804133902418
-13.252830999563875
16.3959455689121
8.603790496393398
-16.22301054353162
0.83483704996522
-1.799947343924076
-0.24337735230144286
-8.117045183695339
-37.536560878808224
-5.39248519949186
10.235564895546275
10.417784079342377
20.535435139152654
-21.58719401848122
-10.490535965584794
14.789366832052883
-6.394758950180591
-17.444085498868827
20.546758217770687
-30.077260303049364
-0.38395965038320634
18.463943451381905
-2.6580802799867898
-1.6515775030347153
-12.8050073270939
30.463493114346708
-15.555235762307282
-5.142533084821724
-1.4823530649409586
-5.308800364851583
-18.367505402354038
3.33636847652774
7.861565004960127
7.520052878365469
7.234610554992094
6.96980504053348
-7.299763147191075
13.4606810086298
21.907848602259815
15.946446546549513
-24.691943027420802
12.910892473941896
17.071213624536743
2.3185832277434395
2.879815624356286
7.397172412594681
10.028964670744344
3.9360441273489752
-32.78506254340211
-2.1832712009346684
-3.1664110320675527
4.78399572622642
-1.7420694043091618
-27.032808738530395
18.60721878465105
22.962985091458346
-3.9817312125205553
20.277784867410535
27.510407037230628
-8.05163167277256
18.05495562954397
18.13846871364836
-18.514629581149194
-13.369374506303172
35.548169536782794
-4.507438500018136
-0.20403058091723192
-21.089562745977794
-3.701346025685397
-20.17492039732741
-11.404863621105326
38.99350992616935
4.673086166265603
6.351304439673003
17.28199967751772
30.68586920637302
16.217268038554337
-10.460574545610097
12.627881905662099
-7.650657145699997
21.543965922120947
-32.103953590571656
24.726847298513896
-12.695039531963442
8.139087614929435
-15.152811928654295
13.737990932350765
5.3525879372114975
-1.2163694232969002
-7.48772287641824
-0.07032757098414572
32.313243900079264
-2.9769746684993237
-3.5841689871726325
-24.403644108558566
19.49737693433442
-14.722488438993269
24.086859220582795
-16.35442242042391
25.619203009069587
11.062638268549655
-13.432668420409666
-26.10311362825723
5.631789220548948
-3.763029001338253
34.236081588863875
-16.08755431664247
-15.577103502637367
20.07973869931325
-13.387078428209156
23.97215023838139
22.46058622901847
2.194535862190331
16.191907618569573
18.95121039820598
4.350586962906931
-2.7513430163002326
-16.66064643164644
4.576092517701189
7.816727175014174
11.59099798669708
11.908711312813296
15.729229431316048
2.339133921173864
-2.1251704876621758
-9.387916881045637
12.646137435297495
-3.3501755209375386
10.602712058900897
-9.403447784656334
-0.6920793770007763
16.575393500145918
-4.29680914309208
19.700011947821988
-2.555391153865159
-4.213187961886542
-10.86172538394209
5.143949793007511
10.072007304907093
-7.736872555158786
-2.882937395612286
21.239437113459037
-6.60187706048279
8.843866306061317
17.91455766288443
-13.308370610637496
16.740039005648686
0.991586305301837
-2.3505543082983107
1.6892604803763618
22.11885043308054
-3.424197292804214
7.010861686565746
-3.34597238767125
15.671783749816852
-13.523052293937246
-4.008743326783651
7.758247932309856
-5.1633118645909875
2.0990316028217455
-1.1017641334126906
-21.355885948296123
15.760259920577727
-22.44998393542139
-24.28425718964048
5.1015391212116725
13.593752004133462
10.786739820704867
-10.506806846461458
-16.738895243797383
-10.797924306313273
43.81422780971388
-14.5513891062363
42.9378851224993
-0.23485600599504647
-21.336196282907736
14.904831229923163
24.63400589668697
-5.268941556848281
-7.90760489827756
-23.584199498518657
-12.585967778183152
-1.5015645288538626
9.17965256114003
22.587309712811976
2.5051132183817253
21.3799286137976
5.554422574013424
-3.5992154792347297
-1.3066198480174323
-8.355876457922053
-8.285365306778205
-30.04040615001657
-1.439208967093194
9.664402151264204
26.457024218980727
10.294079885169122
31.905788757643503
-13.108641193189715
4.175893049748584
3.6361189630490256
-10.717538584787803
5.390905389608005
-2.794274987255412
-2.3912702935778904
7.3249521397021145
0.7979617499709335
-21.182471963309887
-10.7171838559515
-4.958418464333969
1.456616845281608
11.681456404495396
4.9555927114400316
18.721941391552953
3.5072242568129157
-18.23707167761364
-22.010634658390753
26.528399312144728
-7.186234203825002
0.777579284294126
-45.86558508301244
5.196097220742925
21.974712190020824
16.70361080639689
0.987407690745562
17.25528284846068
41.51022872545296
-25.488207542438225
10.820407999226266
-0.3066746041978229
13.948757212607992
14.242914285134036
-5.999035528235089
-7.6724346745152125
23.568882900876304
-11.133234902245137
9.550566371587529
0.8907277526127211
-0.27451846456665674
-14.677206981718719
-10.061775435561394
-8.6270737589231
-23.206569195135874
-30.811112222556552
-13.651851461378728
-12.51326151540861
-7.244347887356036
1.624196388563682
6.71108934138172
-12.819249488207596
10.8003689706399
1.174396006422364
11.512178358425142
-0.7786123663254332
27.518480064290298
-20.791179203499777
-23.6022358622869
-0.6911355094416863
-13.90533516392001
-14.05035004474258
-15.67874095918393
20.43335582295437
-3.6795985035647494
0.8851148457257003
-4.385906501019441
6.368506187148647
-6.242220764945216
-46.488958437867815
-17.71923335155856
9.886149514384726
4.217901127539766
20.451479367048773
-8.828929582526335
-3.136549615824293
9.815014496406148
25.24133552230443
-9.240523516636216
2.8843719345815018
-29.957286983741998
21.357561842628378
-9.848632672940603
-16.041905256880472
3.0208510144436094
9.90279518396779
20.006498807813188
-31.648041913247855
-13.7429369559627
-13.195641304571815
5.564069533463709
33.12852158883357
4.1641135467333275
-9.127277118047068
-15.791496923395345
-14.286460349776885
-25.13765435467277
-13.831771649193525
-0.05529937431241949
27.22267474499149
12.162166683724301
-5.600254794684696
-3.772059215075868
-27.668477968278985
-3.600758439219007
18.309964376692633
-14.217934657240194
-0.16452071915762234
-9.990802541195702
5.15221101641804
-5.181079971988685
-14.323540148003476
19.55456298773457
-11.993831964690813
-8.073060766342618
-2.1070291519930358
17.29172795669468
7.416844387489767
4.542096275028047
-9.74294080529382
0.1798956536578878
1.7638868931400302
24.537543552069483
8.989081832384294
24.739405424806606
4.890665579700369
8.971567798540859
-18.294500914020464
-2.768499282584478
18.066349438183682
-15.647595877838619
-6.231077811654718
20.326964723845506
-22.276982746167974
-26.970027605921793
-13.421427416639467
-0.8334144743167233
5.205437898523021
22.9252454658446
-8.847876464072373
-2.465314712643651
-19.49763008049622
6.581259197996158
-1.7068912383469423
8.541160685959916
-13.654785317662617
30.779621668838363
3.283164307966436
-15.651592871891678
-9.535313592901211
-10.679022032384191
7.960422107824573
-13.962009246783913
-11.109492376920384
-4.403020577892689
-32.407445800299485
0.6301464177381346
24.452970448974934
-4.0251197586785485
15.169809007391462
-27.855631804849928
-23.278348551187037
-4.55423727662439
-2.357604245986874
7.260197901806332
24.484618465652
-25.64646783201761
-11.149580274169669
-23.742775819832936
-1.2719501802136925
-18.678677734957052
13.46930046404611
-22.590230089954495
14.881949094205293
-22.162859124597926
-33.2331583623168
-35.32072806156663
7.335344649230709
23.195884055566363
-8.24125112192429
4.110476597587798
15.673044162006319
5.561217651749961
-15.528733879156771
32.62470039793428
26.230198305499744
2.056648326937296
5.762751415618902
8.152789285887739
-17.254571522138058
1.1616907865160422
10.35469774334995
31.293856074281255
-10.278427166216533
32.3421450304758
9.6210072606993
8.177548908328651
1.1595776028216511
-1.3050751289478244
-10.753891895549442
3.7495920060948302
-5.743722676597353
-4.455099007658973
-3.8631632362633246
17.115091792257076
1.7769702441256356
1.7876072144368265
6.9427151585477125
-30.353878655263763
13.823533067094775
-24.935073118076446
1.6909904749073923
-16.102588146330426
-12.620118637239742
-7.76074059765299
30.23960603380673
8.802607605480247
-14.235026351556597
-4.371471748379312
10.418145188051271
-3.9133135301086974
7.6432981181789765
17.363761577511603
20.828273885841558
-13.994051490323995
31.20425409399367
13.380196261203842
-5.508903077627011
-17.95001558122327
3.0283476023712765
3.7496470891310363
5.984747414519372
-2.9494185719688115
-3.8975510526677453
9.427820274549816
21.141389932711217
-10.117560065472555
10.574179182534591
5.943824098033507
30.635702714303616
-20.06105252108121
-9.881667490190452
49.4690462250993
-13.449832048941381
23.954066707917782
-6.85180334207981
-14.341485904594558
14.695510829671775
-2.5472381156084225
-23.364356590727063
25.10383220019784
31.106408149092246
-7.0458919094737995
8.706119703261077
-20.75307927222391
-11.003134902897608
-17.988591561942993
3.8577926281230543
2.5555897320341225
-5.6388088180818325
13.217555401657997
25.610745530107106
16.010141186365566
-17.298806844046478
10.302063641128571
-3.3655133498072396
-19.990992473585116
-24.358896683348846
2.543621221223516
0.5817809074857005
-17.77562578896195
28.366429412197135
-44.18939700064038
5.801398169183902
-1.956347859409458
-30.303889507891093
-3.009864435574224
10.979097219753125
-5.654029851343371
5.601244285388453
13.018375428265152
-28.76983021662946
-2.5779242452551454
-32.29274570996934
-5.126039015864674
-32.08560453426188
-17.56833945195701
-0.8274240755543605
13.825205457046295
-10.229515031035145
3.190180530636575
-16.14963016880668
-24.057831266870238
21.8816933892451
-2.212791173471279
-20.116919475901156
-13.876912556986081
-14.355064335429665
-11.524146942151356
-10.323147638035744
4.71219427389776
7.825075453765266
-35.25298513661176
-8.270839761845608
7.872914875328429
6.977999030055617
22.162813216235673
-8.228843075018005
-39.11087406494815
4.247358560538399
-12.105086063000421
-17.763553854073805
-6.04096946270735
39.14249295285681
-7.7736144189984495
13.42368270492284
15.225613995373187
1.2852025540160885
17.70206998335497
-9.390010282560947
16.17555902878769
-15.472012901463227
-4.167304279087763
-6.4884491713462165
0.6627493245098176
-40.818036460958965
-29.47861756047309
10.838625613690605
-9.256037731256665
-31.017268167552693
10.50227468284918
-1.5629148161359663
-8.686629503125086
-3.666272295919002
21.552948159268716
3.635654958878874
-18.708706273400008
-3.563493977703812
3.8891191545441313
25.937581965693333
14.606373069190184
-5.316116375757955
-15.377583435422794
12.135925577440371
35.51885298167886
5.768303052225132
14.41606871857773
-33.318349880886664
-24.77631945582033
7.569750449005626
1.209925660606794
3.957547929094251
23.116497910414488
14.841012914516421
-21.064501288052963
-21.903914067945717
5.3650087245141345
1.6808419790018343
19.081106261750094
4.164130699272984
4.515318750713564
-12.597641421712359
-11.214771342227898
-13.932310256726215
-17.910455752218045
-8.774815681270175
2.1008565649426143
-0.31855301675635506
-37.05614713801041
4.776988721097302
-19.551133707019453
3.5118565498862298
14.200176555292716
-15.939817632955272
-28.914408856034573
9.063512611838812
-14.885741074707857
13.110822177793999
6.842267236918611
7.460894457614139
-13.971204455501857
-13.997471007212757
18.52463273011999
-45.19096417119197
-2.946361631929665
-23.623009844466097
-12.089607580819939
11.73783607172412
-8.661370420218262
1.463331341261231
9.099468657984946
0.062247166348301075
26.017719202563114
13.697866835081323
36.46153256017838
32.904677911942656
7.7236176120527515
7.77641284249323
-18.938308371096003
-6.426941418838051
3.2262167175080876
-24.87951571576034
12.627734011760035
4.235539395911937
-0.459074018931124
16.41192851057446
-3.7856424941505833
17.812348651248296
14.753771894334598
-7.842189181678743
10.616458920750214
7.051104158083946
-13.646772452336188
6.874097683775512
-5.274643509666387
-15.36543968500507
-31.056124359486244
33.816620682699885
5.118727405344728
30.14574182378954
16.627567271124263
-1.9762762851242317
19.099693121045142
-39.946328952010944
0.04737685660355906
7.913576261212448
-16.749026447810557
-13.59508149260471
-26.69788263413595
2.255500543707495
7.046838866697005
10.720583805806918
-8.679862547630183
-7.824401444809837
18.417422932148607
4.678510352925873
3.328245239694532
-22.455110477158
-9.186266424687918
0.43389835017264167
-7.148404542078442
-7.1172198922195244
19.789207551699
25.493379257084307
-26.901788971215847
-11.212735404664526
-3.967377665242943
-12.74639580977579
9.4054562631792
-8.412479643840937
-5.840499978485096
-27.416073448163324
0.8479651179551295
3.9405881640204856
-9.783666005100226
-6.404507937248942
9.940016296939872
15.343388774167705
9.048201797262106
22.86539194410973
-9.278884820220803
8.723054199435534
2.0772228072843992
-11.007128659617438
-2.3160333827775315
37.08018472734302
14.588329353656087
7.401952544952142
22.350766140997507
-9.877442639474367
-13.65817866810128
-2.3382222533882677
7.378449302943521
12.898922778166831
-11.563906471814573
-19.187979024346134
8.274914931430885
-30.336705234794564
3.265270450800476
-7.13501434701273
11.789915245558415
-10.55080151854777
-10.250915547515394
22.820477733203393
-33.650347092866944
-7.7829075226267355
-11.959284131333991
30.198649411329868
23.891718475028316
-8.478652570782023
10.432734670809813
-20.574292680390688
20.19607655412937
28.500483739822705
2.10961064192867
-22.901737307989563
-13.414448413318656
8.920855668524522
28.895920246295177
9.40658246194047
17.492527418413978
-2.167900634507146
7.710068521697329
-11.747248233189714
12.773459525282043
17.18217631713733
-11.581844025438754
-32.4839168098526
18.215874046480167
-8.83731519267402
3.786878567890713
-1.2726613260570505
-3.166983230740087
15.281690144140647
0.04800207918077026
13.54203509673362
12.530882294064492
7.029468215438282
-1.177013267198336
5.029063317971481
-4.231499967452574
13.406451693316964
0.17564065948534824
1.1893635644888776
-27.432543505453737
12.997312180922153
-15.234724691353183
20.49629509031294
-13.85383057497023
-6.778083858261695
12.35158600135602
15.59849314098882
21.055513542165663
-35.25031031611331
-11.69262306799325
-6.552454102903651
13.166335611198903
-17.913262681064662
9.435511658642822
-33.91614881807325
-15.968004819277917
24.586596209713342
-2.4065617614604617
-14.215191986203514
11.353248722984269
-11.686793896114963
-19.698697283734063
-8.126365484269503
-1.7455595504346961
-21.96864578866726
19.912930093090647
20.818572430780684
4.672405922664657
18.14723938109428
0.755937575703418
8.26584137242103
2.1634250466437694
4.866810765138185
-5.7158622371698105
-3.8516009192237366
-13.106776372906928
-6.809184839142276
-35.03366337165339
-13.557118275917757
-1.2421382529126639
-2.731163199204371
1.771953928697302
19.178056479801967
-23.529979851446924
-3.6987475723890784
-37.49998886525021
3.5003375648701134
12.314562706282686
13.683181619539303
24.722593642103853
4.751004562497131
29.10939377211462
6.891942451166004
0.5447047004031879
-11.490102809652441
6.492898225764518
-1.4413115128790703
-18.172317240877884
-22.79304987415876
-4.764508589397914
-47.64826970947389
-26.93072297907042
-24.036450320757282
-1.8054663108170352
6.820193507123944
14.205743580232184
15.178044358035322
30.241778550121698
-3.4579403397400124
-38.15652332329754
5.080042672302712
-11.361906136336025
27.083343469971744
20.862651559715314
-2.4732672412807046
-0.1976491428419591
-0.07663573514311971
12.58029628489792
-1.0425476564268807
3.4364146213477906
-16.669671681097896
3.0571875921720726
22.46706460896611
24.84748885279913
14.646429317209972
-8.797583327675582
-21.355323201755372
-11.752827864322013
-2.527851316304285
-6.731001813008481
3.7697877674265508
-11.711725043947146
-5.8749696330966135
-14.232246021229122
0.537614749698396
32.66017168090913
24.540375266977055
-4.16915858817795
21.736410636228655
23.054227823146277
22.616039627406504
14.03332800894195
-6.964815430023025
25.14750667697545
24.432814492456203
0.2469123092646741
-15.953558012232973
1.2407444604185618
-19.804109999218603
3.735968199824441
-34.86598634796691
19.04958122331736
-11.348352052161292
-10.754512675435642
16.541502205770637
2.172689050062429
-23.654646359849735
-13.284894130315292
11.949235732740515
18.013962062148906
-17.10487183167714
0.4804781797985207
4.952358702557838
38.015041840840304
4.317833137699075
20.197324553994925
-9.964082756802908
-8.241898144646996
-5.5527621719232325
8.237044348046066
-0.9160250166907526
-10.853733790455783
3.4731685781831607
5.651616658277758
-16.499284384042088
18.22576255974323
3.570215188342671
5.034893708262967
3.0002581129111827
-13.745442262376361
37.15473541540562
-0.1959878236824718
-42.01051763246115
0.3961889375138894
-20.32693085388964
-2.864003747197274
-19.512761637434778
-11.518083754217633
-10.811667076245447
-17.153491931840616
-11.523483448012325
8.985273495131834
-1.6430288364298118
-25.874699148768553
43.75885399976255
8.421396449127215
18.024297987296652
-43.82263256200874
-8.664502714365454
-0.884646085441261
-8.392865246218307
0.6246156640463101
8.67511772419501
-6.059250864383287
-5.975804219470904
20.82366946505623
-11.5485644095662
15.086791076665483
5.144454854748857
10.872819578593157
10.311133271332261
-6.090519461274015
9.416258643957576
0.08379491527886174
-9.682544046242688
5.37118975647514
-4.954295429795167
-25.86139799472918
-1.1565370185990047
2.1687381631097438
-8.501368930703771
-22.28919394618446
4.071000890405113
-2.975852393911116
-2.156964927974419
-14.087115531731252
21.246696080971596
-20.67633069481324
20.816832483970966
5.976451480540167
12.483843309664469
-13.299925279184652
17.01787399396477
-1.0055073873518516
12.234897947196737
-12.946328959159882
-4.351580419078952
-6.488925524517363
16.138671676694678
14.364255235700746
1.5481945898229883
21.14387554783582
-2.089773222721567
-15.111235964608065
6.231401082329867
-8.418230081516272
-10.62757870881638
20.246624379283677
14.041411552285675
8.732945247738682
11.20411230620203
3.9832674324221378
-18.69109319205866
-4.742022642314934
-5.191805890309938
-26.844077235244733
2.0146271046246227
19.72408034042523
22.59647621363325
10.922250835025196
-21.432804685187865
-14.107512856948944
12.843084163223786
-23.94074573290082
0.12245600098584042
1.1120549107824613
10.741949506372102
-5.895126341955712
2.955490543032286
-1.0107990790797543
-18.91473587889896
27.695354007795345
3.895724933169535
-0.6969650599951673
-12.621900290505211
-6.985940612745059
-7.96914256328083
12.987025521198667
-7.051147644443882
13.605432342215646
-40.114693123923885
1.8385604619691835
23.39172635861879
37.176713194872015
11.329875295923914
-42.92967272565087
7.232590174593529
14.590470480645953
15.543775105767674
-9.368307492945387
-25.923316383975592
-0.0021123837360699227
-22.11618308770484
-18.56824617996011
-8.371701165535384
2.427598405069548
-24.122488944601763
-14.32397184885583
5.985008879417287
19.505675478353556
3.0668117970145663
-14.412853458972013
-2.1740337974157224
25.631016289562226
-37.5501221469868
-1.0967504236663372
28.797414317932283
13.02849325777477
1.697904340257494
-29.653574393855152
14.7793955347239
5.4288375965658275
20.305849069049522
14.67138934579118
38.91392475357735
21.238098702197924
13.944287958037735
2.4499611815606572
-16.727404435943942
12.25341700108434
-5.838806012376747
-15.280006753765548
-7.720311445522794
-33.842109365604045
13.324485004485517
-9.687345991754649
-17.251782993712816
16.442202352497482
-33.18985599497656
-15.211448747246052
8.506574327236796
7.813408501534944
9.353590346929238
32.598986540347404
-23.13167475226629
-3.7639148175599333
-18.63415340680786
-11.815708328857694
-5.460980118764893
11.190770960743212
8.322437887809157
-29.388251793851627
-11.505804708414821
-22.10357012093392
-0.5926486236568693
-37.34453826415235
2.958175994037437
-18.11054603206118
-13.239613985174387
-11.307769149825125
6.678681727367695
-5.99808780129055
-22.818333565122398
16.784336025068075
1.8683062068104719
-9.40859036281689
-35.019365127609454
-19.32682760925853
5.511993395924921
-3.480463362044816
-20.5768505389802
-29.539885376897768
-55.78625719698215
-8.266325953790997
-3.2569612552984544
-7.273302257727862
7.337259330760262
-7.904855136084032
8.636578160066886
11.52550519324817
18.543274315810567
-5.0400884885051225
17.99167717951791
1.6502315776674537
11.746706593068057
4.490307257834543
-19.116212284760774
-10.508867499652702
8.198505814379319
18.66684315087794
-3.6262653017479733
9.604758441834667
-12.693886045838267
-13.966589430040184
-6.789446156862447
7.716816693923202
11.918527206211655
6.035018950040431
14.365660971979093
12.724447703258093
-8.312413869241826
5.231248314992473
8.856767323446947
-5.929381329628759
-11.566210402104298
-21.43917820205315
-6.270737044303564
-1.0631330140489934
-0.9004148227921038
2.6230894762540813
-23.564897420078957
3.399765679513742
-23.0334976606725
14.150610887335462
-6.119721638501594
-2.7145404373609354
14.88612066839904
37.97302231066417
27.40663094578824
1.9862780018971624
-9.309402466592356
3.623742431180736
17.084008251833037
2.0024266359870895
-25.56863821709335
21.8825045277149
16.08266163845551
-15.072904319141823
13.307307581951518
3.214883027678082
-19.260400742374163
-11.523701339881356
8.063422047871976
37.584373776739575
27.65137338915615
-8.551497345056578
-11.423817953545274
0.23240644802911659
0.3188268341509608
-2.909619125173385
-11.09666955384231
8.656704266505455
-17.29321994316644
-10.805744866489604
-10.198903478626873
-4.318240547874139
5.277236938148187
16.852655296289328
18.908767342315638
6.459642513930657
-0.23357956118479883
4.331683966425361
-13.867714550893524
0.20258398511704656
2.687244604630828
9.307225985601173
-8.500414784893797
-3.857635917221083
25.364320089153463
0.5183023097236037
-34.74068456985856
8.495300108792934
5.769289744958843
-11.915093471282281
-16.941401602841736
-7.811158651156065
18.728621560440782
-21.391196815798473
13.961374023114178
-21.490623819730722
-1.8378440180703068
13.852608790797406
11.706157413396461
3.6416357062891116
-23.258348236940208
14.954429028910159
13.096128792224532
13.032601593846412
4.825236411205948
-19.174908378244876
-6.2703590460431835
2.7875998606346153
22.072085821924215
-27.49430946061973
-8.030265924962597
20.137664497935805
28.610459927600854
10.92507007231842
1.5314444985770108
-8.24466556374702
15.320004465594675
-7.637286327334893
21.958114099161744
-12.404548989099398
-8.380660046197116
17.752348124652446
-17.065766883351824
-17.063225036774604
-1.4422879543261227
-5.193103347152582
26.415892873338212
10.896329598438774
42.20914027778015
13.65209730573155
-15.963159300633485
15.21852902731351
-2.3430155953790672
5.32114133028736
-2.10798808032276
6.047397703402426
-16.67744411623028
-19.09078849624693
-4.116968073632205
-3.9979059126758543
11.234529178575807
18.971872157173195
5.519421738187987
3.811140621195835
-11.10173875086235
-10.04863769308875
17.85402180886709
11.717545740133424
-16.697424784217144
28.87801785010698
-19.127067796309362
0.16233316388972652
-21.011668919989773
18.44192460073626
-7.7557621131518095
-19.25173038184908
3.334520909352422
30.77131528279828
-3.1160986176458194
-6.049273493783497
-0.43223395566425893
-5.350386035745922
-8.91565222369177
9.448892974660888
5.970207479819178
-18.049189958892686
-5.60909404511899
4.903176201361616
7.97005636881222
15.177104911235773
0.09416765128717891
-11.404851028140412
0.22609699473865685
22.717490836189533
8.873285711171683
7.3828217795348365
-31.559493610522942
8.548018931764153
31.077619506367142
-16.918749564909795
-17.563661923606524
9.968713400776792
-5.848297167450261
-16.46809967496028
6.98641739917602
1.2674325071476091
-16.201971562025648
-2.8617391520097706
9.249710746432703
5.94732952121644
-16.84199775381922
17.100819134417637
6.139981964648506
6.081745843090539
-26.850623307292587
-12.416318374525074
23.439685320325612
-3.824245019551007
15.732433143944403
-28.85400277223627
0.6355226061170418
-9.676857957000069
1.1580173997760315
-20.015027379702268
9.072627093707165
3.1181537908294983
11.490268683753207
-18.127209782203497
3.3300787906451332
-11.960861892840043
7.018738660519055
11.271748991992174
22.